May 06 12:56:48 obpc systemd[1]: Starting aorus-5090-uvm-keepalive.service - AORUS RTX 5090 eGPU UVM keep-alive (close-path bug mitigation)...
May 06 12:56:48 obpc systemd[1]: Started aorus-5090-uvm-keepalive.service - AORUS RTX 5090 eGPU UVM keep-alive (close-path bug mitigation).
May 06 12:56:48 obpc aorus-5090-uvm-keepalive[1395]: aorus-5090-uvm-keepalive: holding fd 3 -> /dev/nvidia-uvm, fd 4 -> /dev/nvidia-uvm-tools
May 06 12:56:48 obpc systemd[1]: Stopping aorus-5090-uvm-keepalive.service - AORUS RTX 5090 eGPU UVM keep-alive (close-path bug mitigation)...
May 06 12:56:48 obpc systemd[1]: aorus-5090-uvm-keepalive.service: Deactivated successfully.
May 06 12:56:48 obpc systemd[1]: Stopped aorus-5090-uvm-keepalive.service - AORUS RTX 5090 eGPU UVM keep-alive (close-path bug mitigation).
May 06 12:57:01 obpc systemd[1]: Starting aorus-5090-uvm-keepalive.service - AORUS RTX 5090 eGPU UVM keep-alive (close-path bug mitigation)...
May 06 12:57:01 obpc systemd[1]: Started aorus-5090-uvm-keepalive.service - AORUS RTX 5090 eGPU UVM keep-alive (close-path bug mitigation).
May 06 12:57:01 obpc aorus-5090-uvm-keepalive[4447]: aorus-5090-uvm-keepalive: holding fd 3 -> /dev/nvidia-uvm, fd 4 -> /dev/nvidia-uvm-tools
May 06 12:57:06 obpc systemd[1]: Stopping aorus-5090-uvm-keepalive.service - AORUS RTX 5090 eGPU UVM keep-alive (close-path bug mitigation)...
May 06 12:57:06 obpc systemd[1]: aorus-5090-uvm-keepalive.service: Deactivated successfully.
May 06 12:57:06 obpc systemd[1]: Stopped aorus-5090-uvm-keepalive.service - AORUS RTX 5090 eGPU UVM keep-alive (close-path bug mitigation).
May 06 12:57:18 obpc systemd[1]: Starting aorus-5090-uvm-keepalive.service - AORUS RTX 5090 eGPU UVM keep-alive (close-path bug mitigation)...
May 06 12:57:18 obpc systemd[1]: Started aorus-5090-uvm-keepalive.service - AORUS RTX 5090 eGPU UVM keep-alive (close-path bug mitigation).
May 06 12:57:18 obpc aorus-5090-uvm-keepalive[4634]: aorus-5090-uvm-keepalive: holding fd 3 -> /dev/nvidia-uvm, fd 4 -> /dev/nvidia-uvm-tools
May 06 12:57:23 obpc systemd[1]: Stopping aorus-5090-uvm-keepalive.service - AORUS RTX 5090 eGPU UVM keep-alive (close-path bug mitigation)...
May 06 12:57:23 obpc systemd[1]: aorus-5090-uvm-keepalive.service: Deactivated successfully.
May 06 12:57:23 obpc systemd[1]: Stopped aorus-5090-uvm-keepalive.service - AORUS RTX 5090 eGPU UVM keep-alive (close-path bug mitigation).
May 06 12:57:35 obpc systemd[1]: Starting aorus-5090-uvm-keepalive.service - AORUS RTX 5090 eGPU UVM keep-alive (close-path bug mitigation)...
May 06 12:57:35 obpc systemd[1]: Started aorus-5090-uvm-keepalive.service - AORUS RTX 5090 eGPU UVM keep-alive (close-path bug mitigation).
May 06 12:57:35 obpc aorus-5090-uvm-keepalive[5353]: aorus-5090-uvm-keepalive: holding fd 3 -> /dev/nvidia-uvm, fd 4 -> /dev/nvidia-uvm-tools
