May 06 12:56:47 obpc systemd[1]: Starting aorus-5090-pcie-tune.service - AORUS RTX 5090 eGPU PCIe Completion Timeout tuning (H9a)...
May 06 12:56:47 obpc aorus-5090-pcie-tune[1287]: [aorus-pcie-tune] 0000:00:07.0: DevCtl2 0x0400 -> 0x0402 (CTV 0 -> 2)
May 06 12:56:47 obpc aorus-5090-pcie-tune[1287]: [aorus-pcie-tune] 0000:04:00.0: DevCtl2 0x0400 -> 0x0402 (CTV 0 -> 2)
May 06 12:56:47 obpc aorus-5090-pcie-tune[1287]: [aorus-pcie-tune] applied: state saved to /var/lib/aorus-egpu/pcie-tune-original.txt
May 06 12:56:47 obpc systemd[1]: Finished aorus-5090-pcie-tune.service - AORUS RTX 5090 eGPU PCIe Completion Timeout tuning (H9a).
May 06 12:56:54 obpc systemd[1]: Stopping aorus-5090-pcie-tune.service - AORUS RTX 5090 eGPU PCIe Completion Timeout tuning (H9a)...
May 06 12:56:54 obpc aorus-5090-pcie-tune[1473]: [aorus-pcie-tune] 0000:00:07.0: restored DevCtl2 0x0402 -> 0x0400 (target 0x0400)
May 06 12:56:54 obpc aorus-5090-pcie-tune[1473]: [aorus-pcie-tune] 0000:04:00.0: restored DevCtl2 0x0402 -> 0x0400 (target 0x0400)
May 06 12:56:54 obpc systemd[1]: aorus-5090-pcie-tune.service: Deactivated successfully.
May 06 12:56:54 obpc systemd[1]: Stopped aorus-5090-pcie-tune.service - AORUS RTX 5090 eGPU PCIe Completion Timeout tuning (H9a).
May 06 12:56:58 obpc systemd[1]: Starting aorus-5090-pcie-tune.service - AORUS RTX 5090 eGPU PCIe Completion Timeout tuning (H9a)...
May 06 12:56:58 obpc aorus-5090-pcie-tune[4186]: [aorus-pcie-tune] 0000:00:07.0: DevCtl2 0x0400 -> 0x0402 (CTV 0 -> 2)
May 06 12:56:58 obpc aorus-5090-pcie-tune[4186]: [aorus-pcie-tune] 0000:04:00.0: DevCtl2 0x0400 -> 0x0402 (CTV 0 -> 2)
May 06 12:56:58 obpc aorus-5090-pcie-tune[4186]: [aorus-pcie-tune] applied: state saved to /var/lib/aorus-egpu/pcie-tune-original.txt
May 06 12:56:58 obpc systemd[1]: Finished aorus-5090-pcie-tune.service - AORUS RTX 5090 eGPU PCIe Completion Timeout tuning (H9a).
May 06 12:57:12 obpc systemd[1]: Stopping aorus-5090-pcie-tune.service - AORUS RTX 5090 eGPU PCIe Completion Timeout tuning (H9a)...
May 06 12:57:12 obpc aorus-5090-pcie-tune[4521]: [aorus-pcie-tune] 0000:00:07.0: restored DevCtl2 0x0402 -> 0x0400 (target 0x0400)
May 06 12:57:12 obpc aorus-5090-pcie-tune[4521]: [aorus-pcie-tune] 0000:04:00.0: restored DevCtl2 0x0402 -> 0x0400 (target 0x0400)
May 06 12:57:12 obpc systemd[1]: aorus-5090-pcie-tune.service: Deactivated successfully.
May 06 12:57:12 obpc systemd[1]: Stopped aorus-5090-pcie-tune.service - AORUS RTX 5090 eGPU PCIe Completion Timeout tuning (H9a).
May 06 12:57:15 obpc systemd[1]: Starting aorus-5090-pcie-tune.service - AORUS RTX 5090 eGPU PCIe Completion Timeout tuning (H9a)...
May 06 12:57:15 obpc aorus-5090-pcie-tune[4571]: [aorus-pcie-tune] 0000:00:07.0: DevCtl2 0x0400 -> 0x0402 (CTV 0 -> 2)
May 06 12:57:15 obpc aorus-5090-pcie-tune[4571]: [aorus-pcie-tune] 0000:04:00.0: DevCtl2 0x0400 -> 0x0402 (CTV 0 -> 2)
May 06 12:57:15 obpc aorus-5090-pcie-tune[4571]: [aorus-pcie-tune] applied: state saved to /var/lib/aorus-egpu/pcie-tune-original.txt
May 06 12:57:15 obpc systemd[1]: Finished aorus-5090-pcie-tune.service - AORUS RTX 5090 eGPU PCIe Completion Timeout tuning (H9a).
May 06 12:57:29 obpc systemd[1]: Stopping aorus-5090-pcie-tune.service - AORUS RTX 5090 eGPU PCIe Completion Timeout tuning (H9a)...
May 06 12:57:29 obpc aorus-5090-pcie-tune[4728]: [aorus-pcie-tune] 0000:00:07.0: restored DevCtl2 0x0402 -> 0x0400 (target 0x0400)
May 06 12:57:29 obpc aorus-pcie-tune[4740]: 0000:04:00.0: restored DevCtl2 0x0402 -> 0x0400 (target 0x0400)
May 06 12:57:29 obpc aorus-5090-pcie-tune[4728]: [aorus-pcie-tune] 0000:04:00.0: restored DevCtl2 0x0402 -> 0x0400 (target 0x0400)
May 06 12:57:29 obpc systemd[1]: aorus-5090-pcie-tune.service: Deactivated successfully.
May 06 12:57:29 obpc systemd[1]: Stopped aorus-5090-pcie-tune.service - AORUS RTX 5090 eGPU PCIe Completion Timeout tuning (H9a).
May 06 12:57:32 obpc systemd[1]: Starting aorus-5090-pcie-tune.service - AORUS RTX 5090 eGPU PCIe Completion Timeout tuning (H9a)...
May 06 12:57:32 obpc aorus-5090-pcie-tune[4899]: [aorus-pcie-tune] 0000:00:07.0: DevCtl2 0x0400 -> 0x0402 (CTV 0 -> 2)
May 06 12:57:32 obpc aorus-5090-pcie-tune[4899]: [aorus-pcie-tune] 0000:04:00.0: DevCtl2 0x0400 -> 0x0402 (CTV 0 -> 2)
May 06 12:57:32 obpc aorus-5090-pcie-tune[4899]: [aorus-pcie-tune] applied: state saved to /var/lib/aorus-egpu/pcie-tune-original.txt
May 06 12:57:32 obpc systemd[1]: Finished aorus-5090-pcie-tune.service - AORUS RTX 5090 eGPU PCIe Completion Timeout tuning (H9a).
