=== chronological correlated events: kernel NVRM + helper journal ===
May 06 22:56:41 obpc kernel: pci 0000:04:00.0: [10de:2b85] type 00 class 0x030000 PCIe Legacy Endpoint
May 06 22:56:41 obpc kernel: pci 0000:04:00.0: BAR 0 [mem 0x80000000-0x83ffffff]
May 06 22:56:41 obpc kernel: pci 0000:04:00.0: BAR 1 [mem 0x4000000000-0x47ffffffff 64bit pref]
May 06 22:56:41 obpc kernel: pci 0000:04:00.0: BAR 3 [mem 0x4812000000-0x4813ffffff 64bit pref]
May 06 22:56:41 obpc kernel: pci 0000:04:00.0: BAR 5 [io  0x3000-0x307f]
May 06 22:56:41 obpc kernel: pci 0000:04:00.0: ROM [mem 0x84000000-0x8407ffff pref]
May 06 22:56:41 obpc kernel: pci 0000:04:00.0: Enabling HDA controller
May 06 22:56:41 obpc kernel: pci 0000:04:00.0: PME# supported from D0 D3hot
May 06 22:56:41 obpc kernel: pci 0000:04:00.0: VF BAR 0 [mem 0x4814000000-0x481403ffff 64bit pref]
May 06 22:56:41 obpc kernel: pci 0000:04:00.0: VF BAR 0 [mem 0x4814000000-0x481403ffff 64bit pref]: contains BAR 0 for 1 VFs
May 06 22:56:41 obpc kernel: pci 0000:04:00.0: VF BAR 2 [mem 0x4800000000-0x480fffffff 64bit pref]
May 06 22:56:41 obpc kernel: pci 0000:04:00.0: VF BAR 2 [mem 0x4800000000-0x480fffffff 64bit pref]: contains BAR 2 for 1 VFs
May 06 22:56:41 obpc kernel: pci 0000:04:00.0: VF BAR 4 [mem 0x4810000000-0x4811ffffff 64bit pref]
May 06 22:56:41 obpc kernel: pci 0000:04:00.0: VF BAR 4 [mem 0x4810000000-0x4811ffffff 64bit pref]: contains BAR 4 for 1 VFs
May 06 22:56:41 obpc kernel: pci 0000:04:00.0: 8.000 Gb/s available PCIe bandwidth, limited by 2.5 GT/s PCIe x4 link at 0000:00:07.0 (capable of 504.112 Gb/s with 32.0 GT/s PCIe x16 link)
May 06 22:56:41 obpc kernel: pci 0000:04:00.0: Max Payload Size set to  128/ 256 (was  128), Max Read Rq  128
May 06 22:56:41 obpc kernel: pci 0000:04:00.0: BAR 0 [mem 0x80000000-0x83ffffff]: can't claim; no compatible bridge window
May 06 22:56:41 obpc kernel: pci 0000:04:00.0: BAR 1 [mem 0x4000000000-0x47ffffffff 64bit pref]: can't claim; no compatible bridge window
May 06 22:56:41 obpc kernel: pci 0000:04:00.0: BAR 3 [mem 0x4812000000-0x4813ffffff 64bit pref]: can't claim; no compatible bridge window
May 06 22:56:41 obpc kernel: pci 0000:04:00.0: VF BAR 0 [mem 0x4814000000-0x481403ffff 64bit pref]: can't claim; no compatible bridge window
May 06 22:56:41 obpc kernel: pci 0000:04:00.0: VF BAR 2 [mem 0x4800000000-0x480fffffff 64bit pref]: can't claim; no compatible bridge window
May 06 22:56:41 obpc kernel: pci 0000:04:00.0: VF BAR 4 [mem 0x4810000000-0x4811ffffff 64bit pref]: can't claim; no compatible bridge window
May 06 22:56:41 obpc kernel: pci 0000:04:00.0: vgaarb: bridge control possible
May 06 22:56:41 obpc kernel: pci 0000:04:00.0: vgaarb: VGA device added: decodes=io+mem,owns=none,locks=none
May 06 22:56:41 obpc kernel: pci 0000:04:00.0: ROM [mem 0x84000000-0x8407ffff pref]: can't claim; no compatible bridge window
May 06 22:56:41 obpc kernel: pci 0000:04:00.0: BAR 1 [mem 0x4000000000-0x47ffffffff 64bit pref]: assigned
May 06 22:56:41 obpc kernel: pci 0000:04:00.0: VF BAR 2 [mem 0x4800000000-0x480fffffff 64bit pref]: assigned
May 06 22:56:41 obpc kernel: pci 0000:04:00.0: BAR 0 [mem 0x80000000-0x83ffffff]: assigned
May 06 22:56:41 obpc kernel: pci 0000:04:00.0: BAR 3 [mem 0x4810000000-0x4811ffffff 64bit pref]: assigned
May 06 22:56:41 obpc kernel: pci 0000:04:00.0: VF BAR 4 [mem 0x4812000000-0x4813ffffff 64bit pref]: assigned
May 06 22:56:41 obpc kernel: pci 0000:04:00.0: ROM [mem 0x84000000-0x8407ffff pref]: assigned
May 06 22:56:41 obpc kernel: pci 0000:04:00.0: VF BAR 0 [mem 0x4814000000-0x481403ffff 64bit pref]: assigned
May 06 22:56:41 obpc kernel: pci 0000:04:00.0: Adding to iommu group 22
May 06 12:56:46 obpc kernel: nvidia 0000:04:00.0: enabling device (0000 -> 0003)
May 06 12:56:46 obpc kernel: nvidia 0000:04:00.0: vgaarb: VGA decodes changed: olddecodes=io+mem,decodes=none:owns=none
May 06 12:56:46 obpc kernel: NVRM: loading NVIDIA UNIX Open Kernel Module for x86_64  595.71.05  Release Build  (root@obpc)  Wed May  6 12:22:19 PM AEST 2026
May 06 12:56:48 obpc kernel: NVRM: GPU0 osDevReadReg032: AORUS Lever Q-active: dead-bus DETECTED via post-read sanity check
May 06 12:56:48 obpc kernel: NVRM: GPU0 osDevReadReg032: AORUS Lever Q-passive: dead-bus state detected at offset 0x00000000; source: os_pci_disconnected=1, gpu_is_lost=1; short-circuiting subsequent MMIO reads with 0xFFFFFFFF
May 06 12:56:48 obpc kernel: NVRM: GPU0 nvAssertFailedNoLog: Assertion failed: expectedFunc == pHistoryEntry->function @ kernel_gsp.c:2447
May 06 12:56:48 obpc kernel: NVRM: GPU0 _kgspLogRpcSanityCheckFailure: GPU0 sanity check failed 0xf waiting for RPC response from GSP. Expected function 4097 (GSP_INIT_DONE) sequence 0 (0x0 0x0).
May 06 12:56:48 obpc kernel: NVRM: GPU0 GSP RPC buffer contains function 4124 (GSP_LOCKDOWN_NOTICE) sequence 0 and data 0x0000000000000000 0x0000000000000000.
May 06 12:56:48 obpc kernel: NVRM: GPU0 RPC history (CPU -> GSP):
May 06 12:56:48 obpc kernel: NVRM:     entry function                     sequence data0              data1              ts_start           ts_end             duration actively_polling
May 06 12:56:48 obpc kernel: NVRM:      0    73   SET_REGISTRY                   0 0x0000000000000000 0x0000000000000000 0x0006511d50883342 0x0000000000000000          y
May 06 12:56:48 obpc kernel: NVRM:     -1    72   GSP_SET_SYSTEM_INFO            0 0x0000000000000000 0x0000000000000000 0x0006511d50883340 0x0000000000000000           
May 06 12:56:48 obpc kernel: NVRM: GPU0 RPC event history (CPU <- GSP):
May 06 12:56:48 obpc kernel: NVRM:     entry function                     sequence data0              data1              ts_start           ts_end             duration during_incomplete_rpc
May 06 12:56:48 obpc kernel: NVRM:      0    4124 GSP_LOCKDOWN_NOTICE            0 0x0000000000000000 0x0000000000000000 0x0006511d5092c856 0x0006511d5092c856          y
May 06 12:56:48 obpc kernel: NVRM:     -1    4124 GSP_LOCKDOWN_NOTICE            0 0x0000000000000001 0x0000000000000000 0x0006511d5092b41f 0x0006511d5092b41f          y
May 06 12:56:48 obpc kernel: NVRM:     -2    4124 GSP_LOCKDOWN_NOTICE            0 0x0000000000000000 0x0000000000000000 0x0006511d5092b320 0x0006511d5092b320          y
May 06 12:56:48 obpc kernel: NVRM:     -3    4124 GSP_LOCKDOWN_NOTICE            0 0x0000000000000001 0x0000000000000000 0x0006511d5092af71 0x0006511d5092af72      1us y
May 06 12:56:48 obpc kernel: NVRM:     -4    4124 GSP_LOCKDOWN_NOTICE            0 0x0000000000000000 0x0000000000000000 0x0006511d5091466f 0x0006511d5091466f          y
May 06 12:56:48 obpc kernel: NVRM:     -5    4124 GSP_LOCKDOWN_NOTICE            0 0x0000000000000001 0x0000000000000000 0x0006511d509145e6 0x0006511d509145e6          y
May 06 12:56:48 obpc kernel: NVRM:     -6    4124 GSP_LOCKDOWN_NOTICE            0 0x0000000000000000 0x0000000000000000 0x0006511d5091366e 0x0006511d5091366e          y
May 06 12:56:48 obpc kernel: NVRM:     -7    4124 GSP_LOCKDOWN_NOTICE            0 0x0000000000000001 0x0000000000000000 0x0006511d50911e6f 0x0006511d50911e6f          y
May 06 12:56:48 obpc kernel:  kgspBootstrap_GH100+0x3ca/0xbef [nvidia]
May 06 12:56:48 obpc kernel:  RmInitAdapter+0x11b2/0x21c0 [nvidia]
May 06 12:56:48 obpc kernel: NVRM: GPU0 nvCheckOkFailedNoLog: Check failed: GPU lost from the bus [NV_ERR_GPU_IS_LOST] (0x0000000F) returned from rpcRecvPoll(pGpu, pRpc, NV_VGPU_MSG_EVENT_GSP_INIT_DONE, 0) @ kernel_gsp.c:6104
May 06 12:56:48 obpc kernel: NVRM: GPU0 nvAssertOkFailedNoLog: Assertion failed: GPU lost from the bus [NV_ERR_GPU_IS_LOST] (0x0000000F) returned from kgspWaitForRmInitDone(pGpu, pKernelGsp) @ kernel_gsp_gh100.c:1107
May 06 12:56:48 obpc kernel: NVRM: GPU0 _kgspBootGspRm: unexpected WPR2 already up, cannot proceed with booting GSP
May 06 12:56:48 obpc kernel: NVRM: GPU0 _kgspBootGspRm: (the GPU is likely in a bad state and may need to be reset)
May 06 12:56:48 obpc kernel: NVRM: GPU0 RmInitAdapter: Cannot initialize GSP firmware RM
May 06 12:56:48 obpc kernel: NVRM: GPU0 iovaspaceDestruct_IMPL: 1 left-over mappings in IOVAS 0x400
May 06 12:56:48 obpc kernel: NVRM: GPU 0000:04:00.0: RmInitAdapter failed! (0x62:0x40:2192)
May 06 12:56:48 obpc kernel: NVRM: GPU 0000:04:00.0: rm_init_adapter failed, device minor number 0
May 06 12:56:48 obpc kernel: NVRM: GPU0 confComputeConstructEngine_IMPL: CPU does not support confidential compute.
May 06 12:56:48 obpc kernel: NVRM: GPU0 nvAssertFailedNoLog: Assertion failed: 0 @ conf_compute.c:162
May 06 12:56:48 obpc kernel: NVRM: GPU0 nvAssertFailedNoLog: Assertion failed: 0 @ gpu_device_mapping.c:277
May 06 12:56:48 obpc kernel: NVRM: GPU0 gpuSanityCheck_IMPL: Failed test flags: 0x1
May 06 12:56:48 obpc kernel: NVRM: osInitNvMapping: *** Cannot attach gpu
May 06 12:56:48 obpc kernel: NVRM: RmInitAdapter: osInitNvMapping failed, bailing out of RmInitAdapter
May 06 12:56:48 obpc kernel: NVRM: GPU 0000:04:00.0: RmInitAdapter failed! (0x22:0x38:918)
May 06 12:56:48 obpc kernel: NVRM: GPU 0000:04:00.0: rm_init_adapter failed, device minor number 0
May 06 12:56:50 obpc kernel: pci 0000:04:00.0: [10de:2b85] type 00 class 0x030000 PCIe Legacy Endpoint
May 06 12:56:50 obpc kernel: pci 0000:04:00.0: BAR 0 [mem 0x80000000-0x83ffffff]
May 06 12:56:50 obpc kernel: pci 0000:04:00.0: BAR 1 [mem 0x4000000000-0x47ffffffff 64bit pref]
May 06 12:56:50 obpc kernel: pci 0000:04:00.0: BAR 3 [mem 0x4810000000-0x4811ffffff 64bit pref]
May 06 12:56:50 obpc kernel: pci 0000:04:00.0: BAR 5 [io  0x3000-0x307f]
May 06 12:56:50 obpc kernel: pci 0000:04:00.0: ROM [mem 0x84000000-0x8407ffff pref]
May 06 12:56:50 obpc kernel: pci 0000:04:00.0: Enabling HDA controller
May 06 12:56:50 obpc kernel: pci 0000:04:00.0: PME# supported from D0 D3hot
May 06 12:56:50 obpc kernel: pci 0000:04:00.0: VF BAR 0 [mem 0x4814000000-0x481403ffff 64bit pref]
May 06 12:56:50 obpc kernel: pci 0000:04:00.0: VF BAR 0 [mem 0x4814000000-0x481403ffff 64bit pref]: contains BAR 0 for 1 VFs
May 06 12:56:50 obpc kernel: pci 0000:04:00.0: VF BAR 2 [mem 0x4800000000-0x480fffffff 64bit pref]
May 06 12:56:50 obpc kernel: pci 0000:04:00.0: VF BAR 2 [mem 0x4800000000-0x480fffffff 64bit pref]: contains BAR 2 for 1 VFs
May 06 12:56:50 obpc kernel: pci 0000:04:00.0: VF BAR 4 [mem 0x4812000000-0x4813ffffff 64bit pref]
May 06 12:56:50 obpc kernel: pci 0000:04:00.0: VF BAR 4 [mem 0x4812000000-0x4813ffffff 64bit pref]: contains BAR 4 for 1 VFs
May 06 12:56:50 obpc kernel: pci 0000:04:00.0: 8.000 Gb/s available PCIe bandwidth, limited by 2.5 GT/s PCIe x4 link at 0000:00:07.0 (capable of 504.112 Gb/s with 32.0 GT/s PCIe x16 link)
May 06 12:56:50 obpc kernel: pci 0000:04:00.0: Adding to iommu group 22
May 06 12:56:50 obpc kernel: pci 0000:04:00.0: vgaarb: bridge control possible
May 06 12:56:50 obpc kernel: pci 0000:04:00.0: vgaarb: VGA device added: decodes=io+mem,owns=none,locks=none
May 06 12:56:50 obpc kernel: pci 0000:04:00.0: BAR 1 [mem 0x4000000000-0x47ffffffff 64bit pref]: assigned
May 06 12:56:50 obpc kernel: pci 0000:04:00.0: VF BAR 2 [mem 0x4800000000-0x480fffffff 64bit pref]: assigned
May 06 12:56:50 obpc kernel: pci 0000:04:00.0: BAR 0 [mem 0x80000000-0x83ffffff]: assigned
May 06 12:56:50 obpc kernel: pci 0000:04:00.0: BAR 3 [mem 0x4810000000-0x4811ffffff 64bit pref]: assigned
May 06 12:56:50 obpc kernel: pci 0000:04:00.0: VF BAR 4 [mem 0x4812000000-0x4813ffffff 64bit pref]: assigned
May 06 12:56:50 obpc kernel: pci 0000:04:00.0: ROM [mem 0x84000000-0x8407ffff pref]: assigned
May 06 12:56:50 obpc kernel: pci 0000:04:00.0: VF BAR 0 [mem 0x4814000000-0x481403ffff 64bit pref]: assigned
May 06 12:56:50 obpc kernel: pci 0000:04:00.0: BAR 5 [io  0x3000-0x307f]: assigned
May 06 12:56:54 obpc kernel: nvidia 0000:04:00.0: vgaarb: VGA decodes changed: olddecodes=io+mem,decodes=none:owns=none
May 06 12:56:57 obpc kernel: NVRM: loading NVIDIA UNIX Open Kernel Module for x86_64  595.71.05  Release Build  (root@obpc)  Wed May  6 12:22:19 PM AEST 2026
May 06 12:57:01 obpc kernel: NVRM: GPU0 osDevReadReg032: AORUS Lever Q-active: dead-bus DETECTED via post-read sanity check
May 06 12:57:01 obpc kernel: NVRM: GPU0 osDevReadReg032: AORUS Lever Q-passive: dead-bus state detected at offset 0x00000000; source: os_pci_disconnected=1, gpu_is_lost=1; short-circuiting subsequent MMIO reads with 0xFFFFFFFF
May 06 12:57:01 obpc kernel: NVRM: GPU0 nvAssertFailedNoLog: Assertion failed: expectedFunc == pHistoryEntry->function @ kernel_gsp.c:2447
May 06 12:57:01 obpc kernel: NVRM: GPU0 _kgspLogRpcSanityCheckFailure: GPU0 sanity check failed 0xf waiting for RPC response from GSP. Expected function 4097 (GSP_INIT_DONE) sequence 0 (0x0 0x0).
May 06 12:57:01 obpc kernel: NVRM: GPU0 GSP RPC buffer contains function 4124 (GSP_LOCKDOWN_NOTICE) sequence 0 and data 0x0000000000000000 0x0000000000000000.
May 06 12:57:01 obpc kernel: NVRM: GPU0 RPC history (CPU -> GSP):
May 06 12:57:01 obpc kernel: NVRM:     entry function                     sequence data0              data1              ts_start           ts_end             duration actively_polling
May 06 12:57:01 obpc kernel: NVRM:      0    73   SET_REGISTRY                   0 0x0000000000000000 0x0000000000000000 0x0006511d514f7126 0x0000000000000000          y
May 06 12:57:01 obpc kernel: NVRM:     -1    72   GSP_SET_SYSTEM_INFO            0 0x0000000000000000 0x0000000000000000 0x0006511d514f7125 0x0000000000000000           
May 06 12:57:01 obpc kernel: NVRM: GPU0 RPC event history (CPU <- GSP):
May 06 12:57:01 obpc kernel: NVRM:     entry function                     sequence data0              data1              ts_start           ts_end             duration during_incomplete_rpc
May 06 12:57:01 obpc kernel: NVRM:      0    4124 GSP_LOCKDOWN_NOTICE            0 0x0000000000000000 0x0000000000000000 0x0006511d515a370d 0x0006511d515a370d          y
May 06 12:57:01 obpc kernel: NVRM:     -1    4124 GSP_LOCKDOWN_NOTICE            0 0x0000000000000001 0x0000000000000000 0x0006511d515a22b7 0x0006511d515a22b7          y
May 06 12:57:01 obpc kernel: NVRM:     -2    4124 GSP_LOCKDOWN_NOTICE            0 0x0000000000000000 0x0000000000000000 0x0006511d515a21b4 0x0006511d515a21b4          y
May 06 12:57:01 obpc kernel: NVRM:     -3    4124 GSP_LOCKDOWN_NOTICE            0 0x0000000000000001 0x0000000000000000 0x0006511d515a1dfb 0x0006511d515a1dfb          y
May 06 12:57:01 obpc kernel: NVRM:     -4    4124 GSP_LOCKDOWN_NOTICE            0 0x0000000000000000 0x0000000000000000 0x0006511d5158b20e 0x0006511d5158b20e          y
May 06 12:57:01 obpc kernel: NVRM:     -5    4124 GSP_LOCKDOWN_NOTICE            0 0x0000000000000001 0x0000000000000000 0x0006511d5158b180 0x0006511d5158b180          y
May 06 12:57:01 obpc kernel: NVRM:     -6    4124 GSP_LOCKDOWN_NOTICE            0 0x0000000000000000 0x0000000000000000 0x0006511d5158a1ea 0x0006511d5158a1ea          y
May 06 12:57:01 obpc kernel: NVRM:     -7    4124 GSP_LOCKDOWN_NOTICE            0 0x0000000000000001 0x0000000000000000 0x0006511d51583c72 0x0006511d51583c72          y
May 06 12:57:01 obpc kernel:  kgspBootstrap_GH100+0x3ca/0xbef [nvidia]
May 06 12:57:01 obpc kernel:  RmInitAdapter+0x11b2/0x21c0 [nvidia]
May 06 12:57:01 obpc kernel: NVRM: GPU0 nvCheckOkFailedNoLog: Check failed: GPU lost from the bus [NV_ERR_GPU_IS_LOST] (0x0000000F) returned from rpcRecvPoll(pGpu, pRpc, NV_VGPU_MSG_EVENT_GSP_INIT_DONE, 0) @ kernel_gsp.c:6104
May 06 12:57:01 obpc kernel: NVRM: GPU0 nvAssertOkFailedNoLog: Assertion failed: GPU lost from the bus [NV_ERR_GPU_IS_LOST] (0x0000000F) returned from kgspWaitForRmInitDone(pGpu, pKernelGsp) @ kernel_gsp_gh100.c:1107
May 06 12:57:01 obpc kernel: NVRM: GPU0 _kgspBootGspRm: unexpected WPR2 already up, cannot proceed with booting GSP
May 06 12:57:01 obpc kernel: NVRM: GPU0 _kgspBootGspRm: (the GPU is likely in a bad state and may need to be reset)
May 06 12:57:01 obpc kernel: NVRM: GPU0 RmInitAdapter: Cannot initialize GSP firmware RM
May 06 12:57:01 obpc kernel: NVRM: GPU0 iovaspaceDestruct_IMPL: 1 left-over mappings in IOVAS 0x400
May 06 12:57:01 obpc kernel: NVRM: GPU 0000:04:00.0: RmInitAdapter failed! (0x62:0x40:2192)
May 06 12:57:01 obpc kernel: NVRM: GPU 0000:04:00.0: rm_init_adapter failed, device minor number 0
May 06 12:57:01 obpc kernel: NVRM: GPU0 confComputeConstructEngine_IMPL: CPU does not support confidential compute.
May 06 12:57:01 obpc kernel: NVRM: GPU0 nvAssertFailedNoLog: Assertion failed: 0 @ conf_compute.c:162
May 06 12:57:01 obpc kernel: NVRM: GPU0 nvAssertFailedNoLog: Assertion failed: 0 @ gpu_device_mapping.c:277
May 06 12:57:01 obpc kernel: NVRM: GPU0 gpuSanityCheck_IMPL: Failed test flags: 0x1
May 06 12:57:01 obpc kernel: NVRM: osInitNvMapping: *** Cannot attach gpu
May 06 12:57:01 obpc kernel: NVRM: RmInitAdapter: osInitNvMapping failed, bailing out of RmInitAdapter
May 06 12:57:01 obpc kernel: NVRM: GPU 0000:04:00.0: RmInitAdapter failed! (0x22:0x38:918)
May 06 12:57:01 obpc kernel: NVRM: GPU 0000:04:00.0: rm_init_adapter failed, device minor number 0
May 06 12:57:08 obpc kernel: pci 0000:04:00.0: [10de:2b85] type 00 class 0x030000 PCIe Legacy Endpoint
May 06 12:57:08 obpc kernel: pci 0000:04:00.0: BAR 0 [mem 0x80000000-0x83ffffff]
May 06 12:57:08 obpc kernel: pci 0000:04:00.0: BAR 1 [mem 0x4000000000-0x47ffffffff 64bit pref]
May 06 12:57:08 obpc kernel: pci 0000:04:00.0: BAR 3 [mem 0x4810000000-0x4811ffffff 64bit pref]
May 06 12:57:08 obpc kernel: pci 0000:04:00.0: BAR 5 [io  0x3000-0x307f]
May 06 12:57:08 obpc kernel: pci 0000:04:00.0: ROM [mem 0x84000000-0x8407ffff pref]
May 06 12:57:08 obpc kernel: pci 0000:04:00.0: Enabling HDA controller
May 06 12:57:08 obpc kernel: pci 0000:04:00.0: PME# supported from D0 D3hot
May 06 12:57:08 obpc kernel: pci 0000:04:00.0: VF BAR 0 [mem 0x4814000000-0x481403ffff 64bit pref]
May 06 12:57:08 obpc kernel: pci 0000:04:00.0: VF BAR 0 [mem 0x4814000000-0x481403ffff 64bit pref]: contains BAR 0 for 1 VFs
May 06 12:57:08 obpc kernel: pci 0000:04:00.0: VF BAR 2 [mem 0x4800000000-0x480fffffff 64bit pref]
May 06 12:57:08 obpc kernel: pci 0000:04:00.0: VF BAR 2 [mem 0x4800000000-0x480fffffff 64bit pref]: contains BAR 2 for 1 VFs
May 06 12:57:08 obpc kernel: pci 0000:04:00.0: VF BAR 4 [mem 0x4812000000-0x4813ffffff 64bit pref]
May 06 12:57:08 obpc kernel: pci 0000:04:00.0: VF BAR 4 [mem 0x4812000000-0x4813ffffff 64bit pref]: contains BAR 4 for 1 VFs
May 06 12:57:08 obpc kernel: pci 0000:04:00.0: 8.000 Gb/s available PCIe bandwidth, limited by 2.5 GT/s PCIe x4 link at 0000:00:07.0 (capable of 504.112 Gb/s with 32.0 GT/s PCIe x16 link)
May 06 12:57:08 obpc kernel: pci 0000:04:00.0: Adding to iommu group 22
May 06 12:57:08 obpc kernel: pci 0000:04:00.0: vgaarb: bridge control possible
May 06 12:57:08 obpc kernel: pci 0000:04:00.0: vgaarb: VGA device added: decodes=io+mem,owns=none,locks=none
May 06 12:57:08 obpc kernel: pci 0000:04:00.0: BAR 1 [mem 0x4000000000-0x47ffffffff 64bit pref]: assigned
May 06 12:57:08 obpc kernel: pci 0000:04:00.0: VF BAR 2 [mem 0x4800000000-0x480fffffff 64bit pref]: assigned
May 06 12:57:08 obpc kernel: pci 0000:04:00.0: BAR 0 [mem 0x80000000-0x83ffffff]: assigned
May 06 12:57:08 obpc kernel: pci 0000:04:00.0: BAR 3 [mem 0x4810000000-0x4811ffffff 64bit pref]: assigned
May 06 12:57:08 obpc kernel: pci 0000:04:00.0: VF BAR 4 [mem 0x4812000000-0x4813ffffff 64bit pref]: assigned
May 06 12:57:08 obpc kernel: pci 0000:04:00.0: ROM [mem 0x84000000-0x8407ffff pref]: assigned
May 06 12:57:08 obpc kernel: pci 0000:04:00.0: VF BAR 0 [mem 0x4814000000-0x481403ffff 64bit pref]: assigned
May 06 12:57:08 obpc kernel: pci 0000:04:00.0: BAR 5 [io  0x3000-0x307f]: assigned
May 06 12:57:12 obpc kernel: nvidia 0000:04:00.0: vgaarb: VGA decodes changed: olddecodes=io+mem,decodes=none:owns=none
May 06 12:57:15 obpc kernel: NVRM: loading NVIDIA UNIX Open Kernel Module for x86_64  595.71.05  Release Build  (root@obpc)  Wed May  6 12:22:19 PM AEST 2026
May 06 12:57:17 obpc kernel: NVRM: GPU0 osDevReadReg032: AORUS Lever Q-active: dead-bus DETECTED via post-read sanity check
May 06 12:57:17 obpc kernel: NVRM: GPU0 osDevReadReg032: AORUS Lever Q-passive: dead-bus state detected at offset 0x00000000; source: os_pci_disconnected=1, gpu_is_lost=1; short-circuiting subsequent MMIO reads with 0xFFFFFFFF
May 06 12:57:17 obpc kernel: NVRM: GPU0 nvAssertFailedNoLog: Assertion failed: expectedFunc == pHistoryEntry->function @ kernel_gsp.c:2447
May 06 12:57:17 obpc kernel: NVRM: GPU0 _kgspLogRpcSanityCheckFailure: GPU0 sanity check failed 0xf waiting for RPC response from GSP. Expected function 4097 (GSP_INIT_DONE) sequence 0 (0x0 0x0).
May 06 12:57:17 obpc kernel: NVRM: GPU0 GSP RPC buffer contains function 4124 (GSP_LOCKDOWN_NOTICE) sequence 0 and data 0x0000000000000000 0x0000000000000000.
May 06 12:57:17 obpc kernel: NVRM: GPU0 RPC history (CPU -> GSP):
May 06 12:57:17 obpc kernel: NVRM:     entry function                     sequence data0              data1              ts_start           ts_end             duration actively_polling
May 06 12:57:17 obpc kernel: NVRM:      0    73   SET_REGISTRY                   0 0x0000000000000000 0x0000000000000000 0x0006511d524bcc36 0x0000000000000000          y
May 06 12:57:17 obpc kernel: NVRM:     -1    72   GSP_SET_SYSTEM_INFO            0 0x0000000000000000 0x0000000000000000 0x0006511d524bcc35 0x0000000000000000           
May 06 12:57:17 obpc kernel: NVRM: GPU0 RPC event history (CPU <- GSP):
May 06 12:57:17 obpc kernel: NVRM:     entry function                     sequence data0              data1              ts_start           ts_end             duration during_incomplete_rpc
May 06 12:57:17 obpc kernel: NVRM:      0    4124 GSP_LOCKDOWN_NOTICE            0 0x0000000000000000 0x0000000000000000 0x0006511d5256b20f 0x0006511d5256b20f          y
May 06 12:57:17 obpc kernel: NVRM:     -1    4124 GSP_LOCKDOWN_NOTICE            0 0x0000000000000001 0x0000000000000000 0x0006511d52569dd5 0x0006511d52569dd5          y
May 06 12:57:17 obpc kernel: NVRM:     -2    4124 GSP_LOCKDOWN_NOTICE            0 0x0000000000000000 0x0000000000000000 0x0006511d52569cd8 0x0006511d52569cd8          y
May 06 12:57:17 obpc kernel: NVRM:     -3    4124 GSP_LOCKDOWN_NOTICE            0 0x0000000000000001 0x0000000000000000 0x0006511d5256992b 0x0006511d5256992b          y
May 06 12:57:17 obpc kernel: NVRM:     -4    4124 GSP_LOCKDOWN_NOTICE            0 0x0000000000000000 0x0000000000000000 0x0006511d52552e32 0x0006511d52552e32          y
May 06 12:57:17 obpc kernel: NVRM:     -5    4124 GSP_LOCKDOWN_NOTICE            0 0x0000000000000001 0x0000000000000000 0x0006511d52552da5 0x0006511d52552da5          y
May 06 12:57:17 obpc kernel: NVRM:     -6    4124 GSP_LOCKDOWN_NOTICE            0 0x0000000000000000 0x0000000000000000 0x0006511d52551e14 0x0006511d52551e14          y
May 06 12:57:17 obpc kernel: NVRM:     -7    4124 GSP_LOCKDOWN_NOTICE            0 0x0000000000000001 0x0000000000000000 0x0006511d5254b939 0x0006511d5254b939          y
May 06 12:57:17 obpc kernel:  kgspBootstrap_GH100+0x3ca/0xbef [nvidia]
May 06 12:57:17 obpc kernel:  RmInitAdapter+0x11b2/0x21c0 [nvidia]
May 06 12:57:17 obpc kernel: NVRM: GPU0 nvCheckOkFailedNoLog: Check failed: GPU lost from the bus [NV_ERR_GPU_IS_LOST] (0x0000000F) returned from rpcRecvPoll(pGpu, pRpc, NV_VGPU_MSG_EVENT_GSP_INIT_DONE, 0) @ kernel_gsp.c:6104
May 06 12:57:17 obpc kernel: NVRM: GPU0 nvAssertOkFailedNoLog: Assertion failed: GPU lost from the bus [NV_ERR_GPU_IS_LOST] (0x0000000F) returned from kgspWaitForRmInitDone(pGpu, pKernelGsp) @ kernel_gsp_gh100.c:1107
May 06 12:57:17 obpc kernel: NVRM: GPU0 _kgspBootGspRm: unexpected WPR2 already up, cannot proceed with booting GSP
May 06 12:57:17 obpc kernel: NVRM: GPU0 _kgspBootGspRm: (the GPU is likely in a bad state and may need to be reset)
May 06 12:57:17 obpc kernel: NVRM: GPU0 RmInitAdapter: Cannot initialize GSP firmware RM
May 06 12:57:17 obpc kernel: NVRM: GPU0 iovaspaceDestruct_IMPL: 1 left-over mappings in IOVAS 0x400
May 06 12:57:17 obpc kernel: NVRM: GPU 0000:04:00.0: RmInitAdapter failed! (0x62:0x40:2192)
May 06 12:57:17 obpc kernel: NVRM: GPU 0000:04:00.0: rm_init_adapter failed, device minor number 0
May 06 12:57:17 obpc kernel: NVRM: GPU0 confComputeConstructEngine_IMPL: CPU does not support confidential compute.
May 06 12:57:17 obpc kernel: NVRM: GPU0 nvAssertFailedNoLog: Assertion failed: 0 @ conf_compute.c:162
May 06 12:57:17 obpc kernel: NVRM: GPU0 nvAssertFailedNoLog: Assertion failed: 0 @ gpu_device_mapping.c:277
May 06 12:57:17 obpc kernel: NVRM: GPU0 gpuSanityCheck_IMPL: Failed test flags: 0x1
May 06 12:57:17 obpc kernel: NVRM: osInitNvMapping: *** Cannot attach gpu
