> [  481.725314] NVRM: GPU 0000:04:00.0: AORUS Lever M-recover [DIAG]: site=startdev-entry     bar0=0x80000000 PMC_BOOT_0=0x1b2000a1 WPR2=0x00000000 WPR2_up=no parent=0000:03:00.0 GPU_LnkSta=0x1041(Speed=1 Width=x4 Active=N LBMS=0 LABS=0) GPU_LnkCtl=0x0040(ASPM=0 ClkPM=0) Br_LnkSta=0x7041(Speed=1 Width=x4 Active=Y LBMS=1 LABS=0) Br_LnkCtl=0x0c40(ASPM=0 ClkPM=0) GPU_AER_Unc=0x00000000 Cor=0x00000000 Br_AER_Unc=0x00000000 Cor=0x00000001
> [  481.725334] NVRM: GPU 0000:04:00.0: AORUS Lever M-recover [DIAG-AER2]: site=startdev-entry     Br_UncMsk=0x00000000 Br_CorMsk=0x00002000 Root=0000:00:07.0 Root_LnkSta=0x3041 Root_UESta=0x00000000 Root_UEMsk=0x00000000 Root_CESta=0x00000000 Root_CEMsk=0x00002000 Root_RootSta=0x00000000 DPC=absent
> [  481.726195] NVRM: GPU 0000:04:00.0: AORUS Lever M-recover [DIAG]: site=pre-rmInit         bar0=0x80000000 PMC_BOOT_0=0x1b2000a1 WPR2=0x00000000 WPR2_up=no parent=0000:03:00.0 GPU_LnkSta=0x1041(Speed=1 Width=x4 Active=N LBMS=0 LABS=0) GPU_LnkCtl=0x0040(ASPM=0 ClkPM=0) Br_LnkSta=0x7041(Speed=1 Width=x4 Active=Y LBMS=1 LABS=0) Br_LnkCtl=0x0c40(ASPM=0 ClkPM=0) GPU_AER_Unc=0x00000000 Cor=0x00000000 Br_AER_Unc=0x00000000 Cor=0x00000001
> [  481.726211] NVRM: GPU 0000:04:00.0: AORUS Lever M-recover [DIAG-AER2]: site=pre-rmInit         Br_UncMsk=0x00000000 Br_CorMsk=0x00002000 Root=0000:00:07.0 Root_LnkSta=0x3041 Root_UESta=0x00000000 Root_UEMsk=0x00000000 Root_CESta=0x00000000 Root_CEMsk=0x00002000 Root_RootSta=0x00000000 DPC=absent
> [  483.036706] NVRM: GPU 0000:04:00.0: AORUS Lever M-recover [DIAG]: site=post-rmInit-OK     bar0=0x80000000 PMC_BOOT_0=0x1b2000a1 WPR2=0x07f4a000 WPR2_up=YES parent=0000:03:00.0 GPU_LnkSta=0x1043(Speed=3 Width=x4 Active=N LBMS=0 LABS=0) GPU_LnkCtl=0x0040(ASPM=0 ClkPM=0) Br_LnkSta=0x7043(Speed=3 Width=x4 Active=Y LBMS=1 LABS=0) Br_LnkCtl=0x0c40(ASPM=0 ClkPM=0) GPU_AER_Unc=0x00000000 Cor=0x00000000 Br_AER_Unc=0x00000000 Cor=0x00000001
> [  483.036725] NVRM: GPU 0000:04:00.0: AORUS Lever M-recover [DIAG-AER2]: site=post-rmInit-OK     Br_UncMsk=0x00000000 Br_CorMsk=0x00002000 Root=0000:00:07.0 Root_LnkSta=0x3041 Root_UESta=0x00000000 Root_UEMsk=0x00000000 Root_CESta=0x00000000 Root_CEMsk=0x00002000 Root_RootSta=0x00000000 DPC=absent
> [  483.044313] NVRM: GPU 0000:04:00.0: AORUS Lever M-recover [CLOSE]: site=close-entry     usage_count=3
> [  483.044316] NVRM: GPU 0000:04:00.0: AORUS Lever M-recover [CLOSE]: site=pre-stop        usage_count=3
> [  483.044318] NVRM: GPU 0000:04:00.0: AORUS Lever M-recover [CLOSE]: site=close-exit      usage_count=2
> [  483.044814] NVRM: GPU 0000:04:00.0: AORUS Lever M-recover [CLOSE]: site=close-entry     usage_count=2
> [  483.044815] NVRM: GPU 0000:04:00.0: AORUS Lever M-recover [CLOSE]: site=pre-stop        usage_count=2
> [  483.044816] NVRM: GPU 0000:04:00.0: AORUS Lever M-recover [CLOSE]: site=close-exit      usage_count=1
> [  483.044821] NVRM: GPU 0000:04:00.0: AORUS Lever M-recover [CLOSE]: site=close-entry     usage_count=1 (LAST-CLOSE)
> [  483.044890] NVRM: GPU 0000:04:00.0: AORUS Lever M-recover [DIAG]: site=close-entry        bar0=0x80000000 PMC_BOOT_0=0x1b2000a1 WPR2=0x07f4a000 WPR2_up=YES parent=0000:03:00.0 GPU_LnkSta=0x1043(Speed=3 Width=x4 Active=N LBMS=0 LABS=0) GPU_LnkCtl=0x0040(ASPM=0 ClkPM=0) Br_LnkSta=0x7043(Speed=3 Width=x4 Active=Y LBMS=1 LABS=0) Br_LnkCtl=0x0c40(ASPM=0 ClkPM=0) GPU_AER_Unc=0x00000000 Cor=0x00000000 Br_AER_Unc=0x00000000 Cor=0x00000001
> [  483.044905] NVRM: GPU 0000:04:00.0: AORUS Lever M-recover [DIAG-AER2]: site=close-entry        Br_UncMsk=0x00000000 Br_CorMsk=0x00002000 Root=0000:00:07.0 Root_LnkSta=0x3041 Root_UESta=0x00000000 Root_UEMsk=0x00000000 Root_CESta=0x00000000 Root_CEMsk=0x00002000 Root_RootSta=0x00000000 DPC=absent
> [  483.044973] NVRM: GPU 0000:04:00.0: AORUS Lever M-recover [CLOSE]: site=pre-stop        usage_count=1 (LAST-CLOSE)
> [  483.045035] NVRM: GPU 0000:04:00.0: AORUS Lever M-recover [DIAG]: site=pre-stop           bar0=0x80000000 PMC_BOOT_0=0x1b2000a1 WPR2=0x07f4a000 WPR2_up=YES parent=0000:03:00.0 GPU_LnkSta=0x1043(Speed=3 Width=x4 Active=N LBMS=0 LABS=0) GPU_LnkCtl=0x0040(ASPM=0 ClkPM=0) Br_LnkSta=0x7043(Speed=3 Width=x4 Active=Y LBMS=1 LABS=0) Br_LnkCtl=0x0c40(ASPM=0 ClkPM=0) GPU_AER_Unc=0x00000000 Cor=0x00000000 Br_AER_Unc=0x00000000 Cor=0x00000001
> [  483.045049] NVRM: GPU 0000:04:00.0: AORUS Lever M-recover [DIAG-AER2]: site=pre-stop           Br_UncMsk=0x00000000 Br_CorMsk=0x00002000 Root=0000:00:07.0 Root_LnkSta=0x3041 Root_UESta=0x00000000 Root_UEMsk=0x00000000 Root_CESta=0x00000000 Root_CEMsk=0x00002000 Root_RootSta=0x00000000 DPC=absent
> [  483.673956] NVRM: GPU 0000:04:00.0: AORUS Lever M-recover [CLOSE]: site=post-shutdown   usage_count=0 (LAST-CLOSE)
> [  483.674067] NVRM: GPU 0000:04:00.0: AORUS Lever M-recover [DIAG]: site=post-shutdown      bar0=0x80000000 PMC_BOOT_0=0x1b2000a1 WPR2=0x00000000 WPR2_up=no parent=0000:03:00.0 GPU_LnkSta=0x1041(Speed=1 Width=x4 Active=N LBMS=0 LABS=0) GPU_LnkCtl=0x0040(ASPM=0 ClkPM=0) Br_LnkSta=0x7041(Speed=1 Width=x4 Active=Y LBMS=1 LABS=0) Br_LnkCtl=0x0c40(ASPM=0 ClkPM=0) GPU_AER_Unc=0x00000000 Cor=0x00000000 Br_AER_Unc=0x00000000 Cor=0x00000001
> [  483.674084] NVRM: GPU 0000:04:00.0: AORUS Lever M-recover [DIAG-AER2]: site=post-shutdown      Br_UncMsk=0x00000000 Br_CorMsk=0x00002000 Root=0000:00:07.0 Root_LnkSta=0x3041 Root_UESta=0x00000000 Root_UEMsk=0x00000000 Root_CESta=0x00000000 Root_CEMsk=0x00002000 Root_RootSta=0x00000000 DPC=absent
> [  483.674184] NVRM: GPU 0000:04:00.0: AORUS Lever M-recover [CLOSE]: site=close-exit      usage_count=0 (LAST-CLOSE)
> [  483.674283] NVRM: GPU 0000:04:00.0: AORUS Lever M-recover [DIAG]: site=close-exit         bar0=0x80000000 PMC_BOOT_0=0x1b2000a1 WPR2=0x00000000 WPR2_up=no parent=0000:03:00.0 GPU_LnkSta=0x1041(Speed=1 Width=x4 Active=N LBMS=0 LABS=0) GPU_LnkCtl=0x0040(ASPM=0 ClkPM=0) Br_LnkSta=0x7041(Speed=1 Width=x4 Active=Y LBMS=1 LABS=0) Br_LnkCtl=0x0c40(ASPM=0 ClkPM=0) GPU_AER_Unc=0x00000000 Cor=0x00000000 Br_AER_Unc=0x00000000 Cor=0x00000001
> [  483.674298] NVRM: GPU 0000:04:00.0: AORUS Lever M-recover [DIAG-AER2]: site=close-exit         Br_UncMsk=0x00000000 Br_CorMsk=0x00002000 Root=0000:00:07.0 Root_LnkSta=0x3041 Root_UESta=0x00000000 Root_UEMsk=0x00000000 Root_CESta=0x00000000 Root_CEMsk=0x00002000 Root_RootSta=0x00000000 DPC=absent
