May 08 11:43:30 obpc boltd[1145]: bolt 0.9.11 starting up.
May 08 11:43:30 obpc boltd[1145]: manager: initializing store
May 08 11:43:30 obpc boltd[1145]: store: located at: /var/lib/boltd
May 08 11:43:30 obpc boltd[1145]: config: loading user config
May 08 11:43:30 obpc boltd[1145]: bouncer: initializing polkit
May 08 11:43:30 obpc boltd[1145]: udev: initializing udev
May 08 11:43:30 obpc boltd[1145]: store: loading domains
May 08 11:43:30 obpc boltd[1145]: store: loading devices
May 08 11:43:30 obpc boltd[1145]: [c4148780-00a9                            ] store: loading device
May 08 11:43:30 obpc boltd[1145]: power: state located at: /run/boltd/power
May 08 11:43:30 obpc boltd[1145]: power: force power support: no
May 08 11:43:30 obpc boltd[1145]: udev: enumerating devices
May 08 11:43:30 obpc boltd[1145]: [d9478780-6099-domain0                    ] newly connected [user] (/sys/devices/pci0000:00/0000:00:0d.2/domain0/0-0)
May 08 11:43:30 obpc boltd[1145]: security level set to 'user'
May 08 11:43:30 obpc boltd[1145]: [d9478780-6099-domain0                    ] domain: registered (bootacl: 0/0)
May 08 11:43:30 obpc boltd[1145]: [d9478780-6099-domain0                    ] bootacl: bootacl not supported, no sync
May 08 11:43:30 obpc boltd[1145]: [d9478780-6099-domain0                    ] udev: uuid is stable: no (for NHI: 0x7ec2)
May 08 11:43:30 obpc boltd[1145]: global 'generation' set to '4'
May 08 11:43:30 obpc boltd[1145]: [d9478780-6099-Gen14                      ] device added, status: authorized, at /sys/devices/pci0000:00/0000:00:0d.2/domain0/0-0
May 08 11:43:30 obpc boltd[1145]: [d9478780-6099-Gen14                      ] labeling device: Intel Gen14
May 08 11:43:30 obpc boltd[1145]: [c4148780-00a9-AORUS RTX5090 AI BOX       ] parent is d9478780-6099...
May 08 11:43:30 obpc boltd[1145]: [c4148780-00a9-AORUS RTX5090 AI BOX       ] connected: authorized (/sys/devices/pci0000:00/0000:00:0d.2/domain0/0-0/0-1)
May 08 11:43:30 obpc boltd[1145]: [854e8780-818a-domain1                    ] newly connected [user] (/sys/devices/pci0000:00/0000:00:0d.3/domain1/1-0)
May 08 11:43:30 obpc boltd[1145]: [854e8780-818a-domain1                    ] domain: registered (bootacl: 0/0)
May 08 11:43:30 obpc boltd[1145]: [854e8780-818a-domain1                    ] bootacl: bootacl not supported, no sync
May 08 11:43:30 obpc boltd[1145]: [854e8780-818a-domain1                    ] udev: uuid is stable: no (for NHI: 0x7ec3)
May 08 11:43:30 obpc boltd[1145]: [854e8780-818a-Gen14                      ] device added, status: authorized, at /sys/devices/pci0000:00/0000:00:0d.3/domain1/1-0
May 08 11:43:30 obpc boltd[1145]: [854e8780-818a-Gen14                      ] labeling device: Intel Gen14
May 08 11:43:30 obpc boltd[1145]: [d9478780-6099-domain0                    ] dbus: exported domain at /org/freedesktop/bolt/domains/d9478780_6099_10e2_ffff_ffffffffffff
May 08 11:43:30 obpc boltd[1145]: [854e8780-818a-domain1                    ] dbus: exported domain at /org/freedesktop/bolt/domains/854e8780_818a_52d6_ffff_ffffffffffff
May 08 11:43:30 obpc boltd[1145]: [c4148780-00a9-AORUS RTX5090 AI BOX       ] dbus: exported device at /org/freedesktop/bolt/devices/c4148780_00a9...
May 08 11:43:30 obpc boltd[1145]: [d9478780-6099-Gen14                      ] dbus: exported device at /org/freedesktop/bolt/devices/d9478780_6099...
May 08 11:43:30 obpc boltd[1145]: [854e8780-818a-Gen14                      ] dbus: exported device at /org/freedesktop/bolt/devices/854e8780_818a...
