May 06 15:47:32 obpc kernel: NVRM: GPU 0000:00:00.0: AORUS Lever M-recover [DIAG]: site=probe-end          bar0=0x80000000 PMC_BOOT_0=0x1b2000a1 WPR2_ADDR_HI=0x00000000 WPR2_VAL=0x00000000 WPR2_up=no parent_bridge=0000:03:00.0
May 06 15:47:33 obpc kernel: NVRM: GPU 0000:04:00.0: AORUS Lever M-recover [DIAG]: site=startdev-entry     bar0=0x80000000 PMC_BOOT_0=0x1b2000a1 WPR2_ADDR_HI=0x00000000 WPR2_VAL=0x00000000 WPR2_up=no parent_bridge=0000:03:00.0
May 06 15:47:33 obpc kernel: NVRM: GPU 0000:04:00.0: AORUS Lever M-recover [DIAG]: site=pre-rmInit         bar0=0x80000000 PMC_BOOT_0=0x1b2000a1 WPR2_ADDR_HI=0x00000000 WPR2_VAL=0x00000000 WPR2_up=no parent_bridge=0000:03:00.0
May 06 15:47:34 obpc kernel:  kgspBootstrap_GH100+0x3ca/0xbef [nvidia]
May 06 15:47:34 obpc kernel:  rm_init_adapter+0x135/0x140 [nvidia]
May 06 15:47:34 obpc kernel: NVRM: GPU0 _kgspBootGspRm: unexpected WPR2 already up, cannot proceed with booting GSP
May 06 15:47:34 obpc kernel: NVRM: GPU0 _kgspBootGspRm: (the GPU is likely in a bad state and may need to be reset)
May 06 15:47:34 obpc kernel: NVRM: GPU 0000:04:00.0: AORUS Lever M-recover [DIAG]: site=post-rmInit-FAIL   bar0=0x80000000 PMC_BOOT_0=0x00000000 WPR2_ADDR_HI=0x07f4a000 WPR2_VAL=0x07f4a000 WPR2_up=YES parent_bridge=0000:03:00.0
May 06 15:47:34 obpc kernel: NVRM: GPU 0000:04:00.0: rm_init_adapter failed, device minor number 0
May 06 15:47:34 obpc kernel: NVRM: GPU 0000:04:00.0: AORUS Lever M-recover [DIAG]: site=startdev-entry     bar0=0x80000000 PMC_BOOT_0=0x1b2000a1 WPR2_ADDR_HI=0x07f4a000 WPR2_VAL=0x07f4a000 WPR2_up=YES parent_bridge=0000:03:00.0
May 06 15:47:34 obpc kernel: NVRM: GPU 0000:04:00.0: AORUS Lever M-recover [DIAG]: site=pre-rmInit         bar0=0x80000000 PMC_BOOT_0=0x1b2000a1 WPR2_ADDR_HI=0x07f4a000 WPR2_VAL=0x07f4a000 WPR2_up=YES parent_bridge=0000:03:00.0
May 06 15:47:34 obpc kernel: NVRM: GPU0 nvAssertFailedNoLog: Assertion failed: 0 @ conf_compute.c:162
May 06 15:47:34 obpc kernel: NVRM: GPU0 gpuSanityCheck_IMPL: Failed test flags: 0x1
May 06 15:47:34 obpc kernel: NVRM: GPU 0000:04:00.0: AORUS Lever M-recover [DIAG]: site=post-rmInit-FAIL   bar0=0x80000000 PMC_BOOT_0=0x1b2000a1 WPR2_ADDR_HI=0x07f4a000 WPR2_VAL=0x07f4a000 WPR2_up=YES parent_bridge=0000:03:00.0
May 06 15:47:34 obpc kernel: NVRM: GPU 0000:04:00.0: rm_init_adapter failed, device minor number 0
May 06 15:47:40 obpc kernel: NVRM: GPU 0000:00:00.0: AORUS Lever M-recover [DIAG]: site=probe-end          bar0=0x80000000 PMC_BOOT_0=0x1b2000a1 WPR2_ADDR_HI=0x00000000 WPR2_VAL=0x00000000 WPR2_up=no parent_bridge=0000:03:00.0
May 06 15:47:46 obpc kernel: NVRM: GPU 0000:04:00.0: AORUS Lever M-recover [DIAG]: site=startdev-entry     bar0=0x80000000 PMC_BOOT_0=0x1b2000a1 WPR2_ADDR_HI=0x00000000 WPR2_VAL=0x00000000 WPR2_up=no parent_bridge=0000:03:00.0
May 06 15:47:46 obpc kernel: NVRM: GPU 0000:04:00.0: AORUS Lever M-recover [DIAG]: site=pre-rmInit         bar0=0x80000000 PMC_BOOT_0=0x1b2000a1 WPR2_ADDR_HI=0x00000000 WPR2_VAL=0x00000000 WPR2_up=no parent_bridge=0000:03:00.0
May 06 15:47:47 obpc kernel:  kgspBootstrap_GH100+0x3ca/0xbef [nvidia]
May 06 15:47:47 obpc kernel:  rm_init_adapter+0x135/0x140 [nvidia]
May 06 15:47:47 obpc kernel: NVRM: GPU0 _kgspBootGspRm: unexpected WPR2 already up, cannot proceed with booting GSP
May 06 15:47:47 obpc kernel: NVRM: GPU0 _kgspBootGspRm: (the GPU is likely in a bad state and may need to be reset)
May 06 15:47:47 obpc kernel: NVRM: GPU 0000:04:00.0: AORUS Lever M-recover [DIAG]: site=post-rmInit-FAIL   bar0=0x80000000 PMC_BOOT_0=0x00000000 WPR2_ADDR_HI=0x07f4a000 WPR2_VAL=0x07f4a000 WPR2_up=YES parent_bridge=0000:03:00.0
May 06 15:47:47 obpc kernel: NVRM: GPU 0000:04:00.0: rm_init_adapter failed, device minor number 0
May 06 15:47:47 obpc kernel: NVRM: GPU 0000:04:00.0: AORUS Lever M-recover [DIAG]: site=startdev-entry     bar0=0x80000000 PMC_BOOT_0=0x1b2000a1 WPR2_ADDR_HI=0x07f4a000 WPR2_VAL=0x07f4a000 WPR2_up=YES parent_bridge=0000:03:00.0
May 06 15:47:47 obpc kernel: NVRM: GPU 0000:04:00.0: AORUS Lever M-recover [DIAG]: site=pre-rmInit         bar0=0x80000000 PMC_BOOT_0=0x1b2000a1 WPR2_ADDR_HI=0x07f4a000 WPR2_VAL=0x07f4a000 WPR2_up=YES parent_bridge=0000:03:00.0
May 06 15:47:47 obpc kernel: NVRM: GPU0 nvAssertFailedNoLog: Assertion failed: 0 @ conf_compute.c:162
May 06 15:47:47 obpc kernel: NVRM: GPU0 gpuSanityCheck_IMPL: Failed test flags: 0x1
May 06 15:47:47 obpc kernel: NVRM: GPU 0000:04:00.0: AORUS Lever M-recover [DIAG]: site=post-rmInit-FAIL   bar0=0x80000000 PMC_BOOT_0=0x1b2000a1 WPR2_ADDR_HI=0x07f4a000 WPR2_VAL=0x07f4a000 WPR2_up=YES parent_bridge=0000:03:00.0
May 06 15:47:47 obpc kernel: NVRM: GPU 0000:04:00.0: rm_init_adapter failed, device minor number 0
May 06 15:47:59 obpc kernel: NVRM: GPU 0000:00:00.0: AORUS Lever M-recover [DIAG]: site=probe-end          bar0=0x80000000 PMC_BOOT_0=0x1b2000a1 WPR2_ADDR_HI=0x00000000 WPR2_VAL=0x00000000 WPR2_up=no parent_bridge=0000:03:00.0
May 06 15:48:02 obpc kernel: NVRM: GPU 0000:04:00.0: AORUS Lever M-recover [DIAG]: site=startdev-entry     bar0=0x80000000 PMC_BOOT_0=0x1b2000a1 WPR2_ADDR_HI=0x00000000 WPR2_VAL=0x00000000 WPR2_up=no parent_bridge=0000:03:00.0
May 06 15:48:02 obpc kernel: NVRM: GPU 0000:04:00.0: AORUS Lever M-recover [DIAG]: site=pre-rmInit         bar0=0x80000000 PMC_BOOT_0=0x1b2000a1 WPR2_ADDR_HI=0x00000000 WPR2_VAL=0x00000000 WPR2_up=no parent_bridge=0000:03:00.0
May 06 15:48:03 obpc kernel:  kgspBootstrap_GH100+0x3ca/0xbef [nvidia]
May 06 15:48:03 obpc kernel:  rm_init_adapter+0x135/0x140 [nvidia]
May 06 15:48:03 obpc kernel: NVRM: GPU0 _kgspBootGspRm: unexpected WPR2 already up, cannot proceed with booting GSP
May 06 15:48:03 obpc kernel: NVRM: GPU0 _kgspBootGspRm: (the GPU is likely in a bad state and may need to be reset)
May 06 15:48:03 obpc kernel: NVRM: GPU 0000:04:00.0: AORUS Lever M-recover [DIAG]: site=post-rmInit-FAIL   bar0=0x80000000 PMC_BOOT_0=0x1b2000a1 WPR2_ADDR_HI=0x07f4a000 WPR2_VAL=0x07f4a000 WPR2_up=YES parent_bridge=0000:03:00.0
May 06 15:48:03 obpc kernel: NVRM: GPU 0000:04:00.0: rm_init_adapter failed, device minor number 0
May 06 15:48:04 obpc kernel: NVRM: GPU 0000:04:00.0: AORUS Lever M-recover [DIAG]: site=startdev-entry     bar0=0x80000000 PMC_BOOT_0=0x1b2000a1 WPR2_ADDR_HI=0x07f4a000 WPR2_VAL=0x07f4a000 WPR2_up=YES parent_bridge=0000:03:00.0
May 06 15:48:04 obpc kernel: NVRM: GPU 0000:04:00.0: AORUS Lever M-recover [DIAG]: site=pre-rmInit         bar0=0x80000000 PMC_BOOT_0=0x1b2000a1 WPR2_ADDR_HI=0x07f4a000 WPR2_VAL=0x07f4a000 WPR2_up=YES parent_bridge=0000:03:00.0
May 06 15:48:04 obpc kernel: NVRM: GPU0 nvAssertFailedNoLog: Assertion failed: 0 @ conf_compute.c:162
May 06 15:48:04 obpc kernel: NVRM: GPU0 gpuSanityCheck_IMPL: Failed test flags: 0x1
May 06 15:48:04 obpc kernel: NVRM: GPU 0000:04:00.0: AORUS Lever M-recover [DIAG]: site=post-rmInit-FAIL   bar0=0x80000000 PMC_BOOT_0=0x1b2000a1 WPR2_ADDR_HI=0x07f4a000 WPR2_VAL=0x07f4a000 WPR2_up=YES parent_bridge=0000:03:00.0
May 06 15:48:04 obpc kernel: NVRM: GPU 0000:04:00.0: rm_init_adapter failed, device minor number 0
May 06 15:48:04 obpc kernel: NVRM: GPU 0000:04:00.0: AORUS Lever M-recover [DIAG]: site=startdev-entry     bar0=0x80000000 PMC_BOOT_0=0x1b2000a1 WPR2_ADDR_HI=0x07f4a000 WPR2_VAL=0x07f4a000 WPR2_up=YES parent_bridge=0000:03:00.0
May 06 15:48:04 obpc kernel: NVRM: GPU 0000:04:00.0: AORUS Lever M-recover [DIAG]: site=pre-rmInit         bar0=0x80000000 PMC_BOOT_0=0x1b2000a1 WPR2_ADDR_HI=0x07f4a000 WPR2_VAL=0x07f4a000 WPR2_up=YES parent_bridge=0000:03:00.0
May 06 15:48:04 obpc kernel: NVRM: GPU0 nvAssertFailedNoLog: Assertion failed: 0 @ conf_compute.c:162
May 06 15:48:04 obpc kernel: NVRM: GPU0 gpuSanityCheck_IMPL: Failed test flags: 0x1
May 06 15:48:04 obpc kernel: NVRM: GPU 0000:04:00.0: AORUS Lever M-recover [DIAG]: site=post-rmInit-FAIL   bar0=0x80000000 PMC_BOOT_0=0x1b2000a1 WPR2_ADDR_HI=0x07f4a000 WPR2_VAL=0x07f4a000 WPR2_up=YES parent_bridge=0000:03:00.0
May 06 15:48:04 obpc kernel: NVRM: GPU 0000:04:00.0: rm_init_adapter failed, device minor number 0
May 06 15:48:16 obpc kernel: NVRM: GPU 0000:00:00.0: AORUS Lever M-recover [DIAG]: site=probe-end          bar0=0x80000000 PMC_BOOT_0=0x1b2000a1 WPR2_ADDR_HI=0x00000000 WPR2_VAL=0x00000000 WPR2_up=no parent_bridge=0000:03:00.0
May 06 15:48:21 obpc kernel: NVRM: GPU 0000:04:00.0: AORUS Lever M-recover [DIAG]: site=startdev-entry     bar0=0x80000000 PMC_BOOT_0=0x1b2000a1 WPR2_ADDR_HI=0x00000000 WPR2_VAL=0x00000000 WPR2_up=no parent_bridge=0000:03:00.0
May 06 15:48:21 obpc kernel: NVRM: GPU 0000:04:00.0: AORUS Lever M-recover [DIAG]: site=pre-rmInit         bar0=0x80000000 PMC_BOOT_0=0x1b2000a1 WPR2_ADDR_HI=0x00000000 WPR2_VAL=0x00000000 WPR2_up=no parent_bridge=0000:03:00.0
May 06 15:48:22 obpc kernel: NVRM: GPU 0000:04:00.0: AORUS Lever M-recover [DIAG]: site=post-rmInit-OK     bar0=0x80000000 PMC_BOOT_0=0x1b2000a1 WPR2_ADDR_HI=0x07f4a000 WPR2_VAL=0x07f4a000 WPR2_up=YES parent_bridge=0000:03:00.0
