# Lever M-recover Phase 5 evidence snapshot
snapshot_time: 2026-05-09T07:37:53+10:00
boot_time:     2026-05-09T07:37:45+10:00 (btime=1778276265)
uptime_s:      8
kernel:        6.19.14-200.fc43.x86_64

## Module identity
version:        595.71.05-aorus.12
srcversion:     0E197DA8AA99CC19EE97F4B

## Kill-switch state (H3)
file:    1
runtime: 1

## M-recover counters
fires:        0
successes:    0
surrenders:   0
last_fire_jf: 0

## post-rmInit-{OK,FAIL} count this boot
post-rmInit-OK:   2
post-rmInit-FAIL: 0

## Close-path activity this boot (Patch 0029)
close-entry:           3
pre-stop:              3
post-shutdown:         0
close-exit:            3
last-close events:     5  (full DIAG+AER snapshot fired)
mmio_enabled callback: 0
cor_error_detected:    0

## M-recover dmesg events (this boot, chronological)
  [    8.249764] NVRM: GPU 0000:04:00.0: AORUS Lever M-recover [CLOSE]: site=close-entry     usage_count=7
  [    8.249766] NVRM: GPU 0000:04:00.0: AORUS Lever M-recover [CLOSE]: site=pre-stop        usage_count=7
  [    8.249767] NVRM: GPU 0000:04:00.0: AORUS Lever M-recover [CLOSE]: site=close-exit      usage_count=6
  [    8.250264] NVRM: GPU 0000:04:00.0: AORUS Lever M-recover [CLOSE]: site=close-entry     usage_count=6
  [    8.250265] NVRM: GPU 0000:04:00.0: AORUS Lever M-recover [CLOSE]: site=pre-stop        usage_count=6
  [    8.250266] NVRM: GPU 0000:04:00.0: AORUS Lever M-recover [CLOSE]: site=close-exit      usage_count=5
  [    8.250271] NVRM: GPU 0000:04:00.0: AORUS Lever M-recover [CLOSE]: site=close-entry     usage_count=5
  [    8.250271] NVRM: GPU 0000:04:00.0: AORUS Lever M-recover [CLOSE]: site=pre-stop        usage_count=5
  [    8.250272] NVRM: GPU 0000:04:00.0: AORUS Lever M-recover [CLOSE]: site=close-exit      usage_count=4

## L4 helper events for this boot (from wpr2-recoveries.log)
  2026-05-09T07:37:53+1000,d94b10f7-cf49-42c6-a507-9c6f9cbd3529,no-op,GPU healthy

## GPU functional check
  GPU 0: NVIDIA GeForce RTX 5090 (UUID: GPU-90b9424e-7236-fd4d-d903-44e565e1bd42)

## Verdict
M-RECOVER-NOT-FIRED: no recovery needed this boot (clean cold-cold)
