May 08 11:11:27 obpc boltd[1150]: bolt 0.9.11 starting up.
May 08 11:11:27 obpc boltd[1150]: manager: initializing store
May 08 11:11:27 obpc boltd[1150]: store: located at: /var/lib/boltd
May 08 11:11:27 obpc boltd[1150]: config: loading user config
May 08 11:11:27 obpc boltd[1150]: bouncer: initializing polkit
May 08 11:11:27 obpc boltd[1150]: udev: initializing udev
May 08 11:11:27 obpc boltd[1150]: store: loading domains
May 08 11:11:27 obpc boltd[1150]: store: loading devices
May 08 11:11:27 obpc boltd[1150]: [c4148780-00a9                            ] store: loading device
May 08 11:11:27 obpc boltd[1150]: power: state located at: /run/boltd/power
May 08 11:11:27 obpc boltd[1150]: power: force power support: no
May 08 11:11:27 obpc boltd[1150]: udev: enumerating devices
May 08 11:11:27 obpc boltd[1150]: [7de28780-e0cc-domain0                    ] newly connected [user] (/sys/devices/pci0000:00/0000:00:0d.2/domain0/0-0)
May 08 11:11:27 obpc boltd[1150]: security level set to 'user'
May 08 11:11:27 obpc boltd[1150]: [7de28780-e0cc-domain0                    ] domain: registered (bootacl: 0/0)
May 08 11:11:27 obpc boltd[1150]: [7de28780-e0cc-domain0                    ] bootacl: bootacl not supported, no sync
May 08 11:11:27 obpc boltd[1150]: [7de28780-e0cc-domain0                    ] udev: uuid is stable: no (for NHI: 0x7ec2)
May 08 11:11:27 obpc boltd[1150]: global 'generation' set to '4'
May 08 11:11:27 obpc boltd[1150]: [7de28780-e0cc-Gen14                      ] device added, status: authorized, at /sys/devices/pci0000:00/0000:00:0d.2/domain0/0-0
May 08 11:11:27 obpc boltd[1150]: [7de28780-e0cc-Gen14                      ] labeling device: Intel Gen14
May 08 11:11:27 obpc boltd[1150]: [a9908780-f1b6-domain1                    ] newly connected [user] (/sys/devices/pci0000:00/0000:00:0d.3/domain1/1-0)
May 08 11:11:27 obpc boltd[1150]: [a9908780-f1b6-domain1                    ] domain: registered (bootacl: 0/0)
May 08 11:11:27 obpc boltd[1150]: [a9908780-f1b6-domain1                    ] bootacl: bootacl not supported, no sync
May 08 11:11:27 obpc boltd[1150]: [a9908780-f1b6-domain1                    ] udev: uuid is stable: no (for NHI: 0x7ec3)
May 08 11:11:27 obpc boltd[1150]: [a9908780-f1b6-Gen14                      ] device added, status: authorized, at /sys/devices/pci0000:00/0000:00:0d.3/domain1/1-0
May 08 11:11:27 obpc boltd[1150]: [a9908780-f1b6-Gen14                      ] labeling device: Intel Gen14
May 08 11:11:27 obpc boltd[1150]: [c4148780-00a9-AORUS RTX5090 AI BOX       ] parent is a9908780-f1b6...
May 08 11:11:27 obpc boltd[1150]: [c4148780-00a9-AORUS RTX5090 AI BOX       ] connected: authorized (/sys/devices/pci0000:00/0000:00:0d.3/domain1/1-0/1-1)
May 08 11:11:27 obpc boltd[1150]: [7de28780-e0cc-domain0                    ] dbus: exported domain at /org/freedesktop/bolt/domains/7de28780_e0cc_9d3c_ffff_ffffffffffff
May 08 11:11:27 obpc boltd[1150]: [a9908780-f1b6-domain1                    ] dbus: exported domain at /org/freedesktop/bolt/domains/a9908780_f1b6_9db8_ffff_ffffffffffff
May 08 11:11:27 obpc boltd[1150]: [c4148780-00a9-AORUS RTX5090 AI BOX       ] dbus: exported device at /org/freedesktop/bolt/devices/c4148780_00a9...
May 08 11:11:27 obpc boltd[1150]: [7de28780-e0cc-Gen14                      ] dbus: exported device at /org/freedesktop/bolt/devices/7de28780_e0cc...
May 08 11:11:27 obpc boltd[1150]: [a9908780-f1b6-Gen14                      ] dbus: exported device at /org/freedesktop/bolt/devices/a9908780_f1b6...
