May 07 16:52:00 obpc kernel: NVRM: GPU0 GSP RPC buffer contains function 4124 (GSP_LOCKDOWN_NOTICE) sequence 0 and data 0x0000000000000000 0x0000000000000000.
May 07 16:52:00 obpc kernel: NVRM:      0    4124 GSP_LOCKDOWN_NOTICE            0 0x0000000000000000 0x0000000000000000 0x00065134b79816bc 0x00065134b79816bc          y
May 07 16:52:00 obpc kernel: NVRM:     -1    4124 GSP_LOCKDOWN_NOTICE            0 0x0000000000000001 0x0000000000000000 0x00065134b7980291 0x00065134b7980291          y
May 07 16:52:00 obpc kernel: NVRM:     -2    4124 GSP_LOCKDOWN_NOTICE            0 0x0000000000000000 0x0000000000000000 0x00065134b7980193 0x00065134b7980193          y
May 07 16:52:00 obpc kernel: NVRM:     -3    4124 GSP_LOCKDOWN_NOTICE            0 0x0000000000000001 0x0000000000000000 0x00065134b797fde9 0x00065134b797fdea      1us y
May 07 16:52:00 obpc kernel: NVRM:     -4    4124 GSP_LOCKDOWN_NOTICE            0 0x0000000000000000 0x0000000000000000 0x00065134b796941d 0x00065134b796941d          y
May 07 16:52:00 obpc kernel: NVRM:     -5    4124 GSP_LOCKDOWN_NOTICE            0 0x0000000000000001 0x0000000000000000 0x00065134b7969394 0x00065134b7969394          y
May 07 16:52:00 obpc kernel: NVRM:     -6    4124 GSP_LOCKDOWN_NOTICE            0 0x0000000000000000 0x0000000000000000 0x00065134b7968403 0x00065134b7968403          y
May 07 16:52:00 obpc kernel: NVRM:     -7    4124 GSP_LOCKDOWN_NOTICE            0 0x0000000000000001 0x0000000000000000 0x00065134b7966c03 0x00065134b7966c03          y
May 07 16:52:00 obpc kernel:  RmInitAdapter+0x11b2/0x21c0 [nvidia]
May 07 16:52:00 obpc kernel:  rm_init_adapter+0x135/0x140 [nvidia]
May 07 16:52:00 obpc kernel: NVRM: GPU0 RmInitAdapter: Cannot initialize GSP firmware RM
May 07 16:52:00 obpc kernel: NVRM: GPU 0000:04:00.0: RmInitAdapter failed! (0x62:0x40:2192)
May 07 16:52:00 obpc kernel: NVRM: GPU 0000:04:00.0: rm_init_adapter failed, device minor number 0
May 07 16:52:00 obpc kernel: NVRM: RmInitAdapter: osInitNvMapping failed, bailing out of RmInitAdapter
May 07 16:52:00 obpc kernel: NVRM: GPU 0000:04:00.0: RmInitAdapter failed! (0x22:0x38:918)
May 07 16:52:00 obpc kernel: NVRM: GPU 0000:04:00.0: rm_init_adapter failed, device minor number 0
May 07 16:52:13 obpc kernel: NVRM: GPU0 GSP RPC buffer contains function 4124 (GSP_LOCKDOWN_NOTICE) sequence 0 and data 0x0000000000000000 0x0000000000000000.
May 07 16:52:13 obpc kernel: NVRM:      0    4124 GSP_LOCKDOWN_NOTICE            0 0x0000000000000000 0x0000000000000000 0x00065134b860c83d 0x00065134b860c83d          y
May 07 16:52:13 obpc kernel: NVRM:     -1    4124 GSP_LOCKDOWN_NOTICE            0 0x0000000000000001 0x0000000000000000 0x00065134b860b438 0x00065134b860b438          y
May 07 16:52:13 obpc kernel: NVRM:     -2    4124 GSP_LOCKDOWN_NOTICE            0 0x0000000000000000 0x0000000000000000 0x00065134b860b33b 0x00065134b860b33b          y
May 07 16:52:13 obpc kernel: NVRM:     -3    4124 GSP_LOCKDOWN_NOTICE            0 0x0000000000000001 0x0000000000000000 0x00065134b860af90 0x00065134b860af90          y
May 07 16:52:13 obpc kernel: NVRM:     -4    4124 GSP_LOCKDOWN_NOTICE            0 0x0000000000000000 0x0000000000000000 0x00065134b85f4633 0x00065134b85f4633          y
May 07 16:52:13 obpc kernel: NVRM:     -5    4124 GSP_LOCKDOWN_NOTICE            0 0x0000000000000001 0x0000000000000000 0x00065134b85f459f 0x00065134b85f459f          y
May 07 16:52:13 obpc kernel: NVRM:     -6    4124 GSP_LOCKDOWN_NOTICE            0 0x0000000000000000 0x0000000000000000 0x00065134b85f3609 0x00065134b85f3609          y
May 07 16:52:13 obpc kernel: NVRM:     -7    4124 GSP_LOCKDOWN_NOTICE            0 0x0000000000000001 0x0000000000000000 0x00065134b85ed11c 0x00065134b85ed11c          y
May 07 16:52:13 obpc kernel:  RmInitAdapter+0x11b2/0x21c0 [nvidia]
May 07 16:52:13 obpc kernel:  rm_init_adapter+0x135/0x140 [nvidia]
May 07 16:52:13 obpc kernel: NVRM: GPU0 RmInitAdapter: Cannot initialize GSP firmware RM
May 07 16:52:13 obpc kernel: NVRM: GPU 0000:04:00.0: RmInitAdapter failed! (0x62:0x40:2192)
May 07 16:52:13 obpc kernel: NVRM: GPU 0000:04:00.0: rm_init_adapter failed, device minor number 0
May 07 16:52:13 obpc kernel: NVRM: RmInitAdapter: osInitNvMapping failed, bailing out of RmInitAdapter
May 07 16:52:13 obpc kernel: NVRM: GPU 0000:04:00.0: RmInitAdapter failed! (0x22:0x38:918)
May 07 16:52:13 obpc kernel: NVRM: GPU 0000:04:00.0: rm_init_adapter failed, device minor number 0
May 07 16:52:30 obpc kernel: NVRM: GPU0 GSP RPC buffer contains function 4124 (GSP_LOCKDOWN_NOTICE) sequence 0 and data 0x0000000000000000 0x0000000000000000.
May 07 16:52:30 obpc kernel: NVRM:      0    4124 GSP_LOCKDOWN_NOTICE            0 0x0000000000000000 0x0000000000000000 0x00065134b95a692c 0x00065134b95a692c          y
May 07 16:52:30 obpc kernel: NVRM:     -1    4124 GSP_LOCKDOWN_NOTICE            0 0x0000000000000001 0x0000000000000000 0x00065134b95a5524 0x00065134b95a5524          y
May 07 16:52:30 obpc kernel: NVRM:     -2    4124 GSP_LOCKDOWN_NOTICE            0 0x0000000000000000 0x0000000000000000 0x00065134b95a5424 0x00065134b95a5424          y
May 07 16:52:30 obpc kernel: NVRM:     -3    4124 GSP_LOCKDOWN_NOTICE            0 0x0000000000000001 0x0000000000000000 0x00065134b95a507d 0x00065134b95a507d          y
May 07 16:52:30 obpc kernel: NVRM:     -4    4124 GSP_LOCKDOWN_NOTICE            0 0x0000000000000000 0x0000000000000000 0x00065134b958e673 0x00065134b958e673          y
May 07 16:52:30 obpc kernel: NVRM:     -5    4124 GSP_LOCKDOWN_NOTICE            0 0x0000000000000001 0x0000000000000000 0x00065134b958e5e7 0x00065134b958e5e7          y
May 07 16:52:30 obpc kernel: NVRM:     -6    4124 GSP_LOCKDOWN_NOTICE            0 0x0000000000000000 0x0000000000000000 0x00065134b958d652 0x00065134b958d652          y
May 07 16:52:30 obpc kernel: NVRM:     -7    4124 GSP_LOCKDOWN_NOTICE            0 0x0000000000000001 0x0000000000000000 0x00065134b9587164 0x00065134b9587164          y
May 07 16:52:30 obpc kernel:  RmInitAdapter+0x11b2/0x21c0 [nvidia]
May 07 16:52:30 obpc kernel:  rm_init_adapter+0x135/0x140 [nvidia]
May 07 16:52:30 obpc kernel: NVRM: GPU0 RmInitAdapter: Cannot initialize GSP firmware RM
May 07 16:52:30 obpc kernel: NVRM: GPU 0000:04:00.0: RmInitAdapter failed! (0x62:0x40:2192)
May 07 16:52:30 obpc kernel: NVRM: GPU 0000:04:00.0: rm_init_adapter failed, device minor number 0
May 07 16:52:30 obpc kernel: NVRM: RmInitAdapter: osInitNvMapping failed, bailing out of RmInitAdapter
May 07 16:52:30 obpc kernel: NVRM: GPU 0000:04:00.0: RmInitAdapter failed! (0x22:0x38:918)
May 07 16:52:30 obpc kernel: NVRM: GPU 0000:04:00.0: rm_init_adapter failed, device minor number 0
May 07 16:52:30 obpc kernel: NVRM: RmInitAdapter: osInitNvMapping failed, bailing out of RmInitAdapter
May 07 16:52:30 obpc kernel: NVRM: GPU 0000:04:00.0: RmInitAdapter failed! (0x22:0x38:918)
May 07 16:52:30 obpc kernel: NVRM: GPU 0000:04:00.0: rm_init_adapter failed, device minor number 0
May 07 16:52:48 obpc kernel: NVRM: GPU0 GSP RPC buffer contains function 4124 (GSP_LOCKDOWN_NOTICE) sequence 0 and data 0x0000000000000000 0x0000000000000000.
May 07 16:52:48 obpc kernel: NVRM:      0    4124 GSP_LOCKDOWN_NOTICE            0 0x0000000000000000 0x0000000000000000 0x00065134ba74ffc2 0x00065134ba74ffc3      1us y
May 07 16:52:48 obpc kernel: NVRM:     -1    4124 GSP_LOCKDOWN_NOTICE            0 0x0000000000000001 0x0000000000000000 0x00065134ba74ebc1 0x00065134ba74ebc1          y
May 07 16:52:48 obpc kernel: NVRM:     -2    4124 GSP_LOCKDOWN_NOTICE            0 0x0000000000000000 0x0000000000000000 0x00065134ba74eac2 0x00065134ba74eac2          y
May 07 16:52:48 obpc kernel: NVRM:     -3    4124 GSP_LOCKDOWN_NOTICE            0 0x0000000000000001 0x0000000000000000 0x00065134ba74e71a 0x00065134ba74e71b      1us y
May 07 16:52:48 obpc kernel: NVRM:     -4    4124 GSP_LOCKDOWN_NOTICE            0 0x0000000000000000 0x0000000000000000 0x00065134ba737bf7 0x00065134ba737bf7          y
May 07 16:52:48 obpc kernel: NVRM:     -5    4124 GSP_LOCKDOWN_NOTICE            0 0x0000000000000001 0x0000000000000000 0x00065134ba737b64 0x00065134ba737b64          y
May 07 16:52:48 obpc kernel: NVRM:     -6    4124 GSP_LOCKDOWN_NOTICE            0 0x0000000000000000 0x0000000000000000 0x00065134ba736bc7 0x00065134ba736bc7          y
May 07 16:52:48 obpc kernel: NVRM:     -7    4124 GSP_LOCKDOWN_NOTICE            0 0x0000000000000001 0x0000000000000000 0x00065134ba7306d1 0x00065134ba7306d2      1us y
May 07 16:52:48 obpc kernel:  RmInitAdapter+0x11b2/0x21c0 [nvidia]
May 07 16:52:48 obpc kernel:  rm_init_adapter+0x135/0x140 [nvidia]
May 07 16:52:48 obpc kernel: NVRM: GPU0 RmInitAdapter: Cannot initialize GSP firmware RM
May 07 16:52:48 obpc kernel: NVRM: GPU 0000:04:00.0: RmInitAdapter failed! (0x62:0x40:2192)
May 07 16:52:48 obpc kernel: NVRM: GPU 0000:04:00.0: rm_init_adapter failed, device minor number 0
May 07 16:52:48 obpc kernel: NVRM: RmInitAdapter: osInitNvMapping failed, bailing out of RmInitAdapter
May 07 16:52:48 obpc kernel: NVRM: GPU 0000:04:00.0: RmInitAdapter failed! (0x22:0x38:918)
May 07 16:52:48 obpc kernel: NVRM: GPU 0000:04:00.0: rm_init_adapter failed, device minor number 0
May 07 16:52:48 obpc kernel: NVRM: RmInitAdapter: osInitNvMapping failed, bailing out of RmInitAdapter
May 07 16:52:48 obpc kernel: NVRM: GPU 0000:04:00.0: RmInitAdapter failed! (0x22:0x38:918)
May 07 16:52:48 obpc kernel: NVRM: GPU 0000:04:00.0: rm_init_adapter failed, device minor number 0
May 07 16:52:50 obpc kernel: NVRM: RmInitAdapter: osInitNvMapping failed, bailing out of RmInitAdapter
May 07 16:52:50 obpc kernel: NVRM: GPU 0000:04:00.0: RmInitAdapter failed! (0x22:0x38:918)
May 07 16:52:50 obpc kernel: NVRM: GPU 0000:04:00.0: rm_init_adapter failed, device minor number 0
May 07 16:53:00 obpc kernel: NVRM: RmInitAdapter: osInitNvMapping failed, bailing out of RmInitAdapter
May 07 16:53:00 obpc kernel: NVRM: GPU 0000:04:00.0: RmInitAdapter failed! (0x22:0x38:918)
May 07 16:53:00 obpc kernel: NVRM: GPU 0000:04:00.0: rm_init_adapter failed, device minor number 0
May 07 16:53:10 obpc kernel: NVRM: RmInitAdapter: osInitNvMapping failed, bailing out of RmInitAdapter
May 07 16:53:10 obpc kernel: NVRM: GPU 0000:04:00.0: RmInitAdapter failed! (0x22:0x38:918)
May 07 16:53:10 obpc kernel: NVRM: GPU 0000:04:00.0: rm_init_adapter failed, device minor number 0
May 07 16:53:20 obpc kernel: NVRM: RmInitAdapter: osInitNvMapping failed, bailing out of RmInitAdapter
May 07 16:53:20 obpc kernel: NVRM: GPU 0000:04:00.0: RmInitAdapter failed! (0x22:0x38:918)
May 07 16:53:20 obpc kernel: NVRM: GPU 0000:04:00.0: rm_init_adapter failed, device minor number 0
May 07 16:53:30 obpc kernel: NVRM: RmInitAdapter: osInitNvMapping failed, bailing out of RmInitAdapter
May 07 16:53:30 obpc kernel: NVRM: GPU 0000:04:00.0: RmInitAdapter failed! (0x22:0x38:918)
May 07 16:53:30 obpc kernel: NVRM: GPU 0000:04:00.0: rm_init_adapter failed, device minor number 0
May 07 16:53:40 obpc kernel: NVRM: RmInitAdapter: osInitNvMapping failed, bailing out of RmInitAdapter
May 07 16:53:40 obpc kernel: NVRM: GPU 0000:04:00.0: RmInitAdapter failed! (0x22:0x38:918)
May 07 16:53:40 obpc kernel: NVRM: GPU 0000:04:00.0: rm_init_adapter failed, device minor number 0
May 07 16:53:50 obpc kernel: NVRM: RmInitAdapter: osInitNvMapping failed, bailing out of RmInitAdapter
May 07 16:53:50 obpc kernel: NVRM: GPU 0000:04:00.0: RmInitAdapter failed! (0x22:0x38:918)
May 07 16:53:50 obpc kernel: NVRM: GPU 0000:04:00.0: rm_init_adapter failed, device minor number 0
May 07 16:54:01 obpc kernel: NVRM: RmInitAdapter: osInitNvMapping failed, bailing out of RmInitAdapter
May 07 16:54:01 obpc kernel: NVRM: GPU 0000:04:00.0: RmInitAdapter failed! (0x22:0x38:918)
May 07 16:54:01 obpc kernel: NVRM: GPU 0000:04:00.0: rm_init_adapter failed, device minor number 0
May 07 16:54:11 obpc kernel: NVRM: RmInitAdapter: osInitNvMapping failed, bailing out of RmInitAdapter
May 07 16:54:11 obpc kernel: NVRM: GPU 0000:04:00.0: RmInitAdapter failed! (0x22:0x38:918)
May 07 16:54:11 obpc kernel: NVRM: GPU 0000:04:00.0: rm_init_adapter failed, device minor number 0
May 07 16:54:21 obpc kernel: NVRM: RmInitAdapter: osInitNvMapping failed, bailing out of RmInitAdapter
May 07 16:54:21 obpc kernel: NVRM: GPU 0000:04:00.0: RmInitAdapter failed! (0x22:0x38:918)
May 07 16:54:21 obpc kernel: NVRM: GPU 0000:04:00.0: rm_init_adapter failed, device minor number 0
May 07 16:54:31 obpc kernel: NVRM: RmInitAdapter: osInitNvMapping failed, bailing out of RmInitAdapter
May 07 16:54:31 obpc kernel: NVRM: GPU 0000:04:00.0: RmInitAdapter failed! (0x22:0x38:918)
May 07 16:54:31 obpc kernel: NVRM: GPU 0000:04:00.0: rm_init_adapter failed, device minor number 0
May 07 16:54:41 obpc kernel: NVRM: RmInitAdapter: osInitNvMapping failed, bailing out of RmInitAdapter
May 07 16:54:41 obpc kernel: NVRM: GPU 0000:04:00.0: RmInitAdapter failed! (0x22:0x38:918)
May 07 16:54:41 obpc kernel: NVRM: GPU 0000:04:00.0: rm_init_adapter failed, device minor number 0
May 07 16:54:51 obpc kernel: NVRM: RmInitAdapter: osInitNvMapping failed, bailing out of RmInitAdapter
May 07 16:54:51 obpc kernel: NVRM: GPU 0000:04:00.0: RmInitAdapter failed! (0x22:0x38:918)
May 07 16:54:51 obpc kernel: NVRM: GPU 0000:04:00.0: rm_init_adapter failed, device minor number 0
May 07 16:55:01 obpc kernel: NVRM: RmInitAdapter: osInitNvMapping failed, bailing out of RmInitAdapter
May 07 16:55:01 obpc kernel: NVRM: GPU 0000:04:00.0: RmInitAdapter failed! (0x22:0x38:918)
May 07 16:55:01 obpc kernel: NVRM: GPU 0000:04:00.0: rm_init_adapter failed, device minor number 0
May 07 16:55:11 obpc kernel: NVRM: RmInitAdapter: osInitNvMapping failed, bailing out of RmInitAdapter
May 07 16:55:11 obpc kernel: NVRM: GPU 0000:04:00.0: RmInitAdapter failed! (0x22:0x38:918)
May 07 16:55:11 obpc kernel: NVRM: GPU 0000:04:00.0: rm_init_adapter failed, device minor number 0
May 07 16:55:21 obpc kernel: NVRM: RmInitAdapter: osInitNvMapping failed, bailing out of RmInitAdapter
May 07 16:55:21 obpc kernel: NVRM: GPU 0000:04:00.0: RmInitAdapter failed! (0x22:0x38:918)
May 07 16:55:21 obpc kernel: NVRM: GPU 0000:04:00.0: rm_init_adapter failed, device minor number 0
May 07 16:55:31 obpc kernel: NVRM: RmInitAdapter: osInitNvMapping failed, bailing out of RmInitAdapter
May 07 16:55:31 obpc kernel: NVRM: GPU 0000:04:00.0: RmInitAdapter failed! (0x22:0x38:918)
May 07 16:55:31 obpc kernel: NVRM: GPU 0000:04:00.0: rm_init_adapter failed, device minor number 0
May 07 16:55:42 obpc kernel: NVRM: RmInitAdapter: osInitNvMapping failed, bailing out of RmInitAdapter
May 07 16:55:42 obpc kernel: NVRM: GPU 0000:04:00.0: RmInitAdapter failed! (0x22:0x38:918)
May 07 16:55:42 obpc kernel: NVRM: GPU 0000:04:00.0: rm_init_adapter failed, device minor number 0
May 07 16:55:52 obpc kernel: NVRM: RmInitAdapter: osInitNvMapping failed, bailing out of RmInitAdapter
May 07 16:55:52 obpc kernel: NVRM: GPU 0000:04:00.0: RmInitAdapter failed! (0x22:0x38:918)
May 07 16:55:52 obpc kernel: NVRM: GPU 0000:04:00.0: rm_init_adapter failed, device minor number 0
May 07 16:56:02 obpc kernel: NVRM: RmInitAdapter: osInitNvMapping failed, bailing out of RmInitAdapter
May 07 16:56:02 obpc kernel: NVRM: GPU 0000:04:00.0: RmInitAdapter failed! (0x22:0x38:918)
May 07 16:56:02 obpc kernel: NVRM: GPU 0000:04:00.0: rm_init_adapter failed, device minor number 0
May 07 16:56:12 obpc kernel: NVRM: RmInitAdapter: osInitNvMapping failed, bailing out of RmInitAdapter
May 07 16:56:12 obpc kernel: NVRM: GPU 0000:04:00.0: RmInitAdapter failed! (0x22:0x38:918)
May 07 16:56:12 obpc kernel: NVRM: GPU 0000:04:00.0: rm_init_adapter failed, device minor number 0
May 07 16:56:22 obpc kernel: NVRM: RmInitAdapter: osInitNvMapping failed, bailing out of RmInitAdapter
May 07 16:56:22 obpc kernel: NVRM: GPU 0000:04:00.0: RmInitAdapter failed! (0x22:0x38:918)
May 07 16:56:22 obpc kernel: NVRM: GPU 0000:04:00.0: rm_init_adapter failed, device minor number 0
May 07 16:56:32 obpc kernel: NVRM: RmInitAdapter: osInitNvMapping failed, bailing out of RmInitAdapter
May 07 16:56:32 obpc kernel: NVRM: GPU 0000:04:00.0: RmInitAdapter failed! (0x22:0x38:918)
May 07 16:56:32 obpc kernel: NVRM: GPU 0000:04:00.0: rm_init_adapter failed, device minor number 0
May 07 16:56:42 obpc kernel: NVRM: RmInitAdapter: osInitNvMapping failed, bailing out of RmInitAdapter
May 07 16:56:42 obpc kernel: NVRM: GPU 0000:04:00.0: RmInitAdapter failed! (0x22:0x38:918)
May 07 16:56:42 obpc kernel: NVRM: GPU 0000:04:00.0: rm_init_adapter failed, device minor number 0
May 07 16:56:52 obpc kernel: NVRM: RmInitAdapter: osInitNvMapping failed, bailing out of RmInitAdapter
May 07 16:56:52 obpc kernel: NVRM: GPU 0000:04:00.0: RmInitAdapter failed! (0x22:0x38:918)
May 07 16:56:52 obpc kernel: NVRM: GPU 0000:04:00.0: rm_init_adapter failed, device minor number 0
May 07 16:57:02 obpc kernel: NVRM: RmInitAdapter: osInitNvMapping failed, bailing out of RmInitAdapter
May 07 16:57:02 obpc kernel: NVRM: GPU 0000:04:00.0: RmInitAdapter failed! (0x22:0x38:918)
May 07 16:57:02 obpc kernel: NVRM: GPU 0000:04:00.0: rm_init_adapter failed, device minor number 0
May 07 16:57:13 obpc kernel: NVRM: RmInitAdapter: osInitNvMapping failed, bailing out of RmInitAdapter
May 07 16:57:13 obpc kernel: NVRM: GPU 0000:04:00.0: RmInitAdapter failed! (0x22:0x38:918)
May 07 16:57:13 obpc kernel: NVRM: GPU 0000:04:00.0: rm_init_adapter failed, device minor number 0
May 07 16:57:23 obpc kernel: NVRM: RmInitAdapter: osInitNvMapping failed, bailing out of RmInitAdapter
May 07 16:57:23 obpc kernel: NVRM: GPU 0000:04:00.0: RmInitAdapter failed! (0x22:0x38:918)
May 07 16:57:23 obpc kernel: NVRM: GPU 0000:04:00.0: rm_init_adapter failed, device minor number 0
May 07 16:57:33 obpc kernel: NVRM: RmInitAdapter: osInitNvMapping failed, bailing out of RmInitAdapter
May 07 16:57:33 obpc kernel: NVRM: GPU 0000:04:00.0: RmInitAdapter failed! (0x22:0x38:918)
May 07 16:57:33 obpc kernel: NVRM: GPU 0000:04:00.0: rm_init_adapter failed, device minor number 0
May 07 16:57:43 obpc kernel: NVRM: RmInitAdapter: osInitNvMapping failed, bailing out of RmInitAdapter
May 07 16:57:43 obpc kernel: NVRM: GPU 0000:04:00.0: RmInitAdapter failed! (0x22:0x38:918)
May 07 16:57:43 obpc kernel: NVRM: GPU 0000:04:00.0: rm_init_adapter failed, device minor number 0
May 07 16:57:53 obpc kernel: NVRM: RmInitAdapter: osInitNvMapping failed, bailing out of RmInitAdapter
May 07 16:57:53 obpc kernel: NVRM: GPU 0000:04:00.0: RmInitAdapter failed! (0x22:0x38:918)
May 07 16:57:53 obpc kernel: NVRM: GPU 0000:04:00.0: rm_init_adapter failed, device minor number 0
May 07 16:58:03 obpc kernel: NVRM: RmInitAdapter: osInitNvMapping failed, bailing out of RmInitAdapter
May 07 16:58:03 obpc kernel: NVRM: GPU 0000:04:00.0: RmInitAdapter failed! (0x22:0x38:918)
May 07 16:58:03 obpc kernel: NVRM: GPU 0000:04:00.0: rm_init_adapter failed, device minor number 0
May 07 16:58:13 obpc kernel: NVRM: RmInitAdapter: osInitNvMapping failed, bailing out of RmInitAdapter
May 07 16:58:13 obpc kernel: NVRM: GPU 0000:04:00.0: RmInitAdapter failed! (0x22:0x38:918)
May 07 16:58:13 obpc kernel: NVRM: GPU 0000:04:00.0: rm_init_adapter failed, device minor number 0
May 07 16:58:23 obpc kernel: NVRM: RmInitAdapter: osInitNvMapping failed, bailing out of RmInitAdapter
May 07 16:58:23 obpc kernel: NVRM: GPU 0000:04:00.0: RmInitAdapter failed! (0x22:0x38:918)
May 07 16:58:23 obpc kernel: NVRM: GPU 0000:04:00.0: rm_init_adapter failed, device minor number 0
May 07 16:58:33 obpc kernel: NVRM: RmInitAdapter: osInitNvMapping failed, bailing out of RmInitAdapter
May 07 16:58:33 obpc kernel: NVRM: GPU 0000:04:00.0: RmInitAdapter failed! (0x22:0x38:918)
May 07 16:58:33 obpc kernel: NVRM: GPU 0000:04:00.0: rm_init_adapter failed, device minor number 0
May 07 16:58:43 obpc kernel: NVRM: RmInitAdapter: osInitNvMapping failed, bailing out of RmInitAdapter
May 07 16:58:43 obpc kernel: NVRM: GPU 0000:04:00.0: RmInitAdapter failed! (0x22:0x38:918)
May 07 16:58:43 obpc kernel: NVRM: GPU 0000:04:00.0: rm_init_adapter failed, device minor number 0
May 07 16:58:54 obpc kernel: NVRM: RmInitAdapter: osInitNvMapping failed, bailing out of RmInitAdapter
May 07 16:58:54 obpc kernel: NVRM: GPU 0000:04:00.0: RmInitAdapter failed! (0x22:0x38:918)
May 07 16:58:54 obpc kernel: NVRM: GPU 0000:04:00.0: rm_init_adapter failed, device minor number 0
May 07 16:59:04 obpc kernel: NVRM: RmInitAdapter: osInitNvMapping failed, bailing out of RmInitAdapter
May 07 16:59:04 obpc kernel: NVRM: GPU 0000:04:00.0: RmInitAdapter failed! (0x22:0x38:918)
May 07 16:59:04 obpc kernel: NVRM: GPU 0000:04:00.0: rm_init_adapter failed, device minor number 0
May 07 16:59:04 obpc kernel: NVRM: RmInitAdapter: osInitNvMapping failed, bailing out of RmInitAdapter
May 07 16:59:04 obpc kernel: NVRM: GPU 0000:04:00.0: RmInitAdapter failed! (0x22:0x38:918)
May 07 16:59:04 obpc kernel: NVRM: GPU 0000:04:00.0: rm_init_adapter failed, device minor number 0
May 07 16:59:14 obpc kernel: NVRM: RmInitAdapter: osInitNvMapping failed, bailing out of RmInitAdapter
May 07 16:59:14 obpc kernel: NVRM: GPU 0000:04:00.0: RmInitAdapter failed! (0x22:0x38:918)
May 07 16:59:14 obpc kernel: NVRM: GPU 0000:04:00.0: rm_init_adapter failed, device minor number 0
May 07 16:59:24 obpc kernel: NVRM: RmInitAdapter: osInitNvMapping failed, bailing out of RmInitAdapter
May 07 16:59:24 obpc kernel: NVRM: GPU 0000:04:00.0: RmInitAdapter failed! (0x22:0x38:918)
May 07 16:59:24 obpc kernel: NVRM: GPU 0000:04:00.0: rm_init_adapter failed, device minor number 0
May 07 16:59:34 obpc kernel: NVRM: RmInitAdapter: osInitNvMapping failed, bailing out of RmInitAdapter
May 07 16:59:34 obpc kernel: NVRM: GPU 0000:04:00.0: RmInitAdapter failed! (0x22:0x38:918)
May 07 16:59:34 obpc kernel: NVRM: GPU 0000:04:00.0: rm_init_adapter failed, device minor number 0
May 07 16:59:44 obpc kernel: NVRM: RmInitAdapter: osInitNvMapping failed, bailing out of RmInitAdapter
May 07 16:59:44 obpc kernel: NVRM: GPU 0000:04:00.0: RmInitAdapter failed! (0x22:0x38:918)
May 07 16:59:44 obpc kernel: NVRM: GPU 0000:04:00.0: rm_init_adapter failed, device minor number 0
May 07 16:59:54 obpc kernel: NVRM: RmInitAdapter: osInitNvMapping failed, bailing out of RmInitAdapter
May 07 16:59:54 obpc kernel: NVRM: GPU 0000:04:00.0: RmInitAdapter failed! (0x22:0x38:918)
May 07 16:59:54 obpc kernel: NVRM: GPU 0000:04:00.0: rm_init_adapter failed, device minor number 0
May 07 17:00:04 obpc kernel: NVRM: RmInitAdapter: osInitNvMapping failed, bailing out of RmInitAdapter
May 07 17:00:04 obpc kernel: NVRM: GPU 0000:04:00.0: RmInitAdapter failed! (0x22:0x38:918)
May 07 17:00:04 obpc kernel: NVRM: GPU 0000:04:00.0: rm_init_adapter failed, device minor number 0
May 07 17:00:14 obpc kernel: NVRM: RmInitAdapter: osInitNvMapping failed, bailing out of RmInitAdapter
May 07 17:00:14 obpc kernel: NVRM: GPU 0000:04:00.0: RmInitAdapter failed! (0x22:0x38:918)
May 07 17:00:14 obpc kernel: NVRM: GPU 0000:04:00.0: rm_init_adapter failed, device minor number 0
May 07 17:00:24 obpc kernel: NVRM: RmInitAdapter: osInitNvMapping failed, bailing out of RmInitAdapter
May 07 17:00:24 obpc kernel: NVRM: GPU 0000:04:00.0: RmInitAdapter failed! (0x22:0x38:918)
May 07 17:00:24 obpc kernel: NVRM: GPU 0000:04:00.0: rm_init_adapter failed, device minor number 0
May 07 17:00:35 obpc kernel: NVRM: RmInitAdapter: osInitNvMapping failed, bailing out of RmInitAdapter
May 07 17:00:35 obpc kernel: NVRM: GPU 0000:04:00.0: RmInitAdapter failed! (0x22:0x38:918)
May 07 17:00:35 obpc kernel: NVRM: GPU 0000:04:00.0: rm_init_adapter failed, device minor number 0
May 07 17:00:45 obpc kernel: NVRM: RmInitAdapter: osInitNvMapping failed, bailing out of RmInitAdapter
May 07 17:00:45 obpc kernel: NVRM: GPU 0000:04:00.0: RmInitAdapter failed! (0x22:0x38:918)
May 07 17:00:45 obpc kernel: NVRM: GPU 0000:04:00.0: rm_init_adapter failed, device minor number 0
May 07 17:00:55 obpc kernel: NVRM: RmInitAdapter: osInitNvMapping failed, bailing out of RmInitAdapter
May 07 17:00:55 obpc kernel: NVRM: GPU 0000:04:00.0: RmInitAdapter failed! (0x22:0x38:918)
May 07 17:00:55 obpc kernel: NVRM: GPU 0000:04:00.0: rm_init_adapter failed, device minor number 0
May 07 17:01:05 obpc kernel: NVRM: RmInitAdapter: osInitNvMapping failed, bailing out of RmInitAdapter
May 07 17:01:05 obpc kernel: NVRM: GPU 0000:04:00.0: RmInitAdapter failed! (0x22:0x38:918)
May 07 17:01:05 obpc kernel: NVRM: GPU 0000:04:00.0: rm_init_adapter failed, device minor number 0
May 07 17:01:15 obpc kernel: NVRM: RmInitAdapter: osInitNvMapping failed, bailing out of RmInitAdapter
May 07 17:01:15 obpc kernel: NVRM: GPU 0000:04:00.0: RmInitAdapter failed! (0x22:0x38:918)
May 07 17:01:15 obpc kernel: NVRM: GPU 0000:04:00.0: rm_init_adapter failed, device minor number 0
May 07 17:01:25 obpc kernel: NVRM: RmInitAdapter: osInitNvMapping failed, bailing out of RmInitAdapter
May 07 17:01:25 obpc kernel: NVRM: GPU 0000:04:00.0: RmInitAdapter failed! (0x22:0x38:918)
May 07 17:01:25 obpc kernel: NVRM: GPU 0000:04:00.0: rm_init_adapter failed, device minor number 0
May 07 17:01:35 obpc kernel: NVRM: RmInitAdapter: osInitNvMapping failed, bailing out of RmInitAdapter
May 07 17:01:35 obpc kernel: NVRM: GPU 0000:04:00.0: RmInitAdapter failed! (0x22:0x38:918)
May 07 17:01:35 obpc kernel: NVRM: GPU 0000:04:00.0: rm_init_adapter failed, device minor number 0
May 07 17:01:45 obpc kernel: NVRM: RmInitAdapter: osInitNvMapping failed, bailing out of RmInitAdapter
May 07 17:01:45 obpc kernel: NVRM: GPU 0000:04:00.0: RmInitAdapter failed! (0x22:0x38:918)
May 07 17:01:45 obpc kernel: NVRM: GPU 0000:04:00.0: rm_init_adapter failed, device minor number 0
May 07 17:01:55 obpc kernel: NVRM: RmInitAdapter: osInitNvMapping failed, bailing out of RmInitAdapter
May 07 17:01:55 obpc kernel: NVRM: GPU 0000:04:00.0: RmInitAdapter failed! (0x22:0x38:918)
May 07 17:01:55 obpc kernel: NVRM: GPU 0000:04:00.0: rm_init_adapter failed, device minor number 0
May 07 17:02:05 obpc kernel: NVRM: RmInitAdapter: osInitNvMapping failed, bailing out of RmInitAdapter
May 07 17:02:05 obpc kernel: NVRM: GPU 0000:04:00.0: RmInitAdapter failed! (0x22:0x38:918)
May 07 17:02:05 obpc kernel: NVRM: GPU 0000:04:00.0: rm_init_adapter failed, device minor number 0
May 07 17:02:16 obpc kernel: NVRM: RmInitAdapter: osInitNvMapping failed, bailing out of RmInitAdapter
May 07 17:02:16 obpc kernel: NVRM: GPU 0000:04:00.0: RmInitAdapter failed! (0x22:0x38:918)
May 07 17:02:16 obpc kernel: NVRM: GPU 0000:04:00.0: rm_init_adapter failed, device minor number 0
May 07 17:02:26 obpc kernel: NVRM: RmInitAdapter: osInitNvMapping failed, bailing out of RmInitAdapter
May 07 17:02:26 obpc kernel: NVRM: GPU 0000:04:00.0: RmInitAdapter failed! (0x22:0x38:918)
May 07 17:02:26 obpc kernel: NVRM: GPU 0000:04:00.0: rm_init_adapter failed, device minor number 0
May 07 17:02:36 obpc kernel: NVRM: RmInitAdapter: osInitNvMapping failed, bailing out of RmInitAdapter
May 07 17:02:36 obpc kernel: NVRM: GPU 0000:04:00.0: RmInitAdapter failed! (0x22:0x38:918)
May 07 17:02:36 obpc kernel: NVRM: GPU 0000:04:00.0: rm_init_adapter failed, device minor number 0
May 07 17:02:46 obpc kernel: NVRM: RmInitAdapter: osInitNvMapping failed, bailing out of RmInitAdapter
May 07 17:02:46 obpc kernel: NVRM: GPU 0000:04:00.0: RmInitAdapter failed! (0x22:0x38:918)
May 07 17:02:46 obpc kernel: NVRM: GPU 0000:04:00.0: rm_init_adapter failed, device minor number 0
May 07 17:02:56 obpc kernel: NVRM: RmInitAdapter: osInitNvMapping failed, bailing out of RmInitAdapter
May 07 17:02:56 obpc kernel: NVRM: GPU 0000:04:00.0: RmInitAdapter failed! (0x22:0x38:918)
May 07 17:02:56 obpc kernel: NVRM: GPU 0000:04:00.0: rm_init_adapter failed, device minor number 0
May 07 17:03:06 obpc kernel: NVRM: RmInitAdapter: osInitNvMapping failed, bailing out of RmInitAdapter
May 07 17:03:06 obpc kernel: NVRM: GPU 0000:04:00.0: RmInitAdapter failed! (0x22:0x38:918)
May 07 17:03:06 obpc kernel: NVRM: GPU 0000:04:00.0: rm_init_adapter failed, device minor number 0
May 07 17:03:16 obpc kernel: NVRM: RmInitAdapter: osInitNvMapping failed, bailing out of RmInitAdapter
May 07 17:03:16 obpc kernel: NVRM: GPU 0000:04:00.0: RmInitAdapter failed! (0x22:0x38:918)
May 07 17:03:16 obpc kernel: NVRM: GPU 0000:04:00.0: rm_init_adapter failed, device minor number 0
May 07 17:03:26 obpc kernel: NVRM: RmInitAdapter: osInitNvMapping failed, bailing out of RmInitAdapter
May 07 17:03:26 obpc kernel: NVRM: GPU 0000:04:00.0: RmInitAdapter failed! (0x22:0x38:918)
May 07 17:03:26 obpc kernel: NVRM: GPU 0000:04:00.0: rm_init_adapter failed, device minor number 0
May 07 17:03:36 obpc kernel: NVRM: RmInitAdapter: osInitNvMapping failed, bailing out of RmInitAdapter
May 07 17:03:36 obpc kernel: NVRM: GPU 0000:04:00.0: RmInitAdapter failed! (0x22:0x38:918)
May 07 17:03:36 obpc kernel: NVRM: GPU 0000:04:00.0: rm_init_adapter failed, device minor number 0
May 07 17:03:46 obpc kernel: NVRM: RmInitAdapter: osInitNvMapping failed, bailing out of RmInitAdapter
May 07 17:03:46 obpc kernel: NVRM: GPU 0000:04:00.0: RmInitAdapter failed! (0x22:0x38:918)
May 07 17:03:46 obpc kernel: NVRM: GPU 0000:04:00.0: rm_init_adapter failed, device minor number 0
May 07 17:03:57 obpc kernel: NVRM: RmInitAdapter: osInitNvMapping failed, bailing out of RmInitAdapter
May 07 17:03:57 obpc kernel: NVRM: GPU 0000:04:00.0: RmInitAdapter failed! (0x22:0x38:918)
May 07 17:03:57 obpc kernel: NVRM: GPU 0000:04:00.0: rm_init_adapter failed, device minor number 0
May 07 17:04:07 obpc kernel: NVRM: RmInitAdapter: osInitNvMapping failed, bailing out of RmInitAdapter
May 07 17:04:07 obpc kernel: NVRM: GPU 0000:04:00.0: RmInitAdapter failed! (0x22:0x38:918)
May 07 17:04:07 obpc kernel: NVRM: GPU 0000:04:00.0: rm_init_adapter failed, device minor number 0
May 07 17:04:17 obpc kernel: NVRM: RmInitAdapter: osInitNvMapping failed, bailing out of RmInitAdapter
May 07 17:04:17 obpc kernel: NVRM: GPU 0000:04:00.0: RmInitAdapter failed! (0x22:0x38:918)
May 07 17:04:17 obpc kernel: NVRM: GPU 0000:04:00.0: rm_init_adapter failed, device minor number 0
May 07 17:04:27 obpc kernel: NVRM: RmInitAdapter: osInitNvMapping failed, bailing out of RmInitAdapter
May 07 17:04:27 obpc kernel: NVRM: GPU 0000:04:00.0: RmInitAdapter failed! (0x22:0x38:918)
May 07 17:04:27 obpc kernel: NVRM: GPU 0000:04:00.0: rm_init_adapter failed, device minor number 0
May 07 17:04:37 obpc kernel: NVRM: RmInitAdapter: osInitNvMapping failed, bailing out of RmInitAdapter
May 07 17:04:37 obpc kernel: NVRM: GPU 0000:04:00.0: RmInitAdapter failed! (0x22:0x38:918)
May 07 17:04:37 obpc kernel: NVRM: GPU 0000:04:00.0: rm_init_adapter failed, device minor number 0
May 07 17:04:47 obpc kernel: NVRM: RmInitAdapter: osInitNvMapping failed, bailing out of RmInitAdapter
May 07 17:04:47 obpc kernel: NVRM: GPU 0000:04:00.0: RmInitAdapter failed! (0x22:0x38:918)
May 07 17:04:47 obpc kernel: NVRM: GPU 0000:04:00.0: rm_init_adapter failed, device minor number 0
May 07 17:04:57 obpc kernel: NVRM: RmInitAdapter: osInitNvMapping failed, bailing out of RmInitAdapter
May 07 17:04:57 obpc kernel: NVRM: GPU 0000:04:00.0: RmInitAdapter failed! (0x22:0x38:918)
May 07 17:04:57 obpc kernel: NVRM: GPU 0000:04:00.0: rm_init_adapter failed, device minor number 0
May 07 17:05:07 obpc kernel: NVRM: RmInitAdapter: osInitNvMapping failed, bailing out of RmInitAdapter
May 07 17:05:07 obpc kernel: NVRM: GPU 0000:04:00.0: RmInitAdapter failed! (0x22:0x38:918)
May 07 17:05:07 obpc kernel: NVRM: GPU 0000:04:00.0: rm_init_adapter failed, device minor number 0
May 07 17:05:17 obpc kernel: NVRM: RmInitAdapter: osInitNvMapping failed, bailing out of RmInitAdapter
May 07 17:05:17 obpc kernel: NVRM: GPU 0000:04:00.0: RmInitAdapter failed! (0x22:0x38:918)
May 07 17:05:17 obpc kernel: NVRM: GPU 0000:04:00.0: rm_init_adapter failed, device minor number 0
May 07 17:05:27 obpc kernel: NVRM: RmInitAdapter: osInitNvMapping failed, bailing out of RmInitAdapter
May 07 17:05:27 obpc kernel: NVRM: GPU 0000:04:00.0: RmInitAdapter failed! (0x22:0x38:918)
May 07 17:05:27 obpc kernel: NVRM: GPU 0000:04:00.0: rm_init_adapter failed, device minor number 0
May 07 17:05:38 obpc kernel: NVRM: RmInitAdapter: osInitNvMapping failed, bailing out of RmInitAdapter
May 07 17:05:38 obpc kernel: NVRM: GPU 0000:04:00.0: RmInitAdapter failed! (0x22:0x38:918)
May 07 17:05:38 obpc kernel: NVRM: GPU 0000:04:00.0: rm_init_adapter failed, device minor number 0
May 07 17:05:48 obpc kernel: NVRM: RmInitAdapter: osInitNvMapping failed, bailing out of RmInitAdapter
May 07 17:05:48 obpc kernel: NVRM: GPU 0000:04:00.0: RmInitAdapter failed! (0x22:0x38:918)
May 07 17:05:48 obpc kernel: NVRM: GPU 0000:04:00.0: rm_init_adapter failed, device minor number 0
May 07 17:05:58 obpc kernel: NVRM: RmInitAdapter: osInitNvMapping failed, bailing out of RmInitAdapter
May 07 17:05:58 obpc kernel: NVRM: GPU 0000:04:00.0: RmInitAdapter failed! (0x22:0x38:918)
May 07 17:05:58 obpc kernel: NVRM: GPU 0000:04:00.0: rm_init_adapter failed, device minor number 0
May 07 17:06:08 obpc kernel: NVRM: RmInitAdapter: osInitNvMapping failed, bailing out of RmInitAdapter
May 07 17:06:08 obpc kernel: NVRM: GPU 0000:04:00.0: RmInitAdapter failed! (0x22:0x38:918)
May 07 17:06:08 obpc kernel: NVRM: GPU 0000:04:00.0: rm_init_adapter failed, device minor number 0
May 07 17:06:18 obpc kernel: NVRM: RmInitAdapter: osInitNvMapping failed, bailing out of RmInitAdapter
May 07 17:06:18 obpc kernel: NVRM: GPU 0000:04:00.0: RmInitAdapter failed! (0x22:0x38:918)
May 07 17:06:18 obpc kernel: NVRM: GPU 0000:04:00.0: rm_init_adapter failed, device minor number 0
May 07 17:06:28 obpc kernel: NVRM: RmInitAdapter: osInitNvMapping failed, bailing out of RmInitAdapter
May 07 17:06:28 obpc kernel: NVRM: GPU 0000:04:00.0: RmInitAdapter failed! (0x22:0x38:918)
May 07 17:06:28 obpc kernel: NVRM: GPU 0000:04:00.0: rm_init_adapter failed, device minor number 0
May 07 17:06:38 obpc kernel: NVRM: RmInitAdapter: osInitNvMapping failed, bailing out of RmInitAdapter
May 07 17:06:38 obpc kernel: NVRM: GPU 0000:04:00.0: RmInitAdapter failed! (0x22:0x38:918)
May 07 17:06:38 obpc kernel: NVRM: GPU 0000:04:00.0: rm_init_adapter failed, device minor number 0
May 07 17:06:48 obpc kernel: NVRM: RmInitAdapter: osInitNvMapping failed, bailing out of RmInitAdapter
May 07 17:06:48 obpc kernel: NVRM: GPU 0000:04:00.0: RmInitAdapter failed! (0x22:0x38:918)
May 07 17:06:48 obpc kernel: NVRM: GPU 0000:04:00.0: rm_init_adapter failed, device minor number 0
May 07 17:06:58 obpc kernel: NVRM: RmInitAdapter: osInitNvMapping failed, bailing out of RmInitAdapter
May 07 17:06:58 obpc kernel: NVRM: GPU 0000:04:00.0: RmInitAdapter failed! (0x22:0x38:918)
May 07 17:06:58 obpc kernel: NVRM: GPU 0000:04:00.0: rm_init_adapter failed, device minor number 0
May 07 17:07:08 obpc kernel: NVRM: RmInitAdapter: osInitNvMapping failed, bailing out of RmInitAdapter
May 07 17:07:08 obpc kernel: NVRM: GPU 0000:04:00.0: RmInitAdapter failed! (0x22:0x38:918)
May 07 17:07:08 obpc kernel: NVRM: GPU 0000:04:00.0: rm_init_adapter failed, device minor number 0
May 07 17:07:19 obpc kernel: NVRM: RmInitAdapter: osInitNvMapping failed, bailing out of RmInitAdapter
May 07 17:07:19 obpc kernel: NVRM: GPU 0000:04:00.0: RmInitAdapter failed! (0x22:0x38:918)
May 07 17:07:19 obpc kernel: NVRM: GPU 0000:04:00.0: rm_init_adapter failed, device minor number 0
May 07 17:07:29 obpc kernel: NVRM: RmInitAdapter: osInitNvMapping failed, bailing out of RmInitAdapter
May 07 17:07:29 obpc kernel: NVRM: GPU 0000:04:00.0: RmInitAdapter failed! (0x22:0x38:918)
May 07 17:07:29 obpc kernel: NVRM: GPU 0000:04:00.0: rm_init_adapter failed, device minor number 0
May 07 17:07:39 obpc kernel: NVRM: RmInitAdapter: osInitNvMapping failed, bailing out of RmInitAdapter
May 07 17:07:39 obpc kernel: NVRM: GPU 0000:04:00.0: RmInitAdapter failed! (0x22:0x38:918)
May 07 17:07:39 obpc kernel: NVRM: GPU 0000:04:00.0: rm_init_adapter failed, device minor number 0
May 07 17:07:49 obpc kernel: NVRM: RmInitAdapter: osInitNvMapping failed, bailing out of RmInitAdapter
May 07 17:07:49 obpc kernel: NVRM: GPU 0000:04:00.0: RmInitAdapter failed! (0x22:0x38:918)
May 07 17:07:49 obpc kernel: NVRM: GPU 0000:04:00.0: rm_init_adapter failed, device minor number 0
May 07 17:07:59 obpc kernel: NVRM: RmInitAdapter: osInitNvMapping failed, bailing out of RmInitAdapter
May 07 17:07:59 obpc kernel: NVRM: GPU 0000:04:00.0: RmInitAdapter failed! (0x22:0x38:918)
May 07 17:07:59 obpc kernel: NVRM: GPU 0000:04:00.0: rm_init_adapter failed, device minor number 0
May 07 17:08:09 obpc kernel: NVRM: RmInitAdapter: osInitNvMapping failed, bailing out of RmInitAdapter
May 07 17:08:09 obpc kernel: NVRM: GPU 0000:04:00.0: RmInitAdapter failed! (0x22:0x38:918)
May 07 17:08:09 obpc kernel: NVRM: GPU 0000:04:00.0: rm_init_adapter failed, device minor number 0
May 07 17:08:19 obpc kernel: NVRM: RmInitAdapter: osInitNvMapping failed, bailing out of RmInitAdapter
May 07 17:08:19 obpc kernel: NVRM: GPU 0000:04:00.0: RmInitAdapter failed! (0x22:0x38:918)
May 07 17:08:19 obpc kernel: NVRM: GPU 0000:04:00.0: rm_init_adapter failed, device minor number 0
May 07 17:08:29 obpc kernel: NVRM: RmInitAdapter: osInitNvMapping failed, bailing out of RmInitAdapter
May 07 17:08:29 obpc kernel: NVRM: GPU 0000:04:00.0: RmInitAdapter failed! (0x22:0x38:918)
May 07 17:08:29 obpc kernel: NVRM: GPU 0000:04:00.0: rm_init_adapter failed, device minor number 0
May 07 17:08:39 obpc kernel: NVRM: RmInitAdapter: osInitNvMapping failed, bailing out of RmInitAdapter
May 07 17:08:39 obpc kernel: NVRM: GPU 0000:04:00.0: RmInitAdapter failed! (0x22:0x38:918)
May 07 17:08:39 obpc kernel: NVRM: GPU 0000:04:00.0: rm_init_adapter failed, device minor number 0
May 07 17:08:49 obpc kernel: NVRM: RmInitAdapter: osInitNvMapping failed, bailing out of RmInitAdapter
May 07 17:08:49 obpc kernel: NVRM: GPU 0000:04:00.0: RmInitAdapter failed! (0x22:0x38:918)
May 07 17:08:49 obpc kernel: NVRM: GPU 0000:04:00.0: rm_init_adapter failed, device minor number 0
May 07 17:09:00 obpc kernel: NVRM: RmInitAdapter: osInitNvMapping failed, bailing out of RmInitAdapter
May 07 17:09:00 obpc kernel: NVRM: GPU 0000:04:00.0: RmInitAdapter failed! (0x22:0x38:918)
May 07 17:09:00 obpc kernel: NVRM: GPU 0000:04:00.0: rm_init_adapter failed, device minor number 0
May 07 17:09:10 obpc kernel: NVRM: RmInitAdapter: osInitNvMapping failed, bailing out of RmInitAdapter
May 07 17:09:10 obpc kernel: NVRM: GPU 0000:04:00.0: RmInitAdapter failed! (0x22:0x38:918)
May 07 17:09:10 obpc kernel: NVRM: GPU 0000:04:00.0: rm_init_adapter failed, device minor number 0
May 07 17:09:20 obpc kernel: NVRM: RmInitAdapter: osInitNvMapping failed, bailing out of RmInitAdapter
May 07 17:09:20 obpc kernel: NVRM: GPU 0000:04:00.0: RmInitAdapter failed! (0x22:0x38:918)
May 07 17:09:20 obpc kernel: NVRM: GPU 0000:04:00.0: rm_init_adapter failed, device minor number 0
May 07 17:09:30 obpc kernel: NVRM: RmInitAdapter: osInitNvMapping failed, bailing out of RmInitAdapter
May 07 17:09:30 obpc kernel: NVRM: GPU 0000:04:00.0: RmInitAdapter failed! (0x22:0x38:918)
May 07 17:09:30 obpc kernel: NVRM: GPU 0000:04:00.0: rm_init_adapter failed, device minor number 0
May 07 17:09:40 obpc kernel: NVRM: RmInitAdapter: osInitNvMapping failed, bailing out of RmInitAdapter
May 07 17:09:40 obpc kernel: NVRM: GPU 0000:04:00.0: RmInitAdapter failed! (0x22:0x38:918)
May 07 17:09:40 obpc kernel: NVRM: GPU 0000:04:00.0: rm_init_adapter failed, device minor number 0
May 07 17:09:50 obpc kernel: NVRM: RmInitAdapter: osInitNvMapping failed, bailing out of RmInitAdapter
May 07 17:09:50 obpc kernel: NVRM: GPU 0000:04:00.0: RmInitAdapter failed! (0x22:0x38:918)
May 07 17:09:50 obpc kernel: NVRM: GPU 0000:04:00.0: rm_init_adapter failed, device minor number 0
May 07 17:10:00 obpc kernel: NVRM: RmInitAdapter: osInitNvMapping failed, bailing out of RmInitAdapter
May 07 17:10:00 obpc kernel: NVRM: GPU 0000:04:00.0: RmInitAdapter failed! (0x22:0x38:918)
May 07 17:10:00 obpc kernel: NVRM: GPU 0000:04:00.0: rm_init_adapter failed, device minor number 0
May 07 17:10:10 obpc kernel: NVRM: RmInitAdapter: osInitNvMapping failed, bailing out of RmInitAdapter
May 07 17:10:10 obpc kernel: NVRM: GPU 0000:04:00.0: RmInitAdapter failed! (0x22:0x38:918)
May 07 17:10:10 obpc kernel: NVRM: GPU 0000:04:00.0: rm_init_adapter failed, device minor number 0
May 07 17:10:20 obpc kernel: NVRM: RmInitAdapter: osInitNvMapping failed, bailing out of RmInitAdapter
May 07 17:10:20 obpc kernel: NVRM: GPU 0000:04:00.0: RmInitAdapter failed! (0x22:0x38:918)
May 07 17:10:20 obpc kernel: NVRM: GPU 0000:04:00.0: rm_init_adapter failed, device minor number 0
May 07 17:10:30 obpc kernel: NVRM: RmInitAdapter: osInitNvMapping failed, bailing out of RmInitAdapter
May 07 17:10:30 obpc kernel: NVRM: GPU 0000:04:00.0: RmInitAdapter failed! (0x22:0x38:918)
May 07 17:10:30 obpc kernel: NVRM: GPU 0000:04:00.0: rm_init_adapter failed, device minor number 0
May 07 17:10:41 obpc kernel: NVRM: RmInitAdapter: osInitNvMapping failed, bailing out of RmInitAdapter
May 07 17:10:41 obpc kernel: NVRM: GPU 0000:04:00.0: RmInitAdapter failed! (0x22:0x38:918)
May 07 17:10:41 obpc kernel: NVRM: GPU 0000:04:00.0: rm_init_adapter failed, device minor number 0
May 07 17:10:51 obpc kernel: NVRM: RmInitAdapter: osInitNvMapping failed, bailing out of RmInitAdapter
May 07 17:10:51 obpc kernel: NVRM: GPU 0000:04:00.0: RmInitAdapter failed! (0x22:0x38:918)
May 07 17:10:51 obpc kernel: NVRM: GPU 0000:04:00.0: rm_init_adapter failed, device minor number 0
May 07 17:11:01 obpc kernel: NVRM: RmInitAdapter: osInitNvMapping failed, bailing out of RmInitAdapter
May 07 17:11:01 obpc kernel: NVRM: GPU 0000:04:00.0: RmInitAdapter failed! (0x22:0x38:918)
May 07 17:11:01 obpc kernel: NVRM: GPU 0000:04:00.0: rm_init_adapter failed, device minor number 0
May 07 17:11:11 obpc kernel: NVRM: RmInitAdapter: osInitNvMapping failed, bailing out of RmInitAdapter
May 07 17:11:11 obpc kernel: NVRM: GPU 0000:04:00.0: RmInitAdapter failed! (0x22:0x38:918)
May 07 17:11:11 obpc kernel: NVRM: GPU 0000:04:00.0: rm_init_adapter failed, device minor number 0
May 07 17:11:21 obpc kernel: NVRM: RmInitAdapter: osInitNvMapping failed, bailing out of RmInitAdapter
May 07 17:11:21 obpc kernel: NVRM: GPU 0000:04:00.0: RmInitAdapter failed! (0x22:0x38:918)
May 07 17:11:21 obpc kernel: NVRM: GPU 0000:04:00.0: rm_init_adapter failed, device minor number 0
May 07 17:11:31 obpc kernel: NVRM: RmInitAdapter: osInitNvMapping failed, bailing out of RmInitAdapter
May 07 17:11:31 obpc kernel: NVRM: GPU 0000:04:00.0: RmInitAdapter failed! (0x22:0x38:918)
May 07 17:11:31 obpc kernel: NVRM: GPU 0000:04:00.0: rm_init_adapter failed, device minor number 0
May 07 17:11:41 obpc kernel: NVRM: RmInitAdapter: osInitNvMapping failed, bailing out of RmInitAdapter
May 07 17:11:41 obpc kernel: NVRM: GPU 0000:04:00.0: RmInitAdapter failed! (0x22:0x38:918)
May 07 17:11:41 obpc kernel: NVRM: GPU 0000:04:00.0: rm_init_adapter failed, device minor number 0
May 07 17:11:51 obpc kernel: NVRM: RmInitAdapter: osInitNvMapping failed, bailing out of RmInitAdapter
May 07 17:11:51 obpc kernel: NVRM: GPU 0000:04:00.0: RmInitAdapter failed! (0x22:0x38:918)
May 07 17:11:51 obpc kernel: NVRM: GPU 0000:04:00.0: rm_init_adapter failed, device minor number 0
May 07 17:12:01 obpc kernel: NVRM: RmInitAdapter: osInitNvMapping failed, bailing out of RmInitAdapter
May 07 17:12:01 obpc kernel: NVRM: GPU 0000:04:00.0: RmInitAdapter failed! (0x22:0x38:918)
May 07 17:12:01 obpc kernel: NVRM: GPU 0000:04:00.0: rm_init_adapter failed, device minor number 0
May 07 17:12:11 obpc kernel: NVRM: RmInitAdapter: osInitNvMapping failed, bailing out of RmInitAdapter
May 07 17:12:11 obpc kernel: NVRM: GPU 0000:04:00.0: RmInitAdapter failed! (0x22:0x38:918)
May 07 17:12:11 obpc kernel: NVRM: GPU 0000:04:00.0: rm_init_adapter failed, device minor number 0
May 07 17:12:22 obpc kernel: NVRM: RmInitAdapter: osInitNvMapping failed, bailing out of RmInitAdapter
May 07 17:12:22 obpc kernel: NVRM: GPU 0000:04:00.0: RmInitAdapter failed! (0x22:0x38:918)
May 07 17:12:22 obpc kernel: NVRM: GPU 0000:04:00.0: rm_init_adapter failed, device minor number 0
May 07 17:12:32 obpc kernel: NVRM: RmInitAdapter: osInitNvMapping failed, bailing out of RmInitAdapter
May 07 17:12:32 obpc kernel: NVRM: GPU 0000:04:00.0: RmInitAdapter failed! (0x22:0x38:918)
May 07 17:12:32 obpc kernel: NVRM: GPU 0000:04:00.0: rm_init_adapter failed, device minor number 0
May 07 17:12:42 obpc kernel: NVRM: RmInitAdapter: osInitNvMapping failed, bailing out of RmInitAdapter
May 07 17:12:42 obpc kernel: NVRM: GPU 0000:04:00.0: RmInitAdapter failed! (0x22:0x38:918)
May 07 17:12:42 obpc kernel: NVRM: GPU 0000:04:00.0: rm_init_adapter failed, device minor number 0
May 07 17:12:52 obpc kernel: NVRM: RmInitAdapter: osInitNvMapping failed, bailing out of RmInitAdapter
May 07 17:12:52 obpc kernel: NVRM: GPU 0000:04:00.0: RmInitAdapter failed! (0x22:0x38:918)
May 07 17:12:52 obpc kernel: NVRM: GPU 0000:04:00.0: rm_init_adapter failed, device minor number 0
May 07 17:13:02 obpc kernel: NVRM: RmInitAdapter: osInitNvMapping failed, bailing out of RmInitAdapter
May 07 17:13:02 obpc kernel: NVRM: GPU 0000:04:00.0: RmInitAdapter failed! (0x22:0x38:918)
May 07 17:13:02 obpc kernel: NVRM: GPU 0000:04:00.0: rm_init_adapter failed, device minor number 0
May 07 17:13:12 obpc kernel: NVRM: RmInitAdapter: osInitNvMapping failed, bailing out of RmInitAdapter
May 07 17:13:12 obpc kernel: NVRM: GPU 0000:04:00.0: RmInitAdapter failed! (0x22:0x38:918)
May 07 17:13:12 obpc kernel: NVRM: GPU 0000:04:00.0: rm_init_adapter failed, device minor number 0
May 07 17:13:22 obpc kernel: NVRM: RmInitAdapter: osInitNvMapping failed, bailing out of RmInitAdapter
May 07 17:13:22 obpc kernel: NVRM: GPU 0000:04:00.0: RmInitAdapter failed! (0x22:0x38:918)
May 07 17:13:22 obpc kernel: NVRM: GPU 0000:04:00.0: rm_init_adapter failed, device minor number 0
May 07 17:13:32 obpc kernel: NVRM: RmInitAdapter: osInitNvMapping failed, bailing out of RmInitAdapter
May 07 17:13:32 obpc kernel: NVRM: GPU 0000:04:00.0: RmInitAdapter failed! (0x22:0x38:918)
May 07 17:13:32 obpc kernel: NVRM: GPU 0000:04:00.0: rm_init_adapter failed, device minor number 0
May 07 17:13:42 obpc kernel: NVRM: RmInitAdapter: osInitNvMapping failed, bailing out of RmInitAdapter
May 07 17:13:42 obpc kernel: NVRM: GPU 0000:04:00.0: RmInitAdapter failed! (0x22:0x38:918)
May 07 17:13:42 obpc kernel: NVRM: GPU 0000:04:00.0: rm_init_adapter failed, device minor number 0
May 07 17:13:52 obpc kernel: NVRM: RmInitAdapter: osInitNvMapping failed, bailing out of RmInitAdapter
May 07 17:13:52 obpc kernel: NVRM: GPU 0000:04:00.0: RmInitAdapter failed! (0x22:0x38:918)
May 07 17:13:52 obpc kernel: NVRM: GPU 0000:04:00.0: rm_init_adapter failed, device minor number 0
May 07 17:14:03 obpc kernel: NVRM: RmInitAdapter: osInitNvMapping failed, bailing out of RmInitAdapter
May 07 17:14:03 obpc kernel: NVRM: GPU 0000:04:00.0: RmInitAdapter failed! (0x22:0x38:918)
May 07 17:14:03 obpc kernel: NVRM: GPU 0000:04:00.0: rm_init_adapter failed, device minor number 0
May 07 17:14:13 obpc kernel: NVRM: RmInitAdapter: osInitNvMapping failed, bailing out of RmInitAdapter
May 07 17:14:13 obpc kernel: NVRM: GPU 0000:04:00.0: RmInitAdapter failed! (0x22:0x38:918)
May 07 17:14:13 obpc kernel: NVRM: GPU 0000:04:00.0: rm_init_adapter failed, device minor number 0
May 07 17:14:23 obpc kernel: NVRM: RmInitAdapter: osInitNvMapping failed, bailing out of RmInitAdapter
May 07 17:14:23 obpc kernel: NVRM: GPU 0000:04:00.0: RmInitAdapter failed! (0x22:0x38:918)
May 07 17:14:23 obpc kernel: NVRM: GPU 0000:04:00.0: rm_init_adapter failed, device minor number 0
May 07 17:14:33 obpc kernel: NVRM: RmInitAdapter: osInitNvMapping failed, bailing out of RmInitAdapter
May 07 17:14:33 obpc kernel: NVRM: GPU 0000:04:00.0: RmInitAdapter failed! (0x22:0x38:918)
May 07 17:14:33 obpc kernel: NVRM: GPU 0000:04:00.0: rm_init_adapter failed, device minor number 0
May 07 17:14:43 obpc kernel: NVRM: RmInitAdapter: osInitNvMapping failed, bailing out of RmInitAdapter
May 07 17:14:43 obpc kernel: NVRM: GPU 0000:04:00.0: RmInitAdapter failed! (0x22:0x38:918)
May 07 17:14:43 obpc kernel: NVRM: GPU 0000:04:00.0: rm_init_adapter failed, device minor number 0
May 07 17:14:53 obpc kernel: NVRM: RmInitAdapter: osInitNvMapping failed, bailing out of RmInitAdapter
May 07 17:14:53 obpc kernel: NVRM: GPU 0000:04:00.0: RmInitAdapter failed! (0x22:0x38:918)
May 07 17:14:53 obpc kernel: NVRM: GPU 0000:04:00.0: rm_init_adapter failed, device minor number 0
May 07 17:15:03 obpc kernel: NVRM: RmInitAdapter: osInitNvMapping failed, bailing out of RmInitAdapter
May 07 17:15:03 obpc kernel: NVRM: GPU 0000:04:00.0: RmInitAdapter failed! (0x22:0x38:918)
May 07 17:15:03 obpc kernel: NVRM: GPU 0000:04:00.0: rm_init_adapter failed, device minor number 0
May 07 17:15:13 obpc kernel: NVRM: RmInitAdapter: osInitNvMapping failed, bailing out of RmInitAdapter
May 07 17:15:13 obpc kernel: NVRM: GPU 0000:04:00.0: RmInitAdapter failed! (0x22:0x38:918)
May 07 17:15:13 obpc kernel: NVRM: GPU 0000:04:00.0: rm_init_adapter failed, device minor number 0
May 07 17:15:23 obpc kernel: NVRM: RmInitAdapter: osInitNvMapping failed, bailing out of RmInitAdapter
May 07 17:15:23 obpc kernel: NVRM: GPU 0000:04:00.0: RmInitAdapter failed! (0x22:0x38:918)
May 07 17:15:23 obpc kernel: NVRM: GPU 0000:04:00.0: rm_init_adapter failed, device minor number 0
May 07 17:15:33 obpc kernel: NVRM: RmInitAdapter: osInitNvMapping failed, bailing out of RmInitAdapter
May 07 17:15:33 obpc kernel: NVRM: GPU 0000:04:00.0: RmInitAdapter failed! (0x22:0x38:918)
May 07 17:15:33 obpc kernel: NVRM: GPU 0000:04:00.0: rm_init_adapter failed, device minor number 0
May 07 17:15:44 obpc kernel: NVRM: RmInitAdapter: osInitNvMapping failed, bailing out of RmInitAdapter
May 07 17:15:44 obpc kernel: NVRM: GPU 0000:04:00.0: RmInitAdapter failed! (0x22:0x38:918)
May 07 17:15:44 obpc kernel: NVRM: GPU 0000:04:00.0: rm_init_adapter failed, device minor number 0
May 07 17:15:54 obpc kernel: NVRM: RmInitAdapter: osInitNvMapping failed, bailing out of RmInitAdapter
May 07 17:15:54 obpc kernel: NVRM: GPU 0000:04:00.0: RmInitAdapter failed! (0x22:0x38:918)
May 07 17:15:54 obpc kernel: NVRM: GPU 0000:04:00.0: rm_init_adapter failed, device minor number 0
May 07 17:16:04 obpc kernel: NVRM: RmInitAdapter: osInitNvMapping failed, bailing out of RmInitAdapter
May 07 17:16:04 obpc kernel: NVRM: GPU 0000:04:00.0: RmInitAdapter failed! (0x22:0x38:918)
May 07 17:16:04 obpc kernel: NVRM: GPU 0000:04:00.0: rm_init_adapter failed, device minor number 0
May 07 17:16:14 obpc kernel: NVRM: RmInitAdapter: osInitNvMapping failed, bailing out of RmInitAdapter
May 07 17:16:14 obpc kernel: NVRM: GPU 0000:04:00.0: RmInitAdapter failed! (0x22:0x38:918)
May 07 17:16:14 obpc kernel: NVRM: GPU 0000:04:00.0: rm_init_adapter failed, device minor number 0
May 07 17:16:24 obpc kernel: NVRM: RmInitAdapter: osInitNvMapping failed, bailing out of RmInitAdapter
May 07 17:16:24 obpc kernel: NVRM: GPU 0000:04:00.0: RmInitAdapter failed! (0x22:0x38:918)
May 07 17:16:24 obpc kernel: NVRM: GPU 0000:04:00.0: rm_init_adapter failed, device minor number 0
May 07 17:16:34 obpc kernel: NVRM: RmInitAdapter: osInitNvMapping failed, bailing out of RmInitAdapter
May 07 17:16:34 obpc kernel: NVRM: GPU 0000:04:00.0: RmInitAdapter failed! (0x22:0x38:918)
May 07 17:16:34 obpc kernel: NVRM: GPU 0000:04:00.0: rm_init_adapter failed, device minor number 0
May 07 17:16:44 obpc kernel: NVRM: RmInitAdapter: osInitNvMapping failed, bailing out of RmInitAdapter
May 07 17:16:44 obpc kernel: NVRM: GPU 0000:04:00.0: RmInitAdapter failed! (0x22:0x38:918)
May 07 17:16:44 obpc kernel: NVRM: GPU 0000:04:00.0: rm_init_adapter failed, device minor number 0
May 07 17:16:54 obpc kernel: NVRM: RmInitAdapter: osInitNvMapping failed, bailing out of RmInitAdapter
May 07 17:16:54 obpc kernel: NVRM: GPU 0000:04:00.0: RmInitAdapter failed! (0x22:0x38:918)
May 07 17:16:54 obpc kernel: NVRM: GPU 0000:04:00.0: rm_init_adapter failed, device minor number 0
May 07 17:17:04 obpc kernel: NVRM: RmInitAdapter: osInitNvMapping failed, bailing out of RmInitAdapter
May 07 17:17:04 obpc kernel: NVRM: GPU 0000:04:00.0: RmInitAdapter failed! (0x22:0x38:918)
May 07 17:17:04 obpc kernel: NVRM: GPU 0000:04:00.0: rm_init_adapter failed, device minor number 0
May 07 17:17:14 obpc kernel: NVRM: RmInitAdapter: osInitNvMapping failed, bailing out of RmInitAdapter
May 07 17:17:14 obpc kernel: NVRM: GPU 0000:04:00.0: RmInitAdapter failed! (0x22:0x38:918)
May 07 17:17:14 obpc kernel: NVRM: GPU 0000:04:00.0: rm_init_adapter failed, device minor number 0
May 07 17:17:25 obpc kernel: NVRM: RmInitAdapter: osInitNvMapping failed, bailing out of RmInitAdapter
May 07 17:17:25 obpc kernel: NVRM: GPU 0000:04:00.0: RmInitAdapter failed! (0x22:0x38:918)
May 07 17:17:25 obpc kernel: NVRM: GPU 0000:04:00.0: rm_init_adapter failed, device minor number 0
May 07 17:17:35 obpc kernel: NVRM: RmInitAdapter: osInitNvMapping failed, bailing out of RmInitAdapter
May 07 17:17:35 obpc kernel: NVRM: GPU 0000:04:00.0: RmInitAdapter failed! (0x22:0x38:918)
May 07 17:17:35 obpc kernel: NVRM: GPU 0000:04:00.0: rm_init_adapter failed, device minor number 0
May 07 17:17:45 obpc kernel: NVRM: RmInitAdapter: osInitNvMapping failed, bailing out of RmInitAdapter
May 07 17:17:45 obpc kernel: NVRM: GPU 0000:04:00.0: RmInitAdapter failed! (0x22:0x38:918)
May 07 17:17:45 obpc kernel: NVRM: GPU 0000:04:00.0: rm_init_adapter failed, device minor number 0
May 07 17:17:55 obpc kernel: NVRM: RmInitAdapter: osInitNvMapping failed, bailing out of RmInitAdapter
May 07 17:17:55 obpc kernel: NVRM: GPU 0000:04:00.0: RmInitAdapter failed! (0x22:0x38:918)
May 07 17:17:55 obpc kernel: NVRM: GPU 0000:04:00.0: rm_init_adapter failed, device minor number 0
May 07 17:18:05 obpc kernel: NVRM: RmInitAdapter: osInitNvMapping failed, bailing out of RmInitAdapter
May 07 17:18:05 obpc kernel: NVRM: GPU 0000:04:00.0: RmInitAdapter failed! (0x22:0x38:918)
May 07 17:18:05 obpc kernel: NVRM: GPU 0000:04:00.0: rm_init_adapter failed, device minor number 0
May 07 17:18:15 obpc kernel: NVRM: RmInitAdapter: osInitNvMapping failed, bailing out of RmInitAdapter
May 07 17:18:15 obpc kernel: NVRM: GPU 0000:04:00.0: RmInitAdapter failed! (0x22:0x38:918)
May 07 17:18:15 obpc kernel: NVRM: GPU 0000:04:00.0: rm_init_adapter failed, device minor number 0
May 07 17:18:25 obpc kernel: NVRM: RmInitAdapter: osInitNvMapping failed, bailing out of RmInitAdapter
May 07 17:18:25 obpc kernel: NVRM: GPU 0000:04:00.0: RmInitAdapter failed! (0x22:0x38:918)
May 07 17:18:25 obpc kernel: NVRM: GPU 0000:04:00.0: rm_init_adapter failed, device minor number 0
May 07 17:18:35 obpc kernel: NVRM: RmInitAdapter: osInitNvMapping failed, bailing out of RmInitAdapter
May 07 17:18:35 obpc kernel: NVRM: GPU 0000:04:00.0: RmInitAdapter failed! (0x22:0x38:918)
May 07 17:18:35 obpc kernel: NVRM: GPU 0000:04:00.0: rm_init_adapter failed, device minor number 0
May 07 17:18:45 obpc kernel: NVRM: RmInitAdapter: osInitNvMapping failed, bailing out of RmInitAdapter
May 07 17:18:45 obpc kernel: NVRM: GPU 0000:04:00.0: RmInitAdapter failed! (0x22:0x38:918)
May 07 17:18:45 obpc kernel: NVRM: GPU 0000:04:00.0: rm_init_adapter failed, device minor number 0
May 07 17:18:55 obpc kernel: NVRM: RmInitAdapter: osInitNvMapping failed, bailing out of RmInitAdapter
May 07 17:18:55 obpc kernel: NVRM: GPU 0000:04:00.0: RmInitAdapter failed! (0x22:0x38:918)
May 07 17:18:55 obpc kernel: NVRM: GPU 0000:04:00.0: rm_init_adapter failed, device minor number 0
May 07 17:19:06 obpc kernel: NVRM: RmInitAdapter: osInitNvMapping failed, bailing out of RmInitAdapter
May 07 17:19:06 obpc kernel: NVRM: GPU 0000:04:00.0: RmInitAdapter failed! (0x22:0x38:918)
May 07 17:19:06 obpc kernel: NVRM: GPU 0000:04:00.0: rm_init_adapter failed, device minor number 0
May 07 17:19:16 obpc kernel: NVRM: RmInitAdapter: osInitNvMapping failed, bailing out of RmInitAdapter
May 07 17:19:16 obpc kernel: NVRM: GPU 0000:04:00.0: RmInitAdapter failed! (0x22:0x38:918)
May 07 17:19:16 obpc kernel: NVRM: GPU 0000:04:00.0: rm_init_adapter failed, device minor number 0
May 07 17:19:26 obpc kernel: NVRM: RmInitAdapter: osInitNvMapping failed, bailing out of RmInitAdapter
May 07 17:19:26 obpc kernel: NVRM: GPU 0000:04:00.0: RmInitAdapter failed! (0x22:0x38:918)
May 07 17:19:26 obpc kernel: NVRM: GPU 0000:04:00.0: rm_init_adapter failed, device minor number 0
May 07 17:19:36 obpc kernel: NVRM: RmInitAdapter: osInitNvMapping failed, bailing out of RmInitAdapter
May 07 17:19:36 obpc kernel: NVRM: GPU 0000:04:00.0: RmInitAdapter failed! (0x22:0x38:918)
May 07 17:19:36 obpc kernel: NVRM: GPU 0000:04:00.0: rm_init_adapter failed, device minor number 0
May 07 17:19:46 obpc kernel: NVRM: RmInitAdapter: osInitNvMapping failed, bailing out of RmInitAdapter
May 07 17:19:46 obpc kernel: NVRM: GPU 0000:04:00.0: RmInitAdapter failed! (0x22:0x38:918)
May 07 17:19:46 obpc kernel: NVRM: GPU 0000:04:00.0: rm_init_adapter failed, device minor number 0
May 07 17:19:56 obpc kernel: NVRM: RmInitAdapter: osInitNvMapping failed, bailing out of RmInitAdapter
May 07 17:19:56 obpc kernel: NVRM: GPU 0000:04:00.0: RmInitAdapter failed! (0x22:0x38:918)
May 07 17:19:56 obpc kernel: NVRM: GPU 0000:04:00.0: rm_init_adapter failed, device minor number 0
May 07 17:20:06 obpc kernel: NVRM: RmInitAdapter: osInitNvMapping failed, bailing out of RmInitAdapter
May 07 17:20:06 obpc kernel: NVRM: GPU 0000:04:00.0: RmInitAdapter failed! (0x22:0x38:918)
May 07 17:20:06 obpc kernel: NVRM: GPU 0000:04:00.0: rm_init_adapter failed, device minor number 0
May 07 17:20:16 obpc kernel: NVRM: RmInitAdapter: osInitNvMapping failed, bailing out of RmInitAdapter
May 07 17:20:16 obpc kernel: NVRM: GPU 0000:04:00.0: RmInitAdapter failed! (0x22:0x38:918)
May 07 17:20:16 obpc kernel: NVRM: GPU 0000:04:00.0: rm_init_adapter failed, device minor number 0
May 07 17:20:26 obpc kernel: NVRM: RmInitAdapter: osInitNvMapping failed, bailing out of RmInitAdapter
May 07 17:20:26 obpc kernel: NVRM: GPU 0000:04:00.0: RmInitAdapter failed! (0x22:0x38:918)
May 07 17:20:26 obpc kernel: NVRM: GPU 0000:04:00.0: rm_init_adapter failed, device minor number 0
May 07 17:20:36 obpc kernel: NVRM: RmInitAdapter: osInitNvMapping failed, bailing out of RmInitAdapter
May 07 17:20:36 obpc kernel: NVRM: GPU 0000:04:00.0: RmInitAdapter failed! (0x22:0x38:918)
May 07 17:20:36 obpc kernel: NVRM: GPU 0000:04:00.0: rm_init_adapter failed, device minor number 0
May 07 17:20:47 obpc kernel: NVRM: RmInitAdapter: osInitNvMapping failed, bailing out of RmInitAdapter
May 07 17:20:47 obpc kernel: NVRM: GPU 0000:04:00.0: RmInitAdapter failed! (0x22:0x38:918)
May 07 17:20:47 obpc kernel: NVRM: GPU 0000:04:00.0: rm_init_adapter failed, device minor number 0
May 07 17:20:57 obpc kernel: NVRM: RmInitAdapter: osInitNvMapping failed, bailing out of RmInitAdapter
May 07 17:20:57 obpc kernel: NVRM: GPU 0000:04:00.0: RmInitAdapter failed! (0x22:0x38:918)
May 07 17:20:57 obpc kernel: NVRM: GPU 0000:04:00.0: rm_init_adapter failed, device minor number 0
May 07 17:21:07 obpc kernel: NVRM: RmInitAdapter: osInitNvMapping failed, bailing out of RmInitAdapter
May 07 17:21:07 obpc kernel: NVRM: GPU 0000:04:00.0: RmInitAdapter failed! (0x22:0x38:918)
May 07 17:21:07 obpc kernel: NVRM: GPU 0000:04:00.0: rm_init_adapter failed, device minor number 0
May 07 17:21:17 obpc kernel: NVRM: RmInitAdapter: osInitNvMapping failed, bailing out of RmInitAdapter
May 07 17:21:17 obpc kernel: NVRM: GPU 0000:04:00.0: RmInitAdapter failed! (0x22:0x38:918)
May 07 17:21:17 obpc kernel: NVRM: GPU 0000:04:00.0: rm_init_adapter failed, device minor number 0
May 07 17:21:27 obpc kernel: NVRM: RmInitAdapter: osInitNvMapping failed, bailing out of RmInitAdapter
May 07 17:21:27 obpc kernel: NVRM: GPU 0000:04:00.0: RmInitAdapter failed! (0x22:0x38:918)
May 07 17:21:27 obpc kernel: NVRM: GPU 0000:04:00.0: rm_init_adapter failed, device minor number 0
May 07 17:21:37 obpc kernel: NVRM: RmInitAdapter: osInitNvMapping failed, bailing out of RmInitAdapter
May 07 17:21:37 obpc kernel: NVRM: GPU 0000:04:00.0: RmInitAdapter failed! (0x22:0x38:918)
May 07 17:21:37 obpc kernel: NVRM: GPU 0000:04:00.0: rm_init_adapter failed, device minor number 0
May 07 17:21:47 obpc kernel: NVRM: RmInitAdapter: osInitNvMapping failed, bailing out of RmInitAdapter
May 07 17:21:47 obpc kernel: NVRM: GPU 0000:04:00.0: RmInitAdapter failed! (0x22:0x38:918)
May 07 17:21:47 obpc kernel: NVRM: GPU 0000:04:00.0: rm_init_adapter failed, device minor number 0
May 07 17:21:57 obpc kernel: NVRM: RmInitAdapter: osInitNvMapping failed, bailing out of RmInitAdapter
May 07 17:21:57 obpc kernel: NVRM: GPU 0000:04:00.0: RmInitAdapter failed! (0x22:0x38:918)
May 07 17:21:57 obpc kernel: NVRM: GPU 0000:04:00.0: rm_init_adapter failed, device minor number 0
May 07 17:22:07 obpc kernel: NVRM: RmInitAdapter: osInitNvMapping failed, bailing out of RmInitAdapter
May 07 17:22:07 obpc kernel: NVRM: GPU 0000:04:00.0: RmInitAdapter failed! (0x22:0x38:918)
May 07 17:22:07 obpc kernel: NVRM: GPU 0000:04:00.0: rm_init_adapter failed, device minor number 0
May 07 17:22:17 obpc kernel: NVRM: RmInitAdapter: osInitNvMapping failed, bailing out of RmInitAdapter
May 07 17:22:17 obpc kernel: NVRM: GPU 0000:04:00.0: RmInitAdapter failed! (0x22:0x38:918)
May 07 17:22:17 obpc kernel: NVRM: GPU 0000:04:00.0: rm_init_adapter failed, device minor number 0
May 07 17:22:28 obpc kernel: NVRM: RmInitAdapter: osInitNvMapping failed, bailing out of RmInitAdapter
May 07 17:22:28 obpc kernel: NVRM: GPU 0000:04:00.0: RmInitAdapter failed! (0x22:0x38:918)
May 07 17:22:28 obpc kernel: NVRM: GPU 0000:04:00.0: rm_init_adapter failed, device minor number 0
May 07 17:22:38 obpc kernel: NVRM: RmInitAdapter: osInitNvMapping failed, bailing out of RmInitAdapter
May 07 17:22:38 obpc kernel: NVRM: GPU 0000:04:00.0: RmInitAdapter failed! (0x22:0x38:918)
May 07 17:22:38 obpc kernel: NVRM: GPU 0000:04:00.0: rm_init_adapter failed, device minor number 0
May 07 17:22:48 obpc kernel: NVRM: RmInitAdapter: osInitNvMapping failed, bailing out of RmInitAdapter
May 07 17:22:48 obpc kernel: NVRM: GPU 0000:04:00.0: RmInitAdapter failed! (0x22:0x38:918)
May 07 17:22:48 obpc kernel: NVRM: GPU 0000:04:00.0: rm_init_adapter failed, device minor number 0
May 07 17:22:58 obpc kernel: NVRM: RmInitAdapter: osInitNvMapping failed, bailing out of RmInitAdapter
May 07 17:22:58 obpc kernel: NVRM: GPU 0000:04:00.0: RmInitAdapter failed! (0x22:0x38:918)
May 07 17:22:58 obpc kernel: NVRM: GPU 0000:04:00.0: rm_init_adapter failed, device minor number 0
May 07 17:23:08 obpc kernel: NVRM: RmInitAdapter: osInitNvMapping failed, bailing out of RmInitAdapter
May 07 17:23:08 obpc kernel: NVRM: GPU 0000:04:00.0: RmInitAdapter failed! (0x22:0x38:918)
May 07 17:23:08 obpc kernel: NVRM: GPU 0000:04:00.0: rm_init_adapter failed, device minor number 0
May 07 17:23:18 obpc kernel: NVRM: RmInitAdapter: osInitNvMapping failed, bailing out of RmInitAdapter
May 07 17:23:18 obpc kernel: NVRM: GPU 0000:04:00.0: RmInitAdapter failed! (0x22:0x38:918)
May 07 17:23:18 obpc kernel: NVRM: GPU 0000:04:00.0: rm_init_adapter failed, device minor number 0
May 07 17:23:28 obpc kernel: NVRM: RmInitAdapter: osInitNvMapping failed, bailing out of RmInitAdapter
May 07 17:23:28 obpc kernel: NVRM: GPU 0000:04:00.0: RmInitAdapter failed! (0x22:0x38:918)
May 07 17:23:28 obpc kernel: NVRM: GPU 0000:04:00.0: rm_init_adapter failed, device minor number 0
May 07 17:23:38 obpc kernel: NVRM: RmInitAdapter: osInitNvMapping failed, bailing out of RmInitAdapter
May 07 17:23:38 obpc kernel: NVRM: GPU 0000:04:00.0: RmInitAdapter failed! (0x22:0x38:918)
May 07 17:23:38 obpc kernel: NVRM: GPU 0000:04:00.0: rm_init_adapter failed, device minor number 0
May 07 17:23:48 obpc kernel: NVRM: RmInitAdapter: osInitNvMapping failed, bailing out of RmInitAdapter
May 07 17:23:48 obpc kernel: NVRM: GPU 0000:04:00.0: RmInitAdapter failed! (0x22:0x38:918)
May 07 17:23:48 obpc kernel: NVRM: GPU 0000:04:00.0: rm_init_adapter failed, device minor number 0
May 07 17:23:58 obpc kernel: NVRM: RmInitAdapter: osInitNvMapping failed, bailing out of RmInitAdapter
May 07 17:23:58 obpc kernel: NVRM: GPU 0000:04:00.0: RmInitAdapter failed! (0x22:0x38:918)
May 07 17:23:58 obpc kernel: NVRM: GPU 0000:04:00.0: rm_init_adapter failed, device minor number 0
May 07 17:24:09 obpc kernel: NVRM: RmInitAdapter: osInitNvMapping failed, bailing out of RmInitAdapter
May 07 17:24:09 obpc kernel: NVRM: GPU 0000:04:00.0: RmInitAdapter failed! (0x22:0x38:918)
May 07 17:24:09 obpc kernel: NVRM: GPU 0000:04:00.0: rm_init_adapter failed, device minor number 0
May 07 17:24:19 obpc kernel: NVRM: RmInitAdapter: osInitNvMapping failed, bailing out of RmInitAdapter
May 07 17:24:19 obpc kernel: NVRM: GPU 0000:04:00.0: RmInitAdapter failed! (0x22:0x38:918)
May 07 17:24:19 obpc kernel: NVRM: GPU 0000:04:00.0: rm_init_adapter failed, device minor number 0
May 07 17:24:29 obpc kernel: NVRM: RmInitAdapter: osInitNvMapping failed, bailing out of RmInitAdapter
May 07 17:24:29 obpc kernel: NVRM: GPU 0000:04:00.0: RmInitAdapter failed! (0x22:0x38:918)
May 07 17:24:29 obpc kernel: NVRM: GPU 0000:04:00.0: rm_init_adapter failed, device minor number 0
May 07 17:24:39 obpc kernel: NVRM: RmInitAdapter: osInitNvMapping failed, bailing out of RmInitAdapter
May 07 17:24:39 obpc kernel: NVRM: GPU 0000:04:00.0: RmInitAdapter failed! (0x22:0x38:918)
May 07 17:24:39 obpc kernel: NVRM: GPU 0000:04:00.0: rm_init_adapter failed, device minor number 0
May 07 17:24:49 obpc kernel: NVRM: RmInitAdapter: osInitNvMapping failed, bailing out of RmInitAdapter
May 07 17:24:49 obpc kernel: NVRM: GPU 0000:04:00.0: RmInitAdapter failed! (0x22:0x38:918)
May 07 17:24:49 obpc kernel: NVRM: GPU 0000:04:00.0: rm_init_adapter failed, device minor number 0
May 07 17:24:59 obpc kernel: NVRM: RmInitAdapter: osInitNvMapping failed, bailing out of RmInitAdapter
May 07 17:24:59 obpc kernel: NVRM: GPU 0000:04:00.0: RmInitAdapter failed! (0x22:0x38:918)
May 07 17:24:59 obpc kernel: NVRM: GPU 0000:04:00.0: rm_init_adapter failed, device minor number 0
May 07 17:25:09 obpc kernel: NVRM: RmInitAdapter: osInitNvMapping failed, bailing out of RmInitAdapter
May 07 17:25:09 obpc kernel: NVRM: GPU 0000:04:00.0: RmInitAdapter failed! (0x22:0x38:918)
May 07 17:25:09 obpc kernel: NVRM: GPU 0000:04:00.0: rm_init_adapter failed, device minor number 0
May 07 17:25:19 obpc kernel: NVRM: RmInitAdapter: osInitNvMapping failed, bailing out of RmInitAdapter
May 07 17:25:19 obpc kernel: NVRM: GPU 0000:04:00.0: RmInitAdapter failed! (0x22:0x38:918)
May 07 17:25:19 obpc kernel: NVRM: GPU 0000:04:00.0: rm_init_adapter failed, device minor number 0
May 07 17:25:29 obpc kernel: NVRM: RmInitAdapter: osInitNvMapping failed, bailing out of RmInitAdapter
May 07 17:25:29 obpc kernel: NVRM: GPU 0000:04:00.0: RmInitAdapter failed! (0x22:0x38:918)
May 07 17:25:29 obpc kernel: NVRM: GPU 0000:04:00.0: rm_init_adapter failed, device minor number 0
May 07 17:25:39 obpc kernel: NVRM: RmInitAdapter: osInitNvMapping failed, bailing out of RmInitAdapter
May 07 17:25:39 obpc kernel: NVRM: GPU 0000:04:00.0: RmInitAdapter failed! (0x22:0x38:918)
May 07 17:25:39 obpc kernel: NVRM: GPU 0000:04:00.0: rm_init_adapter failed, device minor number 0
May 07 17:25:50 obpc kernel: NVRM: RmInitAdapter: osInitNvMapping failed, bailing out of RmInitAdapter
May 07 17:25:50 obpc kernel: NVRM: GPU 0000:04:00.0: RmInitAdapter failed! (0x22:0x38:918)
May 07 17:25:50 obpc kernel: NVRM: GPU 0000:04:00.0: rm_init_adapter failed, device minor number 0
May 07 17:26:00 obpc kernel: NVRM: RmInitAdapter: osInitNvMapping failed, bailing out of RmInitAdapter
May 07 17:26:00 obpc kernel: NVRM: GPU 0000:04:00.0: RmInitAdapter failed! (0x22:0x38:918)
May 07 17:26:00 obpc kernel: NVRM: GPU 0000:04:00.0: rm_init_adapter failed, device minor number 0
May 07 17:26:10 obpc kernel: NVRM: RmInitAdapter: osInitNvMapping failed, bailing out of RmInitAdapter
May 07 17:26:10 obpc kernel: NVRM: GPU 0000:04:00.0: RmInitAdapter failed! (0x22:0x38:918)
May 07 17:26:10 obpc kernel: NVRM: GPU 0000:04:00.0: rm_init_adapter failed, device minor number 0
May 07 17:26:20 obpc kernel: NVRM: RmInitAdapter: osInitNvMapping failed, bailing out of RmInitAdapter
May 07 17:26:20 obpc kernel: NVRM: GPU 0000:04:00.0: RmInitAdapter failed! (0x22:0x38:918)
May 07 17:26:20 obpc kernel: NVRM: GPU 0000:04:00.0: rm_init_adapter failed, device minor number 0
May 07 17:26:30 obpc kernel: NVRM: RmInitAdapter: osInitNvMapping failed, bailing out of RmInitAdapter
May 07 17:26:30 obpc kernel: NVRM: GPU 0000:04:00.0: RmInitAdapter failed! (0x22:0x38:918)
May 07 17:26:30 obpc kernel: NVRM: GPU 0000:04:00.0: rm_init_adapter failed, device minor number 0
May 07 17:26:40 obpc kernel: NVRM: RmInitAdapter: osInitNvMapping failed, bailing out of RmInitAdapter
May 07 17:26:40 obpc kernel: NVRM: GPU 0000:04:00.0: RmInitAdapter failed! (0x22:0x38:918)
May 07 17:26:40 obpc kernel: NVRM: GPU 0000:04:00.0: rm_init_adapter failed, device minor number 0
May 07 17:26:50 obpc kernel: NVRM: RmInitAdapter: osInitNvMapping failed, bailing out of RmInitAdapter
May 07 17:26:50 obpc kernel: NVRM: GPU 0000:04:00.0: RmInitAdapter failed! (0x22:0x38:918)
May 07 17:26:50 obpc kernel: NVRM: GPU 0000:04:00.0: rm_init_adapter failed, device minor number 0
May 07 17:27:00 obpc kernel: NVRM: RmInitAdapter: osInitNvMapping failed, bailing out of RmInitAdapter
May 07 17:27:00 obpc kernel: NVRM: GPU 0000:04:00.0: RmInitAdapter failed! (0x22:0x38:918)
May 07 17:27:00 obpc kernel: NVRM: GPU 0000:04:00.0: rm_init_adapter failed, device minor number 0
May 07 17:27:10 obpc kernel: NVRM: RmInitAdapter: osInitNvMapping failed, bailing out of RmInitAdapter
May 07 17:27:10 obpc kernel: NVRM: GPU 0000:04:00.0: RmInitAdapter failed! (0x22:0x38:918)
May 07 17:27:10 obpc kernel: NVRM: GPU 0000:04:00.0: rm_init_adapter failed, device minor number 0
May 07 17:27:20 obpc kernel: NVRM: RmInitAdapter: osInitNvMapping failed, bailing out of RmInitAdapter
May 07 17:27:20 obpc kernel: NVRM: GPU 0000:04:00.0: RmInitAdapter failed! (0x22:0x38:918)
May 07 17:27:20 obpc kernel: NVRM: GPU 0000:04:00.0: rm_init_adapter failed, device minor number 0
May 07 17:27:31 obpc kernel: NVRM: RmInitAdapter: osInitNvMapping failed, bailing out of RmInitAdapter
May 07 17:27:31 obpc kernel: NVRM: GPU 0000:04:00.0: RmInitAdapter failed! (0x22:0x38:918)
May 07 17:27:31 obpc kernel: NVRM: GPU 0000:04:00.0: rm_init_adapter failed, device minor number 0
May 07 17:27:41 obpc kernel: NVRM: RmInitAdapter: osInitNvMapping failed, bailing out of RmInitAdapter
May 07 17:27:41 obpc kernel: NVRM: GPU 0000:04:00.0: RmInitAdapter failed! (0x22:0x38:918)
May 07 17:27:41 obpc kernel: NVRM: GPU 0000:04:00.0: rm_init_adapter failed, device minor number 0
May 07 17:27:51 obpc kernel: NVRM: RmInitAdapter: osInitNvMapping failed, bailing out of RmInitAdapter
May 07 17:27:51 obpc kernel: NVRM: GPU 0000:04:00.0: RmInitAdapter failed! (0x22:0x38:918)
May 07 17:27:51 obpc kernel: NVRM: GPU 0000:04:00.0: rm_init_adapter failed, device minor number 0
May 07 17:28:01 obpc kernel: NVRM: RmInitAdapter: osInitNvMapping failed, bailing out of RmInitAdapter
May 07 17:28:01 obpc kernel: NVRM: GPU 0000:04:00.0: RmInitAdapter failed! (0x22:0x38:918)
May 07 17:28:01 obpc kernel: NVRM: GPU 0000:04:00.0: rm_init_adapter failed, device minor number 0
May 07 17:28:11 obpc kernel: NVRM: RmInitAdapter: osInitNvMapping failed, bailing out of RmInitAdapter
May 07 17:28:11 obpc kernel: NVRM: GPU 0000:04:00.0: RmInitAdapter failed! (0x22:0x38:918)
May 07 17:28:11 obpc kernel: NVRM: GPU 0000:04:00.0: rm_init_adapter failed, device minor number 0
May 07 17:28:21 obpc kernel: NVRM: RmInitAdapter: osInitNvMapping failed, bailing out of RmInitAdapter
May 07 17:28:21 obpc kernel: NVRM: GPU 0000:04:00.0: RmInitAdapter failed! (0x22:0x38:918)
May 07 17:28:21 obpc kernel: NVRM: GPU 0000:04:00.0: rm_init_adapter failed, device minor number 0
May 07 17:28:31 obpc kernel: NVRM: RmInitAdapter: osInitNvMapping failed, bailing out of RmInitAdapter
May 07 17:28:31 obpc kernel: NVRM: GPU 0000:04:00.0: RmInitAdapter failed! (0x22:0x38:918)
May 07 17:28:31 obpc kernel: NVRM: GPU 0000:04:00.0: rm_init_adapter failed, device minor number 0
May 07 17:28:41 obpc kernel: NVRM: RmInitAdapter: osInitNvMapping failed, bailing out of RmInitAdapter
May 07 17:28:41 obpc kernel: NVRM: GPU 0000:04:00.0: RmInitAdapter failed! (0x22:0x38:918)
May 07 17:28:41 obpc kernel: NVRM: GPU 0000:04:00.0: rm_init_adapter failed, device minor number 0
May 07 17:28:51 obpc kernel: NVRM: RmInitAdapter: osInitNvMapping failed, bailing out of RmInitAdapter
May 07 17:28:51 obpc kernel: NVRM: GPU 0000:04:00.0: RmInitAdapter failed! (0x22:0x38:918)
May 07 17:28:51 obpc kernel: NVRM: GPU 0000:04:00.0: rm_init_adapter failed, device minor number 0
May 07 17:29:01 obpc kernel: NVRM: RmInitAdapter: osInitNvMapping failed, bailing out of RmInitAdapter
May 07 17:29:01 obpc kernel: NVRM: GPU 0000:04:00.0: RmInitAdapter failed! (0x22:0x38:918)
May 07 17:29:01 obpc kernel: NVRM: GPU 0000:04:00.0: rm_init_adapter failed, device minor number 0
May 07 17:29:12 obpc kernel: NVRM: RmInitAdapter: osInitNvMapping failed, bailing out of RmInitAdapter
May 07 17:29:12 obpc kernel: NVRM: GPU 0000:04:00.0: RmInitAdapter failed! (0x22:0x38:918)
May 07 17:29:12 obpc kernel: NVRM: GPU 0000:04:00.0: rm_init_adapter failed, device minor number 0
May 07 17:29:22 obpc kernel: NVRM: RmInitAdapter: osInitNvMapping failed, bailing out of RmInitAdapter
May 07 17:29:22 obpc kernel: NVRM: GPU 0000:04:00.0: RmInitAdapter failed! (0x22:0x38:918)
May 07 17:29:22 obpc kernel: NVRM: GPU 0000:04:00.0: rm_init_adapter failed, device minor number 0
May 07 17:29:32 obpc kernel: NVRM: RmInitAdapter: osInitNvMapping failed, bailing out of RmInitAdapter
May 07 17:29:32 obpc kernel: NVRM: GPU 0000:04:00.0: RmInitAdapter failed! (0x22:0x38:918)
May 07 17:29:32 obpc kernel: NVRM: GPU 0000:04:00.0: rm_init_adapter failed, device minor number 0
May 07 17:29:42 obpc kernel: NVRM: RmInitAdapter: osInitNvMapping failed, bailing out of RmInitAdapter
May 07 17:29:42 obpc kernel: NVRM: GPU 0000:04:00.0: RmInitAdapter failed! (0x22:0x38:918)
May 07 17:29:42 obpc kernel: NVRM: GPU 0000:04:00.0: rm_init_adapter failed, device minor number 0
May 07 17:29:52 obpc kernel: NVRM: RmInitAdapter: osInitNvMapping failed, bailing out of RmInitAdapter
May 07 17:29:52 obpc kernel: NVRM: GPU 0000:04:00.0: RmInitAdapter failed! (0x22:0x38:918)
May 07 17:29:52 obpc kernel: NVRM: GPU 0000:04:00.0: rm_init_adapter failed, device minor number 0
May 07 17:30:02 obpc kernel: NVRM: RmInitAdapter: osInitNvMapping failed, bailing out of RmInitAdapter
May 07 17:30:02 obpc kernel: NVRM: GPU 0000:04:00.0: RmInitAdapter failed! (0x22:0x38:918)
May 07 17:30:02 obpc kernel: NVRM: GPU 0000:04:00.0: rm_init_adapter failed, device minor number 0
May 07 17:30:12 obpc kernel: NVRM: RmInitAdapter: osInitNvMapping failed, bailing out of RmInitAdapter
May 07 17:30:12 obpc kernel: NVRM: GPU 0000:04:00.0: RmInitAdapter failed! (0x22:0x38:918)
May 07 17:30:12 obpc kernel: NVRM: GPU 0000:04:00.0: rm_init_adapter failed, device minor number 0
May 07 17:30:22 obpc kernel: NVRM: RmInitAdapter: osInitNvMapping failed, bailing out of RmInitAdapter
May 07 17:30:22 obpc kernel: NVRM: GPU 0000:04:00.0: RmInitAdapter failed! (0x22:0x38:918)
May 07 17:30:22 obpc kernel: NVRM: GPU 0000:04:00.0: rm_init_adapter failed, device minor number 0
May 07 17:30:32 obpc kernel: NVRM: RmInitAdapter: osInitNvMapping failed, bailing out of RmInitAdapter
May 07 17:30:32 obpc kernel: NVRM: GPU 0000:04:00.0: RmInitAdapter failed! (0x22:0x38:918)
May 07 17:30:32 obpc kernel: NVRM: GPU 0000:04:00.0: rm_init_adapter failed, device minor number 0
May 07 17:30:42 obpc kernel: NVRM: RmInitAdapter: osInitNvMapping failed, bailing out of RmInitAdapter
May 07 17:30:42 obpc kernel: NVRM: GPU 0000:04:00.0: RmInitAdapter failed! (0x22:0x38:918)
May 07 17:30:42 obpc kernel: NVRM: GPU 0000:04:00.0: rm_init_adapter failed, device minor number 0
May 07 17:30:53 obpc kernel: NVRM: RmInitAdapter: osInitNvMapping failed, bailing out of RmInitAdapter
May 07 17:30:53 obpc kernel: NVRM: GPU 0000:04:00.0: RmInitAdapter failed! (0x22:0x38:918)
May 07 17:30:53 obpc kernel: NVRM: GPU 0000:04:00.0: rm_init_adapter failed, device minor number 0
May 07 17:31:03 obpc kernel: NVRM: RmInitAdapter: osInitNvMapping failed, bailing out of RmInitAdapter
May 07 17:31:03 obpc kernel: NVRM: GPU 0000:04:00.0: RmInitAdapter failed! (0x22:0x38:918)
May 07 17:31:03 obpc kernel: NVRM: GPU 0000:04:00.0: rm_init_adapter failed, device minor number 0
May 07 17:31:13 obpc kernel: NVRM: RmInitAdapter: osInitNvMapping failed, bailing out of RmInitAdapter
May 07 17:31:13 obpc kernel: NVRM: GPU 0000:04:00.0: RmInitAdapter failed! (0x22:0x38:918)
May 07 17:31:13 obpc kernel: NVRM: GPU 0000:04:00.0: rm_init_adapter failed, device minor number 0
May 07 17:31:23 obpc kernel: NVRM: RmInitAdapter: osInitNvMapping failed, bailing out of RmInitAdapter
May 07 17:31:23 obpc kernel: NVRM: GPU 0000:04:00.0: RmInitAdapter failed! (0x22:0x38:918)
May 07 17:31:23 obpc kernel: NVRM: GPU 0000:04:00.0: rm_init_adapter failed, device minor number 0
May 07 17:31:33 obpc kernel: NVRM: RmInitAdapter: osInitNvMapping failed, bailing out of RmInitAdapter
May 07 17:31:33 obpc kernel: NVRM: GPU 0000:04:00.0: RmInitAdapter failed! (0x22:0x38:918)
May 07 17:31:33 obpc kernel: NVRM: GPU 0000:04:00.0: rm_init_adapter failed, device minor number 0
May 07 17:31:43 obpc kernel: NVRM: RmInitAdapter: osInitNvMapping failed, bailing out of RmInitAdapter
May 07 17:31:43 obpc kernel: NVRM: GPU 0000:04:00.0: RmInitAdapter failed! (0x22:0x38:918)
May 07 17:31:43 obpc kernel: NVRM: GPU 0000:04:00.0: rm_init_adapter failed, device minor number 0
May 07 17:31:53 obpc kernel: NVRM: RmInitAdapter: osInitNvMapping failed, bailing out of RmInitAdapter
May 07 17:31:53 obpc kernel: NVRM: GPU 0000:04:00.0: RmInitAdapter failed! (0x22:0x38:918)
May 07 17:31:53 obpc kernel: NVRM: GPU 0000:04:00.0: rm_init_adapter failed, device minor number 0
May 07 17:32:03 obpc kernel: NVRM: RmInitAdapter: osInitNvMapping failed, bailing out of RmInitAdapter
May 07 17:32:03 obpc kernel: NVRM: GPU 0000:04:00.0: RmInitAdapter failed! (0x22:0x38:918)
May 07 17:32:03 obpc kernel: NVRM: GPU 0000:04:00.0: rm_init_adapter failed, device minor number 0
May 07 17:32:13 obpc kernel: NVRM: RmInitAdapter: osInitNvMapping failed, bailing out of RmInitAdapter
May 07 17:32:13 obpc kernel: NVRM: GPU 0000:04:00.0: RmInitAdapter failed! (0x22:0x38:918)
May 07 17:32:13 obpc kernel: NVRM: GPU 0000:04:00.0: rm_init_adapter failed, device minor number 0
May 07 17:32:23 obpc kernel: NVRM: RmInitAdapter: osInitNvMapping failed, bailing out of RmInitAdapter
May 07 17:32:23 obpc kernel: NVRM: GPU 0000:04:00.0: RmInitAdapter failed! (0x22:0x38:918)
May 07 17:32:23 obpc kernel: NVRM: GPU 0000:04:00.0: rm_init_adapter failed, device minor number 0
May 07 17:32:34 obpc kernel: NVRM: RmInitAdapter: osInitNvMapping failed, bailing out of RmInitAdapter
May 07 17:32:34 obpc kernel: NVRM: GPU 0000:04:00.0: RmInitAdapter failed! (0x22:0x38:918)
May 07 17:32:34 obpc kernel: NVRM: GPU 0000:04:00.0: rm_init_adapter failed, device minor number 0
May 07 17:32:44 obpc kernel: NVRM: RmInitAdapter: osInitNvMapping failed, bailing out of RmInitAdapter
May 07 17:32:44 obpc kernel: NVRM: GPU 0000:04:00.0: RmInitAdapter failed! (0x22:0x38:918)
May 07 17:32:44 obpc kernel: NVRM: GPU 0000:04:00.0: rm_init_adapter failed, device minor number 0
May 07 17:32:54 obpc kernel: NVRM: RmInitAdapter: osInitNvMapping failed, bailing out of RmInitAdapter
May 07 17:32:54 obpc kernel: NVRM: GPU 0000:04:00.0: RmInitAdapter failed! (0x22:0x38:918)
May 07 17:32:54 obpc kernel: NVRM: GPU 0000:04:00.0: rm_init_adapter failed, device minor number 0
May 07 17:33:04 obpc kernel: NVRM: RmInitAdapter: osInitNvMapping failed, bailing out of RmInitAdapter
May 07 17:33:04 obpc kernel: NVRM: GPU 0000:04:00.0: RmInitAdapter failed! (0x22:0x38:918)
May 07 17:33:04 obpc kernel: NVRM: GPU 0000:04:00.0: rm_init_adapter failed, device minor number 0
May 07 17:33:14 obpc kernel: NVRM: RmInitAdapter: osInitNvMapping failed, bailing out of RmInitAdapter
May 07 17:33:14 obpc kernel: NVRM: GPU 0000:04:00.0: RmInitAdapter failed! (0x22:0x38:918)
May 07 17:33:14 obpc kernel: NVRM: GPU 0000:04:00.0: rm_init_adapter failed, device minor number 0
May 07 17:33:24 obpc kernel: NVRM: RmInitAdapter: osInitNvMapping failed, bailing out of RmInitAdapter
May 07 17:33:24 obpc kernel: NVRM: GPU 0000:04:00.0: RmInitAdapter failed! (0x22:0x38:918)
May 07 17:33:24 obpc kernel: NVRM: GPU 0000:04:00.0: rm_init_adapter failed, device minor number 0
May 07 17:33:34 obpc kernel: NVRM: RmInitAdapter: osInitNvMapping failed, bailing out of RmInitAdapter
May 07 17:33:34 obpc kernel: NVRM: GPU 0000:04:00.0: RmInitAdapter failed! (0x22:0x38:918)
May 07 17:33:34 obpc kernel: NVRM: GPU 0000:04:00.0: rm_init_adapter failed, device minor number 0
May 07 17:33:44 obpc kernel: NVRM: RmInitAdapter: osInitNvMapping failed, bailing out of RmInitAdapter
May 07 17:33:44 obpc kernel: NVRM: GPU 0000:04:00.0: RmInitAdapter failed! (0x22:0x38:918)
May 07 17:33:44 obpc kernel: NVRM: GPU 0000:04:00.0: rm_init_adapter failed, device minor number 0
May 07 17:33:54 obpc kernel: NVRM: RmInitAdapter: osInitNvMapping failed, bailing out of RmInitAdapter
May 07 17:33:54 obpc kernel: NVRM: GPU 0000:04:00.0: RmInitAdapter failed! (0x22:0x38:918)
May 07 17:33:54 obpc kernel: NVRM: GPU 0000:04:00.0: rm_init_adapter failed, device minor number 0
May 07 17:34:04 obpc kernel: NVRM: RmInitAdapter: osInitNvMapping failed, bailing out of RmInitAdapter
May 07 17:34:04 obpc kernel: NVRM: GPU 0000:04:00.0: RmInitAdapter failed! (0x22:0x38:918)
May 07 17:34:04 obpc kernel: NVRM: GPU 0000:04:00.0: rm_init_adapter failed, device minor number 0
May 07 17:34:15 obpc kernel: NVRM: RmInitAdapter: osInitNvMapping failed, bailing out of RmInitAdapter
May 07 17:34:15 obpc kernel: NVRM: GPU 0000:04:00.0: RmInitAdapter failed! (0x22:0x38:918)
May 07 17:34:15 obpc kernel: NVRM: GPU 0000:04:00.0: rm_init_adapter failed, device minor number 0
May 07 17:34:25 obpc kernel: NVRM: RmInitAdapter: osInitNvMapping failed, bailing out of RmInitAdapter
May 07 17:34:25 obpc kernel: NVRM: GPU 0000:04:00.0: RmInitAdapter failed! (0x22:0x38:918)
May 07 17:34:25 obpc kernel: NVRM: GPU 0000:04:00.0: rm_init_adapter failed, device minor number 0
May 07 17:34:35 obpc kernel: NVRM: RmInitAdapter: osInitNvMapping failed, bailing out of RmInitAdapter
May 07 17:34:35 obpc kernel: NVRM: GPU 0000:04:00.0: RmInitAdapter failed! (0x22:0x38:918)
May 07 17:34:35 obpc kernel: NVRM: GPU 0000:04:00.0: rm_init_adapter failed, device minor number 0
May 07 17:34:45 obpc kernel: NVRM: RmInitAdapter: osInitNvMapping failed, bailing out of RmInitAdapter
May 07 17:34:45 obpc kernel: NVRM: GPU 0000:04:00.0: RmInitAdapter failed! (0x22:0x38:918)
May 07 17:34:45 obpc kernel: NVRM: GPU 0000:04:00.0: rm_init_adapter failed, device minor number 0
May 07 17:34:55 obpc kernel: NVRM: RmInitAdapter: osInitNvMapping failed, bailing out of RmInitAdapter
May 07 17:34:55 obpc kernel: NVRM: GPU 0000:04:00.0: RmInitAdapter failed! (0x22:0x38:918)
May 07 17:34:55 obpc kernel: NVRM: GPU 0000:04:00.0: rm_init_adapter failed, device minor number 0
May 07 17:35:05 obpc kernel: NVRM: RmInitAdapter: osInitNvMapping failed, bailing out of RmInitAdapter
May 07 17:35:05 obpc kernel: NVRM: GPU 0000:04:00.0: RmInitAdapter failed! (0x22:0x38:918)
May 07 17:35:05 obpc kernel: NVRM: GPU 0000:04:00.0: rm_init_adapter failed, device minor number 0
May 07 17:35:15 obpc kernel: NVRM: RmInitAdapter: osInitNvMapping failed, bailing out of RmInitAdapter
May 07 17:35:15 obpc kernel: NVRM: GPU 0000:04:00.0: RmInitAdapter failed! (0x22:0x38:918)
May 07 17:35:15 obpc kernel: NVRM: GPU 0000:04:00.0: rm_init_adapter failed, device minor number 0
May 07 17:35:25 obpc kernel: NVRM: RmInitAdapter: osInitNvMapping failed, bailing out of RmInitAdapter
May 07 17:35:25 obpc kernel: NVRM: GPU 0000:04:00.0: RmInitAdapter failed! (0x22:0x38:918)
May 07 17:35:25 obpc kernel: NVRM: GPU 0000:04:00.0: rm_init_adapter failed, device minor number 0
May 07 17:35:35 obpc kernel: NVRM: RmInitAdapter: osInitNvMapping failed, bailing out of RmInitAdapter
May 07 17:35:35 obpc kernel: NVRM: GPU 0000:04:00.0: RmInitAdapter failed! (0x22:0x38:918)
May 07 17:35:35 obpc kernel: NVRM: GPU 0000:04:00.0: rm_init_adapter failed, device minor number 0
May 07 17:35:45 obpc kernel: NVRM: RmInitAdapter: osInitNvMapping failed, bailing out of RmInitAdapter
May 07 17:35:45 obpc kernel: NVRM: GPU 0000:04:00.0: RmInitAdapter failed! (0x22:0x38:918)
May 07 17:35:45 obpc kernel: NVRM: GPU 0000:04:00.0: rm_init_adapter failed, device minor number 0
