May 06 16:14:28 obpc kernel: NVRM: GPU 0000:00:00.0: AORUS Lever M-recover [DIAG]: site=probe-end          bar0=0x80000000 PMC_BOOT_0=0x1b2000a1 WPR2_ADDR_HI=0x00000000 WPR2_VAL=0x00000000 WPR2_up=no parent_bridge=0000:03:00.0
May 06 16:14:28 obpc kernel: NVRM: GPU 0000:04:00.0: AORUS Lever M-recover [DIAG]: site=startdev-entry     bar0=0x80000000 PMC_BOOT_0=0x1b2000a1 WPR2_ADDR_HI=0x00000000 WPR2_VAL=0x00000000 WPR2_up=no parent_bridge=0000:03:00.0
May 06 16:14:28 obpc kernel: NVRM: GPU 0000:04:00.0: AORUS Lever M-recover [DIAG]: site=pre-rmInit         bar0=0x80000000 PMC_BOOT_0=0x1b2000a1 WPR2_ADDR_HI=0x00000000 WPR2_VAL=0x00000000 WPR2_up=no parent_bridge=0000:03:00.0
May 06 16:14:29 obpc kernel: NVRM: GPU 0000:04:00.0: AORUS Lever M-recover [DIAG]: site=post-rmInit-FAIL   bar0=0x80000000 PMC_BOOT_0=0x00000000 WPR2_ADDR_HI=0x07f4a000 WPR2_VAL=0x07f4a000 WPR2_up=YES parent_bridge=0000:03:00.0
May 06 16:14:29 obpc kernel: NVRM: GPU 0000:00:00.0: AORUS Lever M-recover [DIAG]: site=probe-end          bar0=0x80000000 PMC_BOOT_0=0x1b2000a1 WPR2_ADDR_HI=0x07f4a000 WPR2_VAL=0x07f4a000 WPR2_up=YES parent_bridge=0000:03:00.0
May 06 16:14:36 obpc kernel: NVRM: GPU 0000:04:00.0: AORUS Lever M-recover [DIAG]: site=startdev-entry     bar0=0x80000000 PMC_BOOT_0=0x1b2000a1 WPR2_ADDR_HI=0x00000000 WPR2_VAL=0x00000000 WPR2_up=no parent_bridge=0000:03:00.0
May 06 16:14:36 obpc kernel: NVRM: GPU 0000:04:00.0: AORUS Lever M-recover [DIAG]: site=pre-rmInit         bar0=0x80000000 PMC_BOOT_0=0x1b2000a1 WPR2_ADDR_HI=0x00000000 WPR2_VAL=0x00000000 WPR2_up=no parent_bridge=0000:03:00.0
May 06 16:14:37 obpc kernel: NVRM: GPU 0000:04:00.0: AORUS Lever M-recover [DIAG]: site=post-rmInit-FAIL   bar0=0x80000000 PMC_BOOT_0=0x00000000 WPR2_ADDR_HI=0x07f4a000 WPR2_VAL=0x07f4a000 WPR2_up=YES parent_bridge=0000:03:00.0
May 06 16:14:37 obpc kernel: NVRM: GPU 0000:00:00.0: AORUS Lever M-recover [DIAG]: site=probe-end          bar0=0x80000000 PMC_BOOT_0=0x1b2000a1 WPR2_ADDR_HI=0x07f4a000 WPR2_VAL=0x07f4a000 WPR2_up=YES parent_bridge=0000:03:00.0
May 06 16:14:40 obpc kernel: NVRM: GPU 0000:04:00.0: AORUS Lever M-recover [DIAG]: site=startdev-entry     bar0=0x80000000 PMC_BOOT_0=0x1b2000a1 WPR2_ADDR_HI=0x07f4a000 WPR2_VAL=0x07f4a000 WPR2_up=YES parent_bridge=0000:03:00.0
May 06 16:14:40 obpc kernel: NVRM: GPU 0000:04:00.0: AORUS Lever M-recover [DIAG]: site=pre-rmInit         bar0=0x80000000 PMC_BOOT_0=0x1b2000a1 WPR2_ADDR_HI=0x07f4a000 WPR2_VAL=0x07f4a000 WPR2_up=YES parent_bridge=0000:03:00.0
May 06 16:14:40 obpc kernel: NVRM: GPU 0000:04:00.0: AORUS Lever M-recover [DIAG]: site=post-rmInit-FAIL   bar0=0x80000000 PMC_BOOT_0=0x1b2000a1 WPR2_ADDR_HI=0x07f4a000 WPR2_VAL=0x07f4a000 WPR2_up=YES parent_bridge=0000:03:00.0
May 06 16:14:50 obpc kernel: NVRM: GPU 0000:04:00.0: AORUS Lever M-recover [DIAG]: site=startdev-entry     bar0=0x80000000 PMC_BOOT_0=0x1b2000a1 WPR2_ADDR_HI=0x00000000 WPR2_VAL=0x00000000 WPR2_up=no parent_bridge=0000:03:00.0
May 06 16:14:50 obpc kernel: NVRM: GPU 0000:04:00.0: AORUS Lever M-recover [DIAG]: site=pre-rmInit         bar0=0x80000000 PMC_BOOT_0=0x1b2000a1 WPR2_ADDR_HI=0x00000000 WPR2_VAL=0x00000000 WPR2_up=no parent_bridge=0000:03:00.0
May 06 16:14:50 obpc kernel: NVRM: GPU 0000:04:00.0: AORUS Lever M-recover [DIAG]: site=post-rmInit-FAIL   bar0=0x80000000 PMC_BOOT_0=0x00000000 WPR2_ADDR_HI=0x07f4a000 WPR2_VAL=0x07f4a000 WPR2_up=YES parent_bridge=0000:03:00.0
May 06 16:14:51 obpc kernel: NVRM: GPU 0000:00:00.0: AORUS Lever M-recover [DIAG]: site=probe-end          bar0=0x80000000 PMC_BOOT_0=0x1b2000a1 WPR2_ADDR_HI=0x07f4a000 WPR2_VAL=0x07f4a000 WPR2_up=YES parent_bridge=0000:03:00.0
May 06 16:15:00 obpc kernel: NVRM: GPU 0000:04:00.0: AORUS Lever M-recover [DIAG]: site=startdev-entry     bar0=0x80000000 PMC_BOOT_0=0x1b2000a1 WPR2_ADDR_HI=0x00000000 WPR2_VAL=0x00000000 WPR2_up=no parent_bridge=0000:03:00.0
May 06 16:15:00 obpc kernel: NVRM: GPU 0000:04:00.0: AORUS Lever M-recover [DIAG]: site=pre-rmInit         bar0=0x80000000 PMC_BOOT_0=0x1b2000a1 WPR2_ADDR_HI=0x00000000 WPR2_VAL=0x00000000 WPR2_up=no parent_bridge=0000:03:00.0
May 06 16:15:01 obpc kernel: NVRM: GPU 0000:04:00.0: AORUS Lever M-recover [DIAG]: site=post-rmInit-FAIL   bar0=0x80000000 PMC_BOOT_0=0x00000000 WPR2_ADDR_HI=0x07f4a000 WPR2_VAL=0x07f4a000 WPR2_up=YES parent_bridge=0000:03:00.0
May 06 16:15:01 obpc kernel: NVRM: GPU 0000:00:00.0: AORUS Lever M-recover [DIAG]: site=probe-end          bar0=0x80000000 PMC_BOOT_0=0x1b2000a1 WPR2_ADDR_HI=0x07f4a000 WPR2_VAL=0x07f4a000 WPR2_up=YES parent_bridge=0000:03:00.0
May 06 16:15:11 obpc kernel: NVRM: GPU 0000:04:00.0: AORUS Lever M-recover [DIAG]: site=startdev-entry     bar0=0x80000000 PMC_BOOT_0=0x1b2000a1 WPR2_ADDR_HI=0x00000000 WPR2_VAL=0x00000000 WPR2_up=no parent_bridge=0000:03:00.0
May 06 16:15:11 obpc kernel: NVRM: GPU 0000:04:00.0: AORUS Lever M-recover [DIAG]: site=pre-rmInit         bar0=0x80000000 PMC_BOOT_0=0x1b2000a1 WPR2_ADDR_HI=0x00000000 WPR2_VAL=0x00000000 WPR2_up=no parent_bridge=0000:03:00.0
May 06 16:15:12 obpc kernel: NVRM: GPU 0000:04:00.0: AORUS Lever M-recover [DIAG]: site=post-rmInit-FAIL   bar0=0x80000000 PMC_BOOT_0=0x00000000 WPR2_ADDR_HI=0x07f4a000 WPR2_VAL=0x07f4a000 WPR2_up=YES parent_bridge=0000:03:00.0
May 06 16:15:12 obpc kernel: NVRM: GPU 0000:00:00.0: AORUS Lever M-recover [DIAG]: site=probe-end          bar0=0x80000000 PMC_BOOT_0=0x1b2000a1 WPR2_ADDR_HI=0x07f4a000 WPR2_VAL=0x07f4a000 WPR2_up=YES parent_bridge=0000:03:00.0
May 06 16:15:22 obpc kernel: NVRM: GPU 0000:04:00.0: AORUS Lever M-recover [DIAG]: site=startdev-entry     bar0=0x80000000 PMC_BOOT_0=0x1b2000a1 WPR2_ADDR_HI=0x00000000 WPR2_VAL=0x00000000 WPR2_up=no parent_bridge=0000:03:00.0
May 06 16:15:22 obpc kernel: NVRM: GPU 0000:04:00.0: AORUS Lever M-recover [DIAG]: site=pre-rmInit         bar0=0x80000000 PMC_BOOT_0=0x1b2000a1 WPR2_ADDR_HI=0x00000000 WPR2_VAL=0x00000000 WPR2_up=no parent_bridge=0000:03:00.0
May 06 16:15:23 obpc kernel: NVRM: GPU 0000:04:00.0: AORUS Lever M-recover [DIAG]: site=post-rmInit-FAIL   bar0=0x80000000 PMC_BOOT_0=0x00000000 WPR2_ADDR_HI=0x07f4a000 WPR2_VAL=0x07f4a000 WPR2_up=YES parent_bridge=0000:03:00.0
May 06 16:15:23 obpc kernel: NVRM: GPU 0000:00:00.0: AORUS Lever M-recover [DIAG]: site=probe-end          bar0=0x80000000 PMC_BOOT_0=0x1b2000a1 WPR2_ADDR_HI=0x07f4a000 WPR2_VAL=0x07f4a000 WPR2_up=YES parent_bridge=0000:03:00.0
May 06 16:15:33 obpc kernel: NVRM: GPU 0000:04:00.0: AORUS Lever M-recover [DIAG]: site=startdev-entry     bar0=0x80000000 PMC_BOOT_0=0x1b2000a1 WPR2_ADDR_HI=0x00000000 WPR2_VAL=0x00000000 WPR2_up=no parent_bridge=0000:03:00.0
May 06 16:15:33 obpc kernel: NVRM: GPU 0000:04:00.0: AORUS Lever M-recover [DIAG]: site=pre-rmInit         bar0=0x80000000 PMC_BOOT_0=0x1b2000a1 WPR2_ADDR_HI=0x00000000 WPR2_VAL=0x00000000 WPR2_up=no parent_bridge=0000:03:00.0
May 06 16:15:34 obpc kernel: NVRM: GPU 0000:04:00.0: AORUS Lever M-recover [DIAG]: site=post-rmInit-FAIL   bar0=0x80000000 PMC_BOOT_0=0x00000000 WPR2_ADDR_HI=0x07f4a000 WPR2_VAL=0x07f4a000 WPR2_up=YES parent_bridge=0000:03:00.0
May 06 16:15:34 obpc kernel: NVRM: GPU 0000:00:00.0: AORUS Lever M-recover [DIAG]: site=probe-end          bar0=0x80000000 PMC_BOOT_0=0x1b2000a1 WPR2_ADDR_HI=0x07f4a000 WPR2_VAL=0x07f4a000 WPR2_up=YES parent_bridge=0000:03:00.0
May 06 16:15:44 obpc kernel: NVRM: GPU 0000:04:00.0: AORUS Lever M-recover [DIAG]: site=startdev-entry     bar0=0x80000000 PMC_BOOT_0=0x1b2000a1 WPR2_ADDR_HI=0x00000000 WPR2_VAL=0x00000000 WPR2_up=no parent_bridge=0000:03:00.0
May 06 16:15:44 obpc kernel: NVRM: GPU 0000:04:00.0: AORUS Lever M-recover [DIAG]: site=pre-rmInit         bar0=0x80000000 PMC_BOOT_0=0x1b2000a1 WPR2_ADDR_HI=0x00000000 WPR2_VAL=0x00000000 WPR2_up=no parent_bridge=0000:03:00.0
May 06 16:15:45 obpc kernel: NVRM: GPU 0000:04:00.0: AORUS Lever M-recover [DIAG]: site=post-rmInit-FAIL   bar0=0x80000000 PMC_BOOT_0=0x00000000 WPR2_ADDR_HI=0x07f4a000 WPR2_VAL=0x07f4a000 WPR2_up=YES parent_bridge=0000:03:00.0
May 06 16:15:45 obpc kernel: NVRM: GPU 0000:00:00.0: AORUS Lever M-recover [DIAG]: site=probe-end          bar0=0x80000000 PMC_BOOT_0=0x1b2000a1 WPR2_ADDR_HI=0x07f4a000 WPR2_VAL=0x07f4a000 WPR2_up=YES parent_bridge=0000:03:00.0
May 06 16:15:55 obpc kernel: NVRM: GPU 0000:04:00.0: AORUS Lever M-recover [DIAG]: site=startdev-entry     bar0=0x80000000 PMC_BOOT_0=0x1b2000a1 WPR2_ADDR_HI=0x00000000 WPR2_VAL=0x00000000 WPR2_up=no parent_bridge=0000:03:00.0
May 06 16:15:55 obpc kernel: NVRM: GPU 0000:04:00.0: AORUS Lever M-recover [DIAG]: site=pre-rmInit         bar0=0x80000000 PMC_BOOT_0=0x1b2000a1 WPR2_ADDR_HI=0x00000000 WPR2_VAL=0x00000000 WPR2_up=no parent_bridge=0000:03:00.0
May 06 16:15:56 obpc kernel: NVRM: GPU 0000:04:00.0: AORUS Lever M-recover [DIAG]: site=post-rmInit-FAIL   bar0=0x80000000 PMC_BOOT_0=0x00000000 WPR2_ADDR_HI=0x07f4a000 WPR2_VAL=0x07f4a000 WPR2_up=YES parent_bridge=0000:03:00.0
May 06 16:15:56 obpc kernel: NVRM: GPU 0000:00:00.0: AORUS Lever M-recover [DIAG]: site=probe-end          bar0=0x80000000 PMC_BOOT_0=0x1b2000a1 WPR2_ADDR_HI=0x07f4a000 WPR2_VAL=0x07f4a000 WPR2_up=YES parent_bridge=0000:03:00.0
May 06 16:16:06 obpc kernel: NVRM: GPU 0000:04:00.0: AORUS Lever M-recover [DIAG]: site=startdev-entry     bar0=0x80000000 PMC_BOOT_0=0x1b2000a1 WPR2_ADDR_HI=0x00000000 WPR2_VAL=0x00000000 WPR2_up=no parent_bridge=0000:03:00.0
May 06 16:16:06 obpc kernel: NVRM: GPU 0000:04:00.0: AORUS Lever M-recover [DIAG]: site=pre-rmInit         bar0=0x80000000 PMC_BOOT_0=0x1b2000a1 WPR2_ADDR_HI=0x00000000 WPR2_VAL=0x00000000 WPR2_up=no parent_bridge=0000:03:00.0
May 06 16:16:07 obpc kernel: NVRM: GPU 0000:04:00.0: AORUS Lever M-recover [DIAG]: site=post-rmInit-FAIL   bar0=0x80000000 PMC_BOOT_0=0x00000000 WPR2_ADDR_HI=0x07f4a000 WPR2_VAL=0x07f4a000 WPR2_up=YES parent_bridge=0000:03:00.0
May 06 16:16:07 obpc kernel: NVRM: GPU 0000:00:00.0: AORUS Lever M-recover [DIAG]: site=probe-end          bar0=0x80000000 PMC_BOOT_0=0x1b2000a1 WPR2_ADDR_HI=0x07f4a000 WPR2_VAL=0x07f4a000 WPR2_up=YES parent_bridge=0000:03:00.0
May 06 16:16:17 obpc kernel: NVRM: GPU 0000:04:00.0: AORUS Lever M-recover [DIAG]: site=startdev-entry     bar0=0x80000000 PMC_BOOT_0=0x1b2000a1 WPR2_ADDR_HI=0x00000000 WPR2_VAL=0x00000000 WPR2_up=no parent_bridge=0000:03:00.0
May 06 16:16:17 obpc kernel: NVRM: GPU 0000:04:00.0: AORUS Lever M-recover [DIAG]: site=pre-rmInit         bar0=0x80000000 PMC_BOOT_0=0x1b2000a1 WPR2_ADDR_HI=0x00000000 WPR2_VAL=0x00000000 WPR2_up=no parent_bridge=0000:03:00.0
May 06 16:16:17 obpc kernel: NVRM: GPU 0000:04:00.0: AORUS Lever M-recover [DIAG]: site=post-rmInit-FAIL   bar0=0x80000000 PMC_BOOT_0=0x00000000 WPR2_ADDR_HI=0x07f4a000 WPR2_VAL=0x07f4a000 WPR2_up=YES parent_bridge=0000:03:00.0
May 06 16:16:18 obpc kernel: NVRM: GPU 0000:00:00.0: AORUS Lever M-recover [DIAG]: site=probe-end          bar0=0x80000000 PMC_BOOT_0=0x1b2000a1 WPR2_ADDR_HI=0x07f4a000 WPR2_VAL=0x07f4a000 WPR2_up=YES parent_bridge=0000:03:00.0
May 06 16:16:27 obpc kernel: NVRM: GPU 0000:04:00.0: AORUS Lever M-recover [DIAG]: site=startdev-entry     bar0=0x80000000 PMC_BOOT_0=0x1b2000a1 WPR2_ADDR_HI=0x00000000 WPR2_VAL=0x00000000 WPR2_up=no parent_bridge=0000:03:00.0
May 06 16:16:27 obpc kernel: NVRM: GPU 0000:04:00.0: AORUS Lever M-recover [DIAG]: site=pre-rmInit         bar0=0x80000000 PMC_BOOT_0=0x1b2000a1 WPR2_ADDR_HI=0x00000000 WPR2_VAL=0x00000000 WPR2_up=no parent_bridge=0000:03:00.0
May 06 16:16:28 obpc kernel: NVRM: GPU 0000:04:00.0: AORUS Lever M-recover [DIAG]: site=post-rmInit-FAIL   bar0=0x80000000 PMC_BOOT_0=0x00000000 WPR2_ADDR_HI=0x07f4a000 WPR2_VAL=0x07f4a000 WPR2_up=YES parent_bridge=0000:03:00.0
May 06 16:16:28 obpc kernel: NVRM: GPU 0000:00:00.0: AORUS Lever M-recover [DIAG]: site=probe-end          bar0=0x80000000 PMC_BOOT_0=0x1b2000a1 WPR2_ADDR_HI=0x07f4a000 WPR2_VAL=0x07f4a000 WPR2_up=YES parent_bridge=0000:03:00.0
May 06 16:16:38 obpc kernel: NVRM: GPU 0000:04:00.0: AORUS Lever M-recover [DIAG]: site=startdev-entry     bar0=0x80000000 PMC_BOOT_0=0x1b2000a1 WPR2_ADDR_HI=0x00000000 WPR2_VAL=0x00000000 WPR2_up=no parent_bridge=0000:03:00.0
May 06 16:16:38 obpc kernel: NVRM: GPU 0000:04:00.0: AORUS Lever M-recover [DIAG]: site=pre-rmInit         bar0=0x80000000 PMC_BOOT_0=0x1b2000a1 WPR2_ADDR_HI=0x00000000 WPR2_VAL=0x00000000 WPR2_up=no parent_bridge=0000:03:00.0
May 06 16:16:39 obpc kernel: NVRM: GPU 0000:04:00.0: AORUS Lever M-recover [DIAG]: site=post-rmInit-FAIL   bar0=0x80000000 PMC_BOOT_0=0x00000000 WPR2_ADDR_HI=0x07f4a000 WPR2_VAL=0x07f4a000 WPR2_up=YES parent_bridge=0000:03:00.0
May 06 16:16:39 obpc kernel: NVRM: GPU 0000:00:00.0: AORUS Lever M-recover [DIAG]: site=probe-end          bar0=0x80000000 PMC_BOOT_0=0x1b2000a1 WPR2_ADDR_HI=0x07f4a000 WPR2_VAL=0x07f4a000 WPR2_up=YES parent_bridge=0000:03:00.0
May 06 16:16:49 obpc kernel: NVRM: GPU 0000:04:00.0: AORUS Lever M-recover [DIAG]: site=startdev-entry     bar0=0x80000000 PMC_BOOT_0=0x1b2000a1 WPR2_ADDR_HI=0x00000000 WPR2_VAL=0x00000000 WPR2_up=no parent_bridge=0000:03:00.0
May 06 16:16:49 obpc kernel: NVRM: GPU 0000:04:00.0: AORUS Lever M-recover [DIAG]: site=pre-rmInit         bar0=0x80000000 PMC_BOOT_0=0x1b2000a1 WPR2_ADDR_HI=0x00000000 WPR2_VAL=0x00000000 WPR2_up=no parent_bridge=0000:03:00.0
May 06 16:16:50 obpc kernel: NVRM: GPU 0000:04:00.0: AORUS Lever M-recover [DIAG]: site=post-rmInit-FAIL   bar0=0x80000000 PMC_BOOT_0=0x00000000 WPR2_ADDR_HI=0x07f4a000 WPR2_VAL=0x07f4a000 WPR2_up=YES parent_bridge=0000:03:00.0
May 06 16:16:50 obpc kernel: NVRM: GPU 0000:00:00.0: AORUS Lever M-recover [DIAG]: site=probe-end          bar0=0x80000000 PMC_BOOT_0=0x1b2000a1 WPR2_ADDR_HI=0x07f4a000 WPR2_VAL=0x07f4a000 WPR2_up=YES parent_bridge=0000:03:00.0
May 06 16:17:00 obpc kernel: NVRM: GPU 0000:04:00.0: AORUS Lever M-recover [DIAG]: site=startdev-entry     bar0=0x80000000 PMC_BOOT_0=0x1b2000a1 WPR2_ADDR_HI=0x00000000 WPR2_VAL=0x00000000 WPR2_up=no parent_bridge=0000:03:00.0
May 06 16:17:00 obpc kernel: NVRM: GPU 0000:04:00.0: AORUS Lever M-recover [DIAG]: site=pre-rmInit         bar0=0x80000000 PMC_BOOT_0=0x1b2000a1 WPR2_ADDR_HI=0x00000000 WPR2_VAL=0x00000000 WPR2_up=no parent_bridge=0000:03:00.0
May 06 16:17:01 obpc kernel: NVRM: GPU 0000:04:00.0: AORUS Lever M-recover [DIAG]: site=post-rmInit-FAIL   bar0=0x80000000 PMC_BOOT_0=0x00000000 WPR2_ADDR_HI=0x07f4a000 WPR2_VAL=0x07f4a000 WPR2_up=YES parent_bridge=0000:03:00.0
May 06 16:17:01 obpc kernel: NVRM: GPU 0000:00:00.0: AORUS Lever M-recover [DIAG]: site=probe-end          bar0=0x80000000 PMC_BOOT_0=0x1b2000a1 WPR2_ADDR_HI=0x07f4a000 WPR2_VAL=0x07f4a000 WPR2_up=YES parent_bridge=0000:03:00.0
May 06 16:17:11 obpc kernel: NVRM: GPU 0000:04:00.0: AORUS Lever M-recover [DIAG]: site=startdev-entry     bar0=0x80000000 PMC_BOOT_0=0x1b2000a1 WPR2_ADDR_HI=0x00000000 WPR2_VAL=0x00000000 WPR2_up=no parent_bridge=0000:03:00.0
May 06 16:17:11 obpc kernel: NVRM: GPU 0000:04:00.0: AORUS Lever M-recover [DIAG]: site=pre-rmInit         bar0=0x80000000 PMC_BOOT_0=0x1b2000a1 WPR2_ADDR_HI=0x00000000 WPR2_VAL=0x00000000 WPR2_up=no parent_bridge=0000:03:00.0
May 06 16:17:12 obpc kernel: NVRM: GPU 0000:04:00.0: AORUS Lever M-recover [DIAG]: site=post-rmInit-FAIL   bar0=0x80000000 PMC_BOOT_0=0x00000000 WPR2_ADDR_HI=0x07f4a000 WPR2_VAL=0x07f4a000 WPR2_up=YES parent_bridge=0000:03:00.0
May 06 16:17:12 obpc kernel: NVRM: GPU 0000:00:00.0: AORUS Lever M-recover [DIAG]: site=probe-end          bar0=0x80000000 PMC_BOOT_0=0x1b2000a1 WPR2_ADDR_HI=0x07f4a000 WPR2_VAL=0x07f4a000 WPR2_up=YES parent_bridge=0000:03:00.0
May 06 16:17:22 obpc kernel: NVRM: GPU 0000:04:00.0: AORUS Lever M-recover [DIAG]: site=startdev-entry     bar0=0x80000000 PMC_BOOT_0=0x1b2000a1 WPR2_ADDR_HI=0x00000000 WPR2_VAL=0x00000000 WPR2_up=no parent_bridge=0000:03:00.0
May 06 16:17:22 obpc kernel: NVRM: GPU 0000:04:00.0: AORUS Lever M-recover [DIAG]: site=pre-rmInit         bar0=0x80000000 PMC_BOOT_0=0x1b2000a1 WPR2_ADDR_HI=0x00000000 WPR2_VAL=0x00000000 WPR2_up=no parent_bridge=0000:03:00.0
May 06 16:17:23 obpc kernel: NVRM: GPU 0000:04:00.0: AORUS Lever M-recover [DIAG]: site=post-rmInit-FAIL   bar0=0x80000000 PMC_BOOT_0=0x00000000 WPR2_ADDR_HI=0x07f4a000 WPR2_VAL=0x07f4a000 WPR2_up=YES parent_bridge=0000:03:00.0
May 06 16:17:23 obpc kernel: NVRM: GPU 0000:00:00.0: AORUS Lever M-recover [DIAG]: site=probe-end          bar0=0x80000000 PMC_BOOT_0=0x1b2000a1 WPR2_ADDR_HI=0x07f4a000 WPR2_VAL=0x07f4a000 WPR2_up=YES parent_bridge=0000:03:00.0
May 06 16:17:33 obpc kernel: NVRM: GPU 0000:04:00.0: AORUS Lever M-recover [DIAG]: site=startdev-entry     bar0=0x80000000 PMC_BOOT_0=0x1b2000a1 WPR2_ADDR_HI=0x00000000 WPR2_VAL=0x00000000 WPR2_up=no parent_bridge=0000:03:00.0
May 06 16:17:33 obpc kernel: NVRM: GPU 0000:04:00.0: AORUS Lever M-recover [DIAG]: site=pre-rmInit         bar0=0x80000000 PMC_BOOT_0=0x1b2000a1 WPR2_ADDR_HI=0x00000000 WPR2_VAL=0x00000000 WPR2_up=no parent_bridge=0000:03:00.0
May 06 16:17:34 obpc kernel: NVRM: GPU 0000:04:00.0: AORUS Lever M-recover [DIAG]: site=post-rmInit-FAIL   bar0=0x80000000 PMC_BOOT_0=0x00000000 WPR2_ADDR_HI=0x07f4a000 WPR2_VAL=0x07f4a000 WPR2_up=YES parent_bridge=0000:03:00.0
May 06 16:17:34 obpc kernel: NVRM: GPU 0000:00:00.0: AORUS Lever M-recover [DIAG]: site=probe-end          bar0=0x80000000 PMC_BOOT_0=0x1b2000a1 WPR2_ADDR_HI=0x07f4a000 WPR2_VAL=0x07f4a000 WPR2_up=YES parent_bridge=0000:03:00.0
May 06 16:17:44 obpc kernel: NVRM: GPU 0000:04:00.0: AORUS Lever M-recover [DIAG]: site=startdev-entry     bar0=0x80000000 PMC_BOOT_0=0x1b2000a1 WPR2_ADDR_HI=0x00000000 WPR2_VAL=0x00000000 WPR2_up=no parent_bridge=0000:03:00.0
May 06 16:17:44 obpc kernel: NVRM: GPU 0000:04:00.0: AORUS Lever M-recover [DIAG]: site=pre-rmInit         bar0=0x80000000 PMC_BOOT_0=0x1b2000a1 WPR2_ADDR_HI=0x00000000 WPR2_VAL=0x00000000 WPR2_up=no parent_bridge=0000:03:00.0
May 06 16:17:44 obpc kernel: NVRM: GPU 0000:04:00.0: AORUS Lever M-recover [DIAG]: site=post-rmInit-FAIL   bar0=0x80000000 PMC_BOOT_0=0x00000000 WPR2_ADDR_HI=0x07f4a000 WPR2_VAL=0x07f4a000 WPR2_up=YES parent_bridge=0000:03:00.0
May 06 16:17:45 obpc kernel: NVRM: GPU 0000:00:00.0: AORUS Lever M-recover [DIAG]: site=probe-end          bar0=0x80000000 PMC_BOOT_0=0x1b2000a1 WPR2_ADDR_HI=0x07f4a000 WPR2_VAL=0x07f4a000 WPR2_up=YES parent_bridge=0000:03:00.0
May 06 16:17:54 obpc kernel: NVRM: GPU 0000:04:00.0: AORUS Lever M-recover [DIAG]: site=startdev-entry     bar0=0x80000000 PMC_BOOT_0=0x1b2000a1 WPR2_ADDR_HI=0x00000000 WPR2_VAL=0x00000000 WPR2_up=no parent_bridge=0000:03:00.0
May 06 16:17:54 obpc kernel: NVRM: GPU 0000:04:00.0: AORUS Lever M-recover [DIAG]: site=pre-rmInit         bar0=0x80000000 PMC_BOOT_0=0x1b2000a1 WPR2_ADDR_HI=0x00000000 WPR2_VAL=0x00000000 WPR2_up=no parent_bridge=0000:03:00.0
May 06 16:17:55 obpc kernel: NVRM: GPU 0000:04:00.0: AORUS Lever M-recover [DIAG]: site=post-rmInit-FAIL   bar0=0x80000000 PMC_BOOT_0=0x00000000 WPR2_ADDR_HI=0x07f4a000 WPR2_VAL=0x07f4a000 WPR2_up=YES parent_bridge=0000:03:00.0
May 06 16:17:55 obpc kernel: NVRM: GPU 0000:00:00.0: AORUS Lever M-recover [DIAG]: site=probe-end          bar0=0x80000000 PMC_BOOT_0=0x1b2000a1 WPR2_ADDR_HI=0x07f4a000 WPR2_VAL=0x07f4a000 WPR2_up=YES parent_bridge=0000:03:00.0
May 06 16:18:05 obpc kernel: NVRM: GPU 0000:04:00.0: AORUS Lever M-recover [DIAG]: site=startdev-entry     bar0=0x80000000 PMC_BOOT_0=0x1b2000a1 WPR2_ADDR_HI=0x00000000 WPR2_VAL=0x00000000 WPR2_up=no parent_bridge=0000:03:00.0
May 06 16:18:05 obpc kernel: NVRM: GPU 0000:04:00.0: AORUS Lever M-recover [DIAG]: site=pre-rmInit         bar0=0x80000000 PMC_BOOT_0=0x1b2000a1 WPR2_ADDR_HI=0x00000000 WPR2_VAL=0x00000000 WPR2_up=no parent_bridge=0000:03:00.0
May 06 16:18:06 obpc kernel: NVRM: GPU 0000:04:00.0: AORUS Lever M-recover [DIAG]: site=post-rmInit-FAIL   bar0=0x80000000 PMC_BOOT_0=0x00000000 WPR2_ADDR_HI=0x07f4a000 WPR2_VAL=0x07f4a000 WPR2_up=YES parent_bridge=0000:03:00.0
May 06 16:18:06 obpc kernel: NVRM: GPU 0000:00:00.0: AORUS Lever M-recover [DIAG]: site=probe-end          bar0=0x80000000 PMC_BOOT_0=0x1b2000a1 WPR2_ADDR_HI=0x07f4a000 WPR2_VAL=0x07f4a000 WPR2_up=YES parent_bridge=0000:03:00.0
May 06 16:18:16 obpc kernel: NVRM: GPU 0000:04:00.0: AORUS Lever M-recover [DIAG]: site=startdev-entry     bar0=0x80000000 PMC_BOOT_0=0x1b2000a1 WPR2_ADDR_HI=0x00000000 WPR2_VAL=0x00000000 WPR2_up=no parent_bridge=0000:03:00.0
May 06 16:18:16 obpc kernel: NVRM: GPU 0000:04:00.0: AORUS Lever M-recover [DIAG]: site=pre-rmInit         bar0=0x80000000 PMC_BOOT_0=0x1b2000a1 WPR2_ADDR_HI=0x00000000 WPR2_VAL=0x00000000 WPR2_up=no parent_bridge=0000:03:00.0
May 06 16:18:17 obpc kernel: NVRM: GPU 0000:04:00.0: AORUS Lever M-recover [DIAG]: site=post-rmInit-FAIL   bar0=0x80000000 PMC_BOOT_0=0x00000000 WPR2_ADDR_HI=0x07f4a000 WPR2_VAL=0x07f4a000 WPR2_up=YES parent_bridge=0000:03:00.0
May 06 16:18:17 obpc kernel: NVRM: GPU 0000:00:00.0: AORUS Lever M-recover [DIAG]: site=probe-end          bar0=0x80000000 PMC_BOOT_0=0x1b2000a1 WPR2_ADDR_HI=0x07f4a000 WPR2_VAL=0x07f4a000 WPR2_up=YES parent_bridge=0000:03:00.0
May 06 16:18:27 obpc kernel: NVRM: GPU 0000:04:00.0: AORUS Lever M-recover [DIAG]: site=startdev-entry     bar0=0x80000000 PMC_BOOT_0=0x1b2000a1 WPR2_ADDR_HI=0x00000000 WPR2_VAL=0x00000000 WPR2_up=no parent_bridge=0000:03:00.0
May 06 16:18:27 obpc kernel: NVRM: GPU 0000:04:00.0: AORUS Lever M-recover [DIAG]: site=pre-rmInit         bar0=0x80000000 PMC_BOOT_0=0x1b2000a1 WPR2_ADDR_HI=0x00000000 WPR2_VAL=0x00000000 WPR2_up=no parent_bridge=0000:03:00.0
May 06 16:18:28 obpc kernel: NVRM: GPU 0000:04:00.0: AORUS Lever M-recover [DIAG]: site=post-rmInit-FAIL   bar0=0x80000000 PMC_BOOT_0=0x00000000 WPR2_ADDR_HI=0x07f4a000 WPR2_VAL=0x07f4a000 WPR2_up=YES parent_bridge=0000:03:00.0
May 06 16:18:28 obpc kernel: NVRM: GPU 0000:00:00.0: AORUS Lever M-recover [DIAG]: site=probe-end          bar0=0x80000000 PMC_BOOT_0=0x1b2000a1 WPR2_ADDR_HI=0x07f4a000 WPR2_VAL=0x07f4a000 WPR2_up=YES parent_bridge=0000:03:00.0
May 06 16:18:38 obpc kernel: NVRM: GPU 0000:04:00.0: AORUS Lever M-recover [DIAG]: site=startdev-entry     bar0=0x80000000 PMC_BOOT_0=0x1b2000a1 WPR2_ADDR_HI=0x00000000 WPR2_VAL=0x00000000 WPR2_up=no parent_bridge=0000:03:00.0
May 06 16:18:38 obpc kernel: NVRM: GPU 0000:04:00.0: AORUS Lever M-recover [DIAG]: site=pre-rmInit         bar0=0x80000000 PMC_BOOT_0=0x1b2000a1 WPR2_ADDR_HI=0x00000000 WPR2_VAL=0x00000000 WPR2_up=no parent_bridge=0000:03:00.0
May 06 16:18:39 obpc kernel: NVRM: GPU 0000:04:00.0: AORUS Lever M-recover [DIAG]: site=post-rmInit-FAIL   bar0=0x80000000 PMC_BOOT_0=0x00000000 WPR2_ADDR_HI=0x07f4a000 WPR2_VAL=0x07f4a000 WPR2_up=YES parent_bridge=0000:03:00.0
May 06 16:18:39 obpc kernel: NVRM: GPU 0000:00:00.0: AORUS Lever M-recover [DIAG]: site=probe-end          bar0=0x80000000 PMC_BOOT_0=0x1b2000a1 WPR2_ADDR_HI=0x07f4a000 WPR2_VAL=0x07f4a000 WPR2_up=YES parent_bridge=0000:03:00.0
May 06 16:18:49 obpc kernel: NVRM: GPU 0000:04:00.0: AORUS Lever M-recover [DIAG]: site=startdev-entry     bar0=0x80000000 PMC_BOOT_0=0x1b2000a1 WPR2_ADDR_HI=0x00000000 WPR2_VAL=0x00000000 WPR2_up=no parent_bridge=0000:03:00.0
May 06 16:18:49 obpc kernel: NVRM: GPU 0000:04:00.0: AORUS Lever M-recover [DIAG]: site=pre-rmInit         bar0=0x80000000 PMC_BOOT_0=0x1b2000a1 WPR2_ADDR_HI=0x00000000 WPR2_VAL=0x00000000 WPR2_up=no parent_bridge=0000:03:00.0
May 06 16:18:50 obpc kernel: NVRM: GPU 0000:04:00.0: AORUS Lever M-recover [DIAG]: site=post-rmInit-FAIL   bar0=0x80000000 PMC_BOOT_0=0x00000000 WPR2_ADDR_HI=0x07f4a000 WPR2_VAL=0x07f4a000 WPR2_up=YES parent_bridge=0000:03:00.0
May 06 16:18:50 obpc kernel: NVRM: GPU 0000:00:00.0: AORUS Lever M-recover [DIAG]: site=probe-end          bar0=0x80000000 PMC_BOOT_0=0x1b2000a1 WPR2_ADDR_HI=0x07f4a000 WPR2_VAL=0x07f4a000 WPR2_up=YES parent_bridge=0000:03:00.0
May 06 16:19:00 obpc kernel: NVRM: GPU 0000:04:00.0: AORUS Lever M-recover [DIAG]: site=startdev-entry     bar0=0x80000000 PMC_BOOT_0=0x1b2000a1 WPR2_ADDR_HI=0x00000000 WPR2_VAL=0x00000000 WPR2_up=no parent_bridge=0000:03:00.0
May 06 16:19:00 obpc kernel: NVRM: GPU 0000:04:00.0: AORUS Lever M-recover [DIAG]: site=pre-rmInit         bar0=0x80000000 PMC_BOOT_0=0x1b2000a1 WPR2_ADDR_HI=0x00000000 WPR2_VAL=0x00000000 WPR2_up=no parent_bridge=0000:03:00.0
May 06 16:19:01 obpc kernel: NVRM: GPU 0000:04:00.0: AORUS Lever M-recover [DIAG]: site=post-rmInit-FAIL   bar0=0x80000000 PMC_BOOT_0=0x00000000 WPR2_ADDR_HI=0x07f4a000 WPR2_VAL=0x07f4a000 WPR2_up=YES parent_bridge=0000:03:00.0
May 06 16:19:01 obpc kernel: NVRM: GPU 0000:00:00.0: AORUS Lever M-recover [DIAG]: site=probe-end          bar0=0x80000000 PMC_BOOT_0=0x1b2000a1 WPR2_ADDR_HI=0x07f4a000 WPR2_VAL=0x07f4a000 WPR2_up=YES parent_bridge=0000:03:00.0
May 06 16:19:11 obpc kernel: NVRM: GPU 0000:04:00.0: AORUS Lever M-recover [DIAG]: site=startdev-entry     bar0=0x80000000 PMC_BOOT_0=0x1b2000a1 WPR2_ADDR_HI=0x00000000 WPR2_VAL=0x00000000 WPR2_up=no parent_bridge=0000:03:00.0
May 06 16:19:11 obpc kernel: NVRM: GPU 0000:04:00.0: AORUS Lever M-recover [DIAG]: site=pre-rmInit         bar0=0x80000000 PMC_BOOT_0=0x1b2000a1 WPR2_ADDR_HI=0x00000000 WPR2_VAL=0x00000000 WPR2_up=no parent_bridge=0000:03:00.0
May 06 16:19:11 obpc kernel: NVRM: GPU 0000:04:00.0: AORUS Lever M-recover [DIAG]: site=post-rmInit-FAIL   bar0=0x80000000 PMC_BOOT_0=0x1b2000a1 WPR2_ADDR_HI=0x07f4a000 WPR2_VAL=0x07f4a000 WPR2_up=YES parent_bridge=0000:03:00.0
May 06 16:19:12 obpc kernel: NVRM: GPU 0000:00:00.0: AORUS Lever M-recover [DIAG]: site=probe-end          bar0=0x80000000 PMC_BOOT_0=0x1b2000a1 WPR2_ADDR_HI=0x07f4a000 WPR2_VAL=0x07f4a000 WPR2_up=YES parent_bridge=0000:03:00.0
May 06 16:19:21 obpc kernel: NVRM: GPU 0000:04:00.0: AORUS Lever M-recover [DIAG]: site=startdev-entry     bar0=0x80000000 PMC_BOOT_0=0x1b2000a1 WPR2_ADDR_HI=0x00000000 WPR2_VAL=0x00000000 WPR2_up=no parent_bridge=0000:03:00.0
May 06 16:19:21 obpc kernel: NVRM: GPU 0000:04:00.0: AORUS Lever M-recover [DIAG]: site=pre-rmInit         bar0=0x80000000 PMC_BOOT_0=0x1b2000a1 WPR2_ADDR_HI=0x00000000 WPR2_VAL=0x00000000 WPR2_up=no parent_bridge=0000:03:00.0
May 06 16:19:22 obpc kernel: NVRM: GPU 0000:04:00.0: AORUS Lever M-recover [DIAG]: site=post-rmInit-FAIL   bar0=0x80000000 PMC_BOOT_0=0x00000000 WPR2_ADDR_HI=0x07f4a000 WPR2_VAL=0x07f4a000 WPR2_up=YES parent_bridge=0000:03:00.0
May 06 16:19:22 obpc kernel: NVRM: GPU 0000:00:00.0: AORUS Lever M-recover [DIAG]: site=probe-end          bar0=0x80000000 PMC_BOOT_0=0x1b2000a1 WPR2_ADDR_HI=0x07f4a000 WPR2_VAL=0x07f4a000 WPR2_up=YES parent_bridge=0000:03:00.0
May 06 16:19:32 obpc kernel: NVRM: GPU 0000:04:00.0: AORUS Lever M-recover [DIAG]: site=startdev-entry     bar0=0x80000000 PMC_BOOT_0=0x1b2000a1 WPR2_ADDR_HI=0x00000000 WPR2_VAL=0x00000000 WPR2_up=no parent_bridge=0000:03:00.0
May 06 16:19:32 obpc kernel: NVRM: GPU 0000:04:00.0: AORUS Lever M-recover [DIAG]: site=pre-rmInit         bar0=0x80000000 PMC_BOOT_0=0x1b2000a1 WPR2_ADDR_HI=0x00000000 WPR2_VAL=0x00000000 WPR2_up=no parent_bridge=0000:03:00.0
May 06 16:19:33 obpc kernel: NVRM: GPU 0000:04:00.0: AORUS Lever M-recover [DIAG]: site=post-rmInit-FAIL   bar0=0x80000000 PMC_BOOT_0=0x00000000 WPR2_ADDR_HI=0x07f4a000 WPR2_VAL=0x07f4a000 WPR2_up=YES parent_bridge=0000:03:00.0
May 06 16:19:33 obpc kernel: NVRM: GPU 0000:00:00.0: AORUS Lever M-recover [DIAG]: site=probe-end          bar0=0x80000000 PMC_BOOT_0=0x1b2000a1 WPR2_ADDR_HI=0x07f4a000 WPR2_VAL=0x07f4a000 WPR2_up=YES parent_bridge=0000:03:00.0
