> [  751.417815] NVRM: GPU 0000:04:00.0: AORUS Lever M-recover [DIAG]: site=startdev-entry     bar0=0x80000000 PMC_BOOT_0=0x1b2000a1 WPR2=0x00000000 WPR2_up=no parent=0000:03:00.0 GPU_LnkSta=0x1041(Speed=1 Width=x4 Active=N LBMS=0 LABS=0) GPU_LnkCtl=0x0040(ASPM=0 ClkPM=0) Br_LnkSta=0x7041(Speed=1 Width=x4 Active=Y LBMS=1 LABS=0) Br_LnkCtl=0x0c40(ASPM=0 ClkPM=0) GPU_AER_Unc=0x00000000 Cor=0x00000000 Br_AER_Unc=0x00000000 Cor=0x00000001
> [  751.417832] NVRM: GPU 0000:04:00.0: AORUS Lever M-recover [DIAG-AER2]: site=startdev-entry     Br_UncMsk=0x00000000 Br_CorMsk=0x00002000 Root=0000:00:07.0 Root_LnkSta=0x3041 Root_UESta=0x00000000 Root_UEMsk=0x00000000 Root_CESta=0x00000000 Root_CEMsk=0x00002000 Root_RootSta=0x00000000 DPC=absent
> [  751.418946] NVRM: GPU 0000:04:00.0: AORUS Lever M-recover [DIAG]: site=pre-rmInit         bar0=0x80000000 PMC_BOOT_0=0x1b2000a1 WPR2=0x00000000 WPR2_up=no parent=0000:03:00.0 GPU_LnkSta=0x1041(Speed=1 Width=x4 Active=N LBMS=0 LABS=0) GPU_LnkCtl=0x0040(ASPM=0 ClkPM=0) Br_LnkSta=0x7041(Speed=1 Width=x4 Active=Y LBMS=1 LABS=0) Br_LnkCtl=0x0c40(ASPM=0 ClkPM=0) GPU_AER_Unc=0x00000000 Cor=0x00000000 Br_AER_Unc=0x00000000 Cor=0x00000001
> [  751.418960] NVRM: GPU 0000:04:00.0: AORUS Lever M-recover [DIAG-AER2]: site=pre-rmInit         Br_UncMsk=0x00000000 Br_CorMsk=0x00002000 Root=0000:00:07.0 Root_LnkSta=0x3041 Root_UESta=0x00000000 Root_UEMsk=0x00000000 Root_CESta=0x00000000 Root_CEMsk=0x00002000 Root_RootSta=0x00000000 DPC=absent
> [  752.729205] NVRM: GPU 0000:04:00.0: AORUS Lever M-recover [DIAG]: site=post-rmInit-OK     bar0=0x80000000 PMC_BOOT_0=0x1b2000a1 WPR2=0x07f4a000 WPR2_up=YES parent=0000:03:00.0 GPU_LnkSta=0x1043(Speed=3 Width=x4 Active=N LBMS=0 LABS=0) GPU_LnkCtl=0x0040(ASPM=0 ClkPM=0) Br_LnkSta=0x7043(Speed=3 Width=x4 Active=Y LBMS=1 LABS=0) Br_LnkCtl=0x0c40(ASPM=0 ClkPM=0) GPU_AER_Unc=0x00000000 Cor=0x00000000 Br_AER_Unc=0x00000000 Cor=0x00000001
> [  752.729224] NVRM: GPU 0000:04:00.0: AORUS Lever M-recover [DIAG-AER2]: site=post-rmInit-OK     Br_UncMsk=0x00000000 Br_CorMsk=0x00002000 Root=0000:00:07.0 Root_LnkSta=0x3041 Root_UESta=0x00000000 Root_UEMsk=0x00000000 Root_CESta=0x00000000 Root_CEMsk=0x00002000 Root_RootSta=0x00000000 DPC=absent
> [  752.736942] NVRM: GPU 0000:04:00.0: AORUS Lever M-recover [CLOSE]: site=close-entry     usage_count=3
> [  752.736945] NVRM: GPU 0000:04:00.0: AORUS Lever M-recover [CLOSE]: site=pre-stop        usage_count=3
> [  752.736946] NVRM: GPU 0000:04:00.0: AORUS Lever M-recover [CLOSE]: site=close-exit      usage_count=2
> [  752.737433] NVRM: GPU 0000:04:00.0: AORUS Lever M-recover [CLOSE]: site=close-entry     usage_count=2
> [  752.737434] NVRM: GPU 0000:04:00.0: AORUS Lever M-recover [CLOSE]: site=pre-stop        usage_count=2
> [  752.737435] NVRM: GPU 0000:04:00.0: AORUS Lever M-recover [CLOSE]: site=close-exit      usage_count=1
> [  752.737439] NVRM: GPU 0000:04:00.0: AORUS Lever M-recover [CLOSE]: site=close-entry     usage_count=1 (LAST-CLOSE)
> [  752.737504] NVRM: GPU 0000:04:00.0: AORUS Lever M-recover [DIAG]: site=close-entry        bar0=0x80000000 PMC_BOOT_0=0x1b2000a1 WPR2=0x07f4a000 WPR2_up=YES parent=0000:03:00.0 GPU_LnkSta=0x1043(Speed=3 Width=x4 Active=N LBMS=0 LABS=0) GPU_LnkCtl=0x0040(ASPM=0 ClkPM=0) Br_LnkSta=0x7043(Speed=3 Width=x4 Active=Y LBMS=1 LABS=0) Br_LnkCtl=0x0c40(ASPM=0 ClkPM=0) GPU_AER_Unc=0x00000000 Cor=0x00000000 Br_AER_Unc=0x00000000 Cor=0x00000001
> [  752.737519] NVRM: GPU 0000:04:00.0: AORUS Lever M-recover [DIAG-AER2]: site=close-entry        Br_UncMsk=0x00000000 Br_CorMsk=0x00002000 Root=0000:00:07.0 Root_LnkSta=0x3041 Root_UESta=0x00000000 Root_UEMsk=0x00000000 Root_CESta=0x00000000 Root_CEMsk=0x00002000 Root_RootSta=0x00000000 DPC=absent
> [  752.737588] NVRM: GPU 0000:04:00.0: AORUS Lever M-recover [CLOSE]: site=pre-stop        usage_count=1 (LAST-CLOSE)
> [  752.737647] NVRM: GPU 0000:04:00.0: AORUS Lever M-recover [DIAG]: site=pre-stop           bar0=0x80000000 PMC_BOOT_0=0x1b2000a1 WPR2=0x07f4a000 WPR2_up=YES parent=0000:03:00.0 GPU_LnkSta=0x1043(Speed=3 Width=x4 Active=N LBMS=0 LABS=0) GPU_LnkCtl=0x0040(ASPM=0 ClkPM=0) Br_LnkSta=0x7043(Speed=3 Width=x4 Active=Y LBMS=1 LABS=0) Br_LnkCtl=0x0c40(ASPM=0 ClkPM=0) GPU_AER_Unc=0x00000000 Cor=0x00000000 Br_AER_Unc=0x00000000 Cor=0x00000001
> [  752.737661] NVRM: GPU 0000:04:00.0: AORUS Lever M-recover [DIAG-AER2]: site=pre-stop           Br_UncMsk=0x00000000 Br_CorMsk=0x00002000 Root=0000:00:07.0 Root_LnkSta=0x3041 Root_UESta=0x00000000 Root_UEMsk=0x00000000 Root_CESta=0x00000000 Root_CEMsk=0x00002000 Root_RootSta=0x00000000 DPC=absent
> [  753.360037] NVRM: GPU 0000:04:00.0: AORUS Lever M-recover [CLOSE]: site=post-shutdown   usage_count=0 (LAST-CLOSE)
> [  753.360145] NVRM: GPU 0000:04:00.0: AORUS Lever M-recover [DIAG]: site=post-shutdown      bar0=0x80000000 PMC_BOOT_0=0x1b2000a1 WPR2=0x00000000 WPR2_up=no parent=0000:03:00.0 GPU_LnkSta=0x1041(Speed=1 Width=x4 Active=N LBMS=0 LABS=0) GPU_LnkCtl=0x0040(ASPM=0 ClkPM=0) Br_LnkSta=0x7041(Speed=1 Width=x4 Active=Y LBMS=1 LABS=0) Br_LnkCtl=0x0c40(ASPM=0 ClkPM=0) GPU_AER_Unc=0x00000000 Cor=0x00000000 Br_AER_Unc=0x00000000 Cor=0x00000001
> [  753.360160] NVRM: GPU 0000:04:00.0: AORUS Lever M-recover [DIAG-AER2]: site=post-shutdown      Br_UncMsk=0x00000000 Br_CorMsk=0x00002000 Root=0000:00:07.0 Root_LnkSta=0x3041 Root_UESta=0x00000000 Root_UEMsk=0x00000000 Root_CESta=0x00000000 Root_CEMsk=0x00002000 Root_RootSta=0x00000000 DPC=absent
> [  753.360259] NVRM: GPU 0000:04:00.0: AORUS Lever M-recover [CLOSE]: site=close-exit      usage_count=0 (LAST-CLOSE)
> [  753.360349] NVRM: GPU 0000:04:00.0: AORUS Lever M-recover [DIAG]: site=close-exit         bar0=0x80000000 PMC_BOOT_0=0x1b2000a1 WPR2=0x00000000 WPR2_up=no parent=0000:03:00.0 GPU_LnkSta=0x1041(Speed=1 Width=x4 Active=N LBMS=0 LABS=0) GPU_LnkCtl=0x0040(ASPM=0 ClkPM=0) Br_LnkSta=0x7041(Speed=1 Width=x4 Active=Y LBMS=1 LABS=0) Br_LnkCtl=0x0c40(ASPM=0 ClkPM=0) GPU_AER_Unc=0x00000000 Cor=0x00000000 Br_AER_Unc=0x00000000 Cor=0x00000001
> [  753.360362] NVRM: GPU 0000:04:00.0: AORUS Lever M-recover [DIAG-AER2]: site=close-exit         Br_UncMsk=0x00000000 Br_CorMsk=0x00002000 Root=0000:00:07.0 Root_LnkSta=0x3041 Root_UESta=0x00000000 Root_UEMsk=0x00000000 Root_CESta=0x00000000 Root_CEMsk=0x00002000 Root_RootSta=0x00000000 DPC=absent
