May 08 08:38:41 obpc boltd[1147]: bolt 0.9.11 starting up.
May 08 08:38:41 obpc boltd[1147]: manager: initializing store
May 08 08:38:41 obpc boltd[1147]: store: located at: /var/lib/boltd
May 08 08:38:41 obpc boltd[1147]: config: loading user config
May 08 08:38:41 obpc boltd[1147]: bouncer: initializing polkit
May 08 08:38:41 obpc boltd[1147]: udev: initializing udev
May 08 08:38:41 obpc boltd[1147]: store: loading domains
May 08 08:38:41 obpc boltd[1147]: store: loading devices
May 08 08:38:41 obpc boltd[1147]: [c4148780-00a9                            ] store: loading device
May 08 08:38:41 obpc boltd[1147]: power: state located at: /run/boltd/power
May 08 08:38:41 obpc boltd[1147]: power: force power support: no
May 08 08:38:41 obpc boltd[1147]: udev: enumerating devices
May 08 08:38:41 obpc boltd[1147]: [80868780-001f-domain0                    ] newly connected [user] (/sys/devices/pci0000:00/0000:00:0d.2/domain0/0-0)
May 08 08:38:41 obpc boltd[1147]: security level set to 'user'
May 08 08:38:41 obpc boltd[1147]: [80868780-001f-domain0                    ] domain: registered (bootacl: 0/0)
May 08 08:38:41 obpc boltd[1147]: [80868780-001f-domain0                    ] bootacl: bootacl not supported, no sync
May 08 08:38:41 obpc boltd[1147]: [80868780-001f-domain0                    ] udev: uuid is stable: no (for NHI: 0x7ec2)
May 08 08:38:41 obpc boltd[1147]: global 'generation' set to '4'
May 08 08:38:41 obpc boltd[1147]: [80868780-001f-Gen14                      ] device added, status: authorized, at /sys/devices/pci0000:00/0000:00:0d.2/domain0/0-0
May 08 08:38:41 obpc boltd[1147]: [80868780-001f-Gen14                      ] labeling device: Intel Gen14
May 08 08:38:41 obpc boltd[1147]: [41908780-9140-domain1                    ] newly connected [user] (/sys/devices/pci0000:00/0000:00:0d.3/domain1/1-0)
May 08 08:38:41 obpc boltd[1147]: [41908780-9140-domain1                    ] domain: registered (bootacl: 0/0)
May 08 08:38:41 obpc boltd[1147]: [41908780-9140-domain1                    ] bootacl: bootacl not supported, no sync
May 08 08:38:41 obpc boltd[1147]: [41908780-9140-domain1                    ] udev: uuid is stable: no (for NHI: 0x7ec3)
May 08 08:38:41 obpc boltd[1147]: [41908780-9140-Gen14                      ] device added, status: authorized, at /sys/devices/pci0000:00/0000:00:0d.3/domain1/1-0
May 08 08:38:41 obpc boltd[1147]: [41908780-9140-Gen14                      ] labeling device: Intel Gen14
May 08 08:38:41 obpc boltd[1147]: [c4148780-00a9-AORUS RTX5090 AI BOX       ] parent is 41908780-9140...
May 08 08:38:41 obpc boltd[1147]: [c4148780-00a9-AORUS RTX5090 AI BOX       ] connected: authorized (/sys/devices/pci0000:00/0000:00:0d.3/domain1/1-0/1-1)
May 08 08:38:41 obpc boltd[1147]: [80868780-001f-domain0                    ] dbus: exported domain at /org/freedesktop/bolt/domains/80868780_001f_2ec2_ffff_ffffffffffff
May 08 08:38:41 obpc boltd[1147]: [41908780-9140-domain1                    ] dbus: exported domain at /org/freedesktop/bolt/domains/41908780_9140_9078_ffff_ffffffffffff
May 08 08:38:41 obpc boltd[1147]: [c4148780-00a9-AORUS RTX5090 AI BOX       ] dbus: exported device at /org/freedesktop/bolt/devices/c4148780_00a9...
May 08 08:38:41 obpc boltd[1147]: [80868780-001f-Gen14                      ] dbus: exported device at /org/freedesktop/bolt/devices/80868780_001f...
May 08 08:38:41 obpc boltd[1147]: [41908780-9140-Gen14                      ] dbus: exported device at /org/freedesktop/bolt/devices/41908780_9140...
