> [  243.719104] nvidia-uvm: AORUS UVM [CLOSE]: site=uvm-open-entry     fd_count=1 (LAST-CLOSE)
> [  243.719371] AORUS Lever M-recover [UVM-DIAG]: site=uvm-open-entry     pdev=0000:04:00.0 bar0=0x80000000 PMC_BOOT_0=0x1b2000a1 WPR2=0x07f4a000 WPR2_up=YES parent=0000:03:00.0 GPU_LnkSta=0x1041(Speed=1 Width=x4 Active=N) Br_LnkSta=0x7041(Speed=1 Width=x4 Active=Y) GPU_AER_Unc=0x00000000 Cor=0x00000000 Br_AER_Unc=0x00000000 Cor=0x00000001
> [  243.719472] nvidia-uvm: AORUS UVM [CLOSE]: site=uvm-open-entry     fd_count=2
> [  243.981080] NVRM: GPU 0000:04:00.0: AORUS Lever M-recover [CLOSE]: site=close-entry     usage_count=19
> [  243.981086] NVRM: GPU 0000:04:00.0: AORUS Lever M-recover [CLOSE]: site=pre-stop        usage_count=19
> [  243.981087] NVRM: GPU 0000:04:00.0: AORUS Lever M-recover [CLOSE]: site=close-exit      usage_count=18
> [  243.981329] NVRM: GPU 0000:04:00.0: AORUS Lever M-recover [CLOSE]: site=close-entry     usage_count=18
> [  243.981331] NVRM: GPU 0000:04:00.0: AORUS Lever M-recover [CLOSE]: site=pre-stop        usage_count=18
> [  243.981331] NVRM: GPU 0000:04:00.0: AORUS Lever M-recover [CLOSE]: site=close-exit      usage_count=17
> [  243.981574] NVRM: GPU 0000:04:00.0: AORUS Lever M-recover [CLOSE]: site=close-entry     usage_count=17
> [  243.981575] NVRM: GPU 0000:04:00.0: AORUS Lever M-recover [CLOSE]: site=pre-stop        usage_count=17
> [  243.981575] NVRM: GPU 0000:04:00.0: AORUS Lever M-recover [CLOSE]: site=close-exit      usage_count=16
> [  243.981815] NVRM: GPU 0000:04:00.0: AORUS Lever M-recover [CLOSE]: site=close-entry     usage_count=16
> [  243.981816] NVRM: GPU 0000:04:00.0: AORUS Lever M-recover [CLOSE]: site=pre-stop        usage_count=16
> [  243.981817] NVRM: GPU 0000:04:00.0: AORUS Lever M-recover [CLOSE]: site=close-exit      usage_count=15
> [  243.987870] NVRM: GPU 0000:04:00.0: AORUS Lever M-recover [CLOSE]: site=close-entry     usage_count=15
> [  243.987874] NVRM: GPU 0000:04:00.0: AORUS Lever M-recover [CLOSE]: site=pre-stop        usage_count=15
> [  243.987875] NVRM: GPU 0000:04:00.0: AORUS Lever M-recover [CLOSE]: site=close-exit      usage_count=14
> [  244.001644] NVRM: GPU 0000:04:00.0: AORUS Lever M-recover [CLOSE]: site=close-entry     usage_count=14
> [  244.001649] NVRM: GPU 0000:04:00.0: AORUS Lever M-recover [CLOSE]: site=pre-stop        usage_count=14
> [  244.001650] NVRM: GPU 0000:04:00.0: AORUS Lever M-recover [CLOSE]: site=close-exit      usage_count=13
> [  244.006736] NVRM: GPU 0000:04:00.0: AORUS Lever M-recover [CLOSE]: site=close-entry     usage_count=13
> [  244.006739] NVRM: GPU 0000:04:00.0: AORUS Lever M-recover [CLOSE]: site=pre-stop        usage_count=13
> [  244.006740] NVRM: GPU 0000:04:00.0: AORUS Lever M-recover [CLOSE]: site=close-exit      usage_count=12
> [  244.013809] NVRM: GPU 0000:04:00.0: AORUS Lever M-recover [CLOSE]: site=close-entry     usage_count=12
> [  244.013811] NVRM: GPU 0000:04:00.0: AORUS Lever M-recover [CLOSE]: site=pre-stop        usage_count=12
> [  244.013812] NVRM: GPU 0000:04:00.0: AORUS Lever M-recover [CLOSE]: site=close-exit      usage_count=11
> [  244.018228] NVRM: GPU 0000:04:00.0: AORUS Lever M-recover [CLOSE]: site=close-entry     usage_count=11
> [  244.018236] NVRM: GPU 0000:04:00.0: AORUS Lever M-recover [CLOSE]: site=pre-stop        usage_count=11
> [  244.018238] NVRM: GPU 0000:04:00.0: AORUS Lever M-recover [CLOSE]: site=close-exit      usage_count=10
> [  244.018240] NVRM: GPU 0000:04:00.0: AORUS Lever M-recover [CLOSE]: site=close-entry     usage_count=10
> [  244.018240] NVRM: GPU 0000:04:00.0: AORUS Lever M-recover [CLOSE]: site=pre-stop        usage_count=10
> [  244.018241] NVRM: GPU 0000:04:00.0: AORUS Lever M-recover [CLOSE]: site=close-exit      usage_count=9
> [  244.018242] NVRM: GPU 0000:04:00.0: AORUS Lever M-recover [CLOSE]: site=close-entry     usage_count=9
> [  244.018243] NVRM: GPU 0000:04:00.0: AORUS Lever M-recover [CLOSE]: site=pre-stop        usage_count=9
> [  244.018244] NVRM: GPU 0000:04:00.0: AORUS Lever M-recover [CLOSE]: site=close-exit      usage_count=8
> [  244.018245] NVRM: GPU 0000:04:00.0: AORUS Lever M-recover [CLOSE]: site=close-entry     usage_count=8
> [  244.018246] NVRM: GPU 0000:04:00.0: AORUS Lever M-recover [CLOSE]: site=pre-stop        usage_count=8
> [  244.018246] NVRM: GPU 0000:04:00.0: AORUS Lever M-recover [CLOSE]: site=close-exit      usage_count=7
> [  244.018248] nvidia-uvm: AORUS UVM [CLOSE]: site=uvm-release-entry  fd_count=2
> [  244.019421] nvidia-uvm: AORUS UVM [CLOSE]: site=uvm-release-exit   fd_count=1
> [  244.019432] nvidia-uvm: AORUS UVM [CLOSE]: site=uvm-release-entry  fd_count=1 (LAST-CLOSE)
> [  244.019503] AORUS Lever M-recover [UVM-DIAG]: site=uvm-release-entry  pdev=0000:04:00.0 bar0=0x80000000 PMC_BOOT_0=0x1b2000a1 WPR2=0x07f4a000 WPR2_up=YES parent=0000:03:00.0 GPU_LnkSta=0x1043(Speed=3 Width=x4 Active=N) Br_LnkSta=0x7043(Speed=3 Width=x4 Active=Y) GPU_AER_Unc=0x00000000 Cor=0x00000000 Br_AER_Unc=0x00000000 Cor=0x00000001
> [  244.019574] nvidia-uvm: AORUS UVM [CLOSE]: site=uvm-pre-destroy    fd_count=1 (LAST-CLOSE)
> [  244.019619] AORUS Lever M-recover [UVM-DIAG]: site=uvm-pre-destroy    pdev=0000:04:00.0 bar0=0x80000000 PMC_BOOT_0=0x1b2000a1 WPR2=0x07f4a000 WPR2_up=YES parent=0000:03:00.0 GPU_LnkSta=0x1043(Speed=3 Width=x4 Active=N) Br_LnkSta=0x7043(Speed=3 Width=x4 Active=Y) GPU_AER_Unc=0x00000000 Cor=0x00000000 Br_AER_Unc=0x00000000 Cor=0x00000001
> [  244.096360] nvidia-uvm: AORUS UVM [CLOSE]: site=uvm-post-destroy   fd_count=1 (LAST-CLOSE)
> [  244.096437] AORUS Lever M-recover [UVM-DIAG]: site=uvm-post-destroy   pdev=0000:04:00.0 bar0=0x80000000 PMC_BOOT_0=0x1b2000a1 WPR2=0x07f4a000 WPR2_up=YES parent=0000:03:00.0 GPU_LnkSta=0x1043(Speed=3 Width=x4 Active=N) Br_LnkSta=0x7043(Speed=3 Width=x4 Active=Y) GPU_AER_Unc=0x00000000 Cor=0x00000000 Br_AER_Unc=0x00000000 Cor=0x00000001
> [  244.096508] nvidia-uvm: AORUS UVM [CLOSE]: site=uvm-release-exit   fd_count=0 (LAST-CLOSE)
> [  244.096553] AORUS Lever M-recover [UVM-DIAG]: site=uvm-release-exit   pdev=0000:04:00.0 bar0=0x80000000 PMC_BOOT_0=0x1b2000a1 WPR2=0x07f4a000 WPR2_up=YES parent=0000:03:00.0 GPU_LnkSta=0x1043(Speed=3 Width=x4 Active=N) Br_LnkSta=0x7043(Speed=3 Width=x4 Active=Y) GPU_AER_Unc=0x00000000 Cor=0x00000000 Br_AER_Unc=0x00000000 Cor=0x00000001
> [  244.096632] NVRM: GPU 0000:04:00.0: AORUS Lever M-recover [CLOSE]: site=close-entry     usage_count=6
> [  244.096634] NVRM: GPU 0000:04:00.0: AORUS Lever M-recover [CLOSE]: site=pre-stop        usage_count=6
> [  244.096635] NVRM: GPU 0000:04:00.0: AORUS Lever M-recover [CLOSE]: site=close-exit      usage_count=5
> [  244.096638] NVRM: GPU 0000:04:00.0: AORUS Lever M-recover [CLOSE]: site=close-entry     usage_count=5
> [  244.096639] NVRM: GPU 0000:04:00.0: AORUS Lever M-recover [CLOSE]: site=pre-stop        usage_count=5
> [  244.096639] NVRM: GPU 0000:04:00.0: AORUS Lever M-recover [CLOSE]: site=close-exit      usage_count=4
