> [  706.555634] NVRM: GPU 0000:04:00.0: AORUS Lever M-recover [DIAG]: site=startdev-entry     bar0=0x80000000 PMC_BOOT_0=0x1b2000a1 WPR2=0x00000000 WPR2_up=no parent=0000:03:00.0 GPU_LnkSta=0x1041(Speed=1 Width=x4 Active=N LBMS=0 LABS=0) GPU_LnkCtl=0x0040(ASPM=0 ClkPM=0) Br_LnkSta=0x7041(Speed=1 Width=x4 Active=Y LBMS=1 LABS=0) Br_LnkCtl=0x0c40(ASPM=0 ClkPM=0) GPU_AER_Unc=0x00000000 Cor=0x00000000 Br_AER_Unc=0x00000000 Cor=0x00000001
> [  706.555652] NVRM: GPU 0000:04:00.0: AORUS Lever M-recover [DIAG-AER2]: site=startdev-entry     Br_UncMsk=0x00000000 Br_CorMsk=0x00002000 Root=0000:00:07.0 Root_LnkSta=0x3041 Root_UESta=0x00000000 Root_UEMsk=0x00000000 Root_CESta=0x00000000 Root_CEMsk=0x00002000 Root_RootSta=0x00000000 DPC=absent
> [  706.556606] NVRM: GPU 0000:04:00.0: AORUS Lever M-recover [DIAG]: site=pre-rmInit         bar0=0x80000000 PMC_BOOT_0=0x1b2000a1 WPR2=0x00000000 WPR2_up=no parent=0000:03:00.0 GPU_LnkSta=0x1041(Speed=1 Width=x4 Active=N LBMS=0 LABS=0) GPU_LnkCtl=0x0040(ASPM=0 ClkPM=0) Br_LnkSta=0x7041(Speed=1 Width=x4 Active=Y LBMS=1 LABS=0) Br_LnkCtl=0x0c40(ASPM=0 ClkPM=0) GPU_AER_Unc=0x00000000 Cor=0x00000000 Br_AER_Unc=0x00000000 Cor=0x00000001
> [  706.556620] NVRM: GPU 0000:04:00.0: AORUS Lever M-recover [DIAG-AER2]: site=pre-rmInit         Br_UncMsk=0x00000000 Br_CorMsk=0x00002000 Root=0000:00:07.0 Root_LnkSta=0x3041 Root_UESta=0x00000000 Root_UEMsk=0x00000000 Root_CESta=0x00000000 Root_CEMsk=0x00002000 Root_RootSta=0x00000000 DPC=absent
> [  707.882187] NVRM: GPU 0000:04:00.0: AORUS Lever M-recover [DIAG]: site=post-rmInit-OK     bar0=0x80000000 PMC_BOOT_0=0x1b2000a1 WPR2=0x07f4a000 WPR2_up=YES parent=0000:03:00.0 GPU_LnkSta=0x1043(Speed=3 Width=x4 Active=N LBMS=0 LABS=0) GPU_LnkCtl=0x0040(ASPM=0 ClkPM=0) Br_LnkSta=0x7043(Speed=3 Width=x4 Active=Y LBMS=1 LABS=0) Br_LnkCtl=0x0c40(ASPM=0 ClkPM=0) GPU_AER_Unc=0x00000000 Cor=0x00000000 Br_AER_Unc=0x00000000 Cor=0x00000001
> [  707.882209] NVRM: GPU 0000:04:00.0: AORUS Lever M-recover [DIAG-AER2]: site=post-rmInit-OK     Br_UncMsk=0x00000000 Br_CorMsk=0x00002000 Root=0000:00:07.0 Root_LnkSta=0x3041 Root_UESta=0x00000000 Root_UEMsk=0x00000000 Root_CESta=0x00000000 Root_CEMsk=0x00002000 Root_RootSta=0x00000000 DPC=absent
> [  707.889848] NVRM: GPU 0000:04:00.0: AORUS Lever M-recover [CLOSE]: site=close-entry     usage_count=3
> [  707.889852] NVRM: GPU 0000:04:00.0: AORUS Lever M-recover [CLOSE]: site=pre-stop        usage_count=3
> [  707.889853] NVRM: GPU 0000:04:00.0: AORUS Lever M-recover [CLOSE]: site=close-exit      usage_count=2
> [  707.890340] NVRM: GPU 0000:04:00.0: AORUS Lever M-recover [CLOSE]: site=close-entry     usage_count=2
> [  707.890341] NVRM: GPU 0000:04:00.0: AORUS Lever M-recover [CLOSE]: site=pre-stop        usage_count=2
> [  707.890342] NVRM: GPU 0000:04:00.0: AORUS Lever M-recover [CLOSE]: site=close-exit      usage_count=1
> [  707.890345] NVRM: GPU 0000:04:00.0: AORUS Lever M-recover [CLOSE]: site=close-entry     usage_count=1 (LAST-CLOSE)
> [  707.890413] NVRM: GPU 0000:04:00.0: AORUS Lever M-recover [DIAG]: site=close-entry        bar0=0x80000000 PMC_BOOT_0=0x1b2000a1 WPR2=0x07f4a000 WPR2_up=YES parent=0000:03:00.0 GPU_LnkSta=0x1043(Speed=3 Width=x4 Active=N LBMS=0 LABS=0) GPU_LnkCtl=0x0040(ASPM=0 ClkPM=0) Br_LnkSta=0x7043(Speed=3 Width=x4 Active=Y LBMS=1 LABS=0) Br_LnkCtl=0x0c40(ASPM=0 ClkPM=0) GPU_AER_Unc=0x00000000 Cor=0x00000000 Br_AER_Unc=0x00000000 Cor=0x00000001
> [  707.890428] NVRM: GPU 0000:04:00.0: AORUS Lever M-recover [DIAG-AER2]: site=close-entry        Br_UncMsk=0x00000000 Br_CorMsk=0x00002000 Root=0000:00:07.0 Root_LnkSta=0x3041 Root_UESta=0x00000000 Root_UEMsk=0x00000000 Root_CESta=0x00000000 Root_CEMsk=0x00002000 Root_RootSta=0x00000000 DPC=absent
> [  707.890496] NVRM: GPU 0000:04:00.0: AORUS Lever M-recover [CLOSE]: site=pre-stop        usage_count=1 (LAST-CLOSE)
> [  707.890558] NVRM: GPU 0000:04:00.0: AORUS Lever M-recover [DIAG]: site=pre-stop           bar0=0x80000000 PMC_BOOT_0=0x1b2000a1 WPR2=0x07f4a000 WPR2_up=YES parent=0000:03:00.0 GPU_LnkSta=0x1043(Speed=3 Width=x4 Active=N LBMS=0 LABS=0) GPU_LnkCtl=0x0040(ASPM=0 ClkPM=0) Br_LnkSta=0x7043(Speed=3 Width=x4 Active=Y LBMS=1 LABS=0) Br_LnkCtl=0x0c40(ASPM=0 ClkPM=0) GPU_AER_Unc=0x00000000 Cor=0x00000000 Br_AER_Unc=0x00000000 Cor=0x00000001
> [  707.890572] NVRM: GPU 0000:04:00.0: AORUS Lever M-recover [DIAG-AER2]: site=pre-stop           Br_UncMsk=0x00000000 Br_CorMsk=0x00002000 Root=0000:00:07.0 Root_LnkSta=0x3041 Root_UESta=0x00000000 Root_UEMsk=0x00000000 Root_CESta=0x00000000 Root_CEMsk=0x00002000 Root_RootSta=0x00000000 DPC=absent
> [  708.501750] NVRM: GPU 0000:04:00.0: AORUS Lever M-recover [CLOSE]: site=post-shutdown   usage_count=0 (LAST-CLOSE)
> [  708.501860] NVRM: GPU 0000:04:00.0: AORUS Lever M-recover [DIAG]: site=post-shutdown      bar0=0x80000000 PMC_BOOT_0=0x1b2000a1 WPR2=0x00000000 WPR2_up=no parent=0000:03:00.0 GPU_LnkSta=0x1041(Speed=1 Width=x4 Active=N LBMS=0 LABS=0) GPU_LnkCtl=0x0040(ASPM=0 ClkPM=0) Br_LnkSta=0x7041(Speed=1 Width=x4 Active=Y LBMS=1 LABS=0) Br_LnkCtl=0x0c40(ASPM=0 ClkPM=0) GPU_AER_Unc=0x00000000 Cor=0x00000000 Br_AER_Unc=0x00000000 Cor=0x00000001
> [  708.501876] NVRM: GPU 0000:04:00.0: AORUS Lever M-recover [DIAG-AER2]: site=post-shutdown      Br_UncMsk=0x00000000 Br_CorMsk=0x00002000 Root=0000:00:07.0 Root_LnkSta=0x3041 Root_UESta=0x00000000 Root_UEMsk=0x00000000 Root_CESta=0x00000000 Root_CEMsk=0x00002000 Root_RootSta=0x00000000 DPC=absent
> [  708.501975] NVRM: GPU 0000:04:00.0: AORUS Lever M-recover [CLOSE]: site=close-exit      usage_count=0 (LAST-CLOSE)
> [  708.502065] NVRM: GPU 0000:04:00.0: AORUS Lever M-recover [DIAG]: site=close-exit         bar0=0x80000000 PMC_BOOT_0=0x1b2000a1 WPR2=0x00000000 WPR2_up=no parent=0000:03:00.0 GPU_LnkSta=0x1041(Speed=1 Width=x4 Active=N LBMS=0 LABS=0) GPU_LnkCtl=0x0040(ASPM=0 ClkPM=0) Br_LnkSta=0x7041(Speed=1 Width=x4 Active=Y LBMS=1 LABS=0) Br_LnkCtl=0x0c40(ASPM=0 ClkPM=0) GPU_AER_Unc=0x00000000 Cor=0x00000000 Br_AER_Unc=0x00000000 Cor=0x00000001
> [  708.502078] NVRM: GPU 0000:04:00.0: AORUS Lever M-recover [DIAG-AER2]: site=close-exit         Br_UncMsk=0x00000000 Br_CorMsk=0x00002000 Root=0000:00:07.0 Root_LnkSta=0x3041 Root_UESta=0x00000000 Root_UEMsk=0x00000000 Root_CESta=0x00000000 Root_CEMsk=0x00002000 Root_RootSta=0x00000000 DPC=absent
